[35m[1mConsolidate compiler generated dependencies of target car_control_node[0m
[ 25%] [32mBuilding CXX object CMakeFiles/car_control_node.dir/src/car_control_node.cpp.o[0m
[01m[K/home/leasch/pivoane/raspberryPI3/ros2_ws/src/car_control/src/car_control_node.cpp:[m[K In member function ‘[01m[Kvoid car_control::updateCmd()[m[K’:
[01m[K/home/leasch/pivoane/raspberryPI3/ros2_ws/src/car_control/src/car_control_node.cpp:141:17:[m[K [01;35m[Kwarning: [m[K‘[01m[Ki[m[K’ may be used uninitialized [[01;35m[K]8;;https://gcc.gnu.org/onlinedocs/gcc/Warning-Options.html#index-Wmaybe-uninitialized-Wmaybe-uninitialized]8;;[m[K]
  141 |                 [01;35m[Kif[m[K(i<=100){
      |                 [01;35m[K^~[m[K
[ 50%] [32m[1mLinking CXX executable car_control_node[0m
[100%] Built target car_control_node
-- Install configuration: ""
-- Installing: /home/leasch/pivoane/raspberryPI3/ros2_ws/install/car_control/lib/car_control/car_control_node
-- Set runtime path of "/home/leasch/pivoane/raspberryPI3/ros2_ws/install/car_control/lib/car_control/car_control_node" to ""
-- Installing: /home/leasch/pivoane/raspberryPI3/ros2_ws/install/car_control/share/ament_index/resource_index/package_run_dependencies/car_control
-- Installing: /home/leasch/pivoane/raspberryPI3/ros2_ws/install/car_control/share/ament_index/resource_index/parent_prefix_path/car_control
-- Installing: /home/leasch/pivoane/raspberryPI3/ros2_ws/install/car_control/share/car_control/environment/ament_prefix_path.sh
-- Installing: /home/leasch/pivoane/raspberryPI3/ros2_ws/install/car_control/share/car_control/environment/ament_prefix_path.dsv
-- Installing: /home/leasch/pivoane/raspberryPI3/ros2_ws/install/car_control/share/car_control/environment/path.sh
-- Installing: /home/leasch/pivoane/raspberryPI3/ros2_ws/install/car_control/share/car_control/environment/path.dsv
-- Installing: /home/leasch/pivoane/raspberryPI3/ros2_ws/install/car_control/share/car_control/local_setup.bash
-- Installing: /home/leasch/pivoane/raspberryPI3/ros2_ws/install/car_control/share/car_control/local_setup.sh
-- Installing: /home/leasch/pivoane/raspberryPI3/ros2_ws/install/car_control/share/car_control/local_setup.zsh
-- Installing: /home/leasch/pivoane/raspberryPI3/ros2_ws/install/car_control/share/car_control/local_setup.dsv
-- Installing: /home/leasch/pivoane/raspberryPI3/ros2_ws/install/car_control/share/car_control/package.dsv
-- Installing: /home/leasch/pivoane/raspberryPI3/ros2_ws/install/car_control/share/ament_index/resource_index/packages/car_control
-- Installing: /home/leasch/pivoane/raspberryPI3/ros2_ws/install/car_control/share/car_control/cmake/ament_cmake_export_include_directories-extras.cmake
-- Installing: /home/leasch/pivoane/raspberryPI3/ros2_ws/install/car_control/share/car_control/cmake/car_controlConfig.cmake
-- Installing: /home/leasch/pivoane/raspberryPI3/ros2_ws/install/car_control/share/car_control/cmake/car_controlConfig-version.cmake
-- Installing: /home/leasch/pivoane/raspberryPI3/ros2_ws/install/car_control/share/car_control/package.xml
