[0.124s] Invoking command in '/home/leasch/pivoane/raspberryPI3/ros2_ws/build/car_control': AMENT_PREFIX_PATH=/home/leasch/pivoane/raspberryPI3/ros2_ws/install/interfaces:${AMENT_PREFIX_PATH} CMAKE_PREFIX_PATH=/home/leasch/pivoane/raspberryPI3/ros2_ws/install/interfaces:/opt/ros/humble LD_LIBRARY_PATH=/home/leasch/pivoane/raspberryPI3/ros2_ws/install/interfaces/lib:${LD_LIBRARY_PATH} PYTHONPATH=/home/leasch/pivoane/raspberryPI3/ros2_ws/install/interfaces/local/lib/python3.10/dist-packages:${PYTHONPATH} /usr/bin/cmake --build /home/leasch/pivoane/raspberryPI3/ros2_ws/build/car_control -- -j8 -l8
[0.149s] [35m[1mConsolidate compiler generated dependencies of target car_control_node[0m
[0.161s] [ 25%] [32mBuilding CXX object CMakeFiles/car_control_node.dir/src/car_control_node.cpp.o[0m
[5.869s] [01m[K/home/leasch/pivoane/raspberryPI3/ros2_ws/src/car_control/src/car_control_node.cpp:[m[K In member function ‘[01m[Kvoid car_control::updateCmd()[m[K’:
[5.869s] [01m[K/home/leasch/pivoane/raspberryPI3/ros2_ws/src/car_control/src/car_control_node.cpp:141:17:[m[K [01;35m[Kwarning: [m[K‘[01m[Ki[m[K’ may be used uninitialized [[01;35m[K]8;;https://gcc.gnu.org/onlinedocs/gcc/Warning-Options.html#index-Wmaybe-uninitialized-Wmaybe-uninitialized]8;;[m[K]
[5.869s]   141 |                 [01;35m[Kif[m[K(i<=100){
[5.870s]       |                 [01;35m[K^~[m[K
[10.842s] [ 50%] [32m[1mLinking CXX executable car_control_node[0m
[11.622s] [100%] Built target car_control_node
[11.629s] Invoked command in '/home/leasch/pivoane/raspberryPI3/ros2_ws/build/car_control' returned '0': AMENT_PREFIX_PATH=/home/leasch/pivoane/raspberryPI3/ros2_ws/install/interfaces:${AMENT_PREFIX_PATH} CMAKE_PREFIX_PATH=/home/leasch/pivoane/raspberryPI3/ros2_ws/install/interfaces:/opt/ros/humble LD_LIBRARY_PATH=/home/leasch/pivoane/raspberryPI3/ros2_ws/install/interfaces/lib:${LD_LIBRARY_PATH} PYTHONPATH=/home/leasch/pivoane/raspberryPI3/ros2_ws/install/interfaces/local/lib/python3.10/dist-packages:${PYTHONPATH} /usr/bin/cmake --build /home/leasch/pivoane/raspberryPI3/ros2_ws/build/car_control -- -j8 -l8
[11.658s] Invoking command in '/home/leasch/pivoane/raspberryPI3/ros2_ws/build/car_control': AMENT_PREFIX_PATH=/home/leasch/pivoane/raspberryPI3/ros2_ws/install/interfaces:${AMENT_PREFIX_PATH} CMAKE_PREFIX_PATH=/home/leasch/pivoane/raspberryPI3/ros2_ws/install/interfaces:/opt/ros/humble LD_LIBRARY_PATH=/home/leasch/pivoane/raspberryPI3/ros2_ws/install/interfaces/lib:${LD_LIBRARY_PATH} PYTHONPATH=/home/leasch/pivoane/raspberryPI3/ros2_ws/install/interfaces/local/lib/python3.10/dist-packages:${PYTHONPATH} /usr/bin/cmake --install /home/leasch/pivoane/raspberryPI3/ros2_ws/build/car_control
[11.662s] -- Install configuration: ""
[11.663s] -- Installing: /home/leasch/pivoane/raspberryPI3/ros2_ws/install/car_control/lib/car_control/car_control_node
[11.667s] -- Set runtime path of "/home/leasch/pivoane/raspberryPI3/ros2_ws/install/car_control/lib/car_control/car_control_node" to ""
[11.667s] -- Installing: /home/leasch/pivoane/raspberryPI3/ros2_ws/install/car_control/share/ament_index/resource_index/package_run_dependencies/car_control
[11.667s] -- Installing: /home/leasch/pivoane/raspberryPI3/ros2_ws/install/car_control/share/ament_index/resource_index/parent_prefix_path/car_control
[11.668s] -- Installing: /home/leasch/pivoane/raspberryPI3/ros2_ws/install/car_control/share/car_control/environment/ament_prefix_path.sh
[11.668s] -- Installing: /home/leasch/pivoane/raspberryPI3/ros2_ws/install/car_control/share/car_control/environment/ament_prefix_path.dsv
[11.668s] -- Installing: /home/leasch/pivoane/raspberryPI3/ros2_ws/install/car_control/share/car_control/environment/path.sh
[11.668s] -- Installing: /home/leasch/pivoane/raspberryPI3/ros2_ws/install/car_control/share/car_control/environment/path.dsv
[11.668s] -- Installing: /home/leasch/pivoane/raspberryPI3/ros2_ws/install/car_control/share/car_control/local_setup.bash
[11.669s] -- Installing: /home/leasch/pivoane/raspberryPI3/ros2_ws/install/car_control/share/car_control/local_setup.sh
[11.669s] -- Installing: /home/leasch/pivoane/raspberryPI3/ros2_ws/install/car_control/share/car_control/local_setup.zsh
[11.669s] -- Installing: /home/leasch/pivoane/raspberryPI3/ros2_ws/install/car_control/share/car_control/local_setup.dsv
[11.669s] -- Installing: /home/leasch/pivoane/raspberryPI3/ros2_ws/install/car_control/share/car_control/package.dsv
[11.669s] -- Installing: /home/leasch/pivoane/raspberryPI3/ros2_ws/install/car_control/share/ament_index/resource_index/packages/car_control
[11.669s] -- Installing: /home/leasch/pivoane/raspberryPI3/ros2_ws/install/car_control/share/car_control/cmake/ament_cmake_export_include_directories-extras.cmake
[11.669s] -- Installing: /home/leasch/pivoane/raspberryPI3/ros2_ws/install/car_control/share/car_control/cmake/car_controlConfig.cmake
[11.669s] -- Installing: /home/leasch/pivoane/raspberryPI3/ros2_ws/install/car_control/share/car_control/cmake/car_controlConfig-version.cmake
[11.669s] -- Installing: /home/leasch/pivoane/raspberryPI3/ros2_ws/install/car_control/share/car_control/package.xml
[11.671s] Invoked command in '/home/leasch/pivoane/raspberryPI3/ros2_ws/build/car_control' returned '0': AMENT_PREFIX_PATH=/home/leasch/pivoane/raspberryPI3/ros2_ws/install/interfaces:${AMENT_PREFIX_PATH} CMAKE_PREFIX_PATH=/home/leasch/pivoane/raspberryPI3/ros2_ws/install/interfaces:/opt/ros/humble LD_LIBRARY_PATH=/home/leasch/pivoane/raspberryPI3/ros2_ws/install/interfaces/lib:${LD_LIBRARY_PATH} PYTHONPATH=/home/leasch/pivoane/raspberryPI3/ros2_ws/install/interfaces/local/lib/python3.10/dist-packages:${PYTHONPATH} /usr/bin/cmake --install /home/leasch/pivoane/raspberryPI3/ros2_ws/build/car_control
