[0.005s] Invoking command in '/home/sonia/ros2_ws/src/build/serial_comm1': CMAKE_PREFIX_PATH=${CMAKE_PREFIX_PATH}:/opt/ros/humble /usr/bin/cmake --build /home/sonia/ros2_ws/src/build/serial_comm1 -- -j1 -l1
[0.055s] [35m[1mConsolidate compiler generated dependencies of target talker[0m
[0.076s] [ 25%] [32mBuilding CXX object CMakeFiles/talker.dir/src/serial_publisher.cpp.o[0m
[8.820s] [ 50%] [32m[1mLinking CXX executable talker[0m
[9.035s] [ 50%] Built target talker
[9.099s] [100%] Built target listener
[9.121s] Invoked command in '/home/sonia/ros2_ws/src/build/serial_comm1' returned '0': CMAKE_PREFIX_PATH=${CMAKE_PREFIX_PATH}:/opt/ros/humble /usr/bin/cmake --build /home/sonia/ros2_ws/src/build/serial_comm1 -- -j1 -l1
[9.202s] Invoking command in '/home/sonia/ros2_ws/src/build/serial_comm1': CMAKE_PREFIX_PATH=${CMAKE_PREFIX_PATH}:/opt/ros/humble /usr/bin/cmake --install /home/sonia/ros2_ws/src/build/serial_comm1
[9.223s] -- Install configuration: ""
[9.223s] -- Installing: /home/sonia/ros2_ws/src/install/serial_comm1/lib/serial_comm1/talker
[9.236s] -- Set runtime path of "/home/sonia/ros2_ws/src/install/serial_comm1/lib/serial_comm1/talker" to ""
[9.236s] -- Up-to-date: /home/sonia/ros2_ws/src/install/serial_comm1/lib/serial_comm1/listener
[9.236s] -- Up-to-date: /home/sonia/ros2_ws/src/install/serial_comm1/share/ament_index/resource_index/package_run_dependencies/serial_comm1
[9.236s] -- Up-to-date: /home/sonia/ros2_ws/src/install/serial_comm1/share/ament_index/resource_index/parent_prefix_path/serial_comm1
[9.237s] -- Up-to-date: /home/sonia/ros2_ws/src/install/serial_comm1/share/serial_comm1/environment/ament_prefix_path.sh
[9.237s] -- Up-to-date: /home/sonia/ros2_ws/src/install/serial_comm1/share/serial_comm1/environment/ament_prefix_path.dsv
[9.237s] -- Up-to-date: /home/sonia/ros2_ws/src/install/serial_comm1/share/serial_comm1/environment/path.sh
[9.237s] -- Up-to-date: /home/sonia/ros2_ws/src/install/serial_comm1/share/serial_comm1/environment/path.dsv
[9.237s] -- Up-to-date: /home/sonia/ros2_ws/src/install/serial_comm1/share/serial_comm1/local_setup.bash
[9.238s] -- Up-to-date: /home/sonia/ros2_ws/src/install/serial_comm1/share/serial_comm1/local_setup.sh
[9.240s] -- Up-to-date: /home/sonia/ros2_ws/src/install/serial_comm1/share/serial_comm1/local_setup.zsh
[9.240s] -- Up-to-date: /home/sonia/ros2_ws/src/install/serial_comm1/share/serial_comm1/local_setup.dsv
[9.240s] -- Installing: /home/sonia/ros2_ws/src/install/serial_comm1/share/serial_comm1/package.dsv
[9.242s] -- Up-to-date: /home/sonia/ros2_ws/src/install/serial_comm1/share/ament_index/resource_index/packages/serial_comm1
[9.243s] -- Up-to-date: /home/sonia/ros2_ws/src/install/serial_comm1/share/serial_comm1/cmake/serial_comm1Config.cmake
[9.243s] -- Up-to-date: /home/sonia/ros2_ws/src/install/serial_comm1/share/serial_comm1/cmake/serial_comm1Config-version.cmake
[9.243s] -- Up-to-date: /home/sonia/ros2_ws/src/install/serial_comm1/share/serial_comm1/package.xml
[9.247s] Invoked command in '/home/sonia/ros2_ws/src/build/serial_comm1' returned '0': CMAKE_PREFIX_PATH=${CMAKE_PREFIX_PATH}:/opt/ros/humble /usr/bin/cmake --install /home/sonia/ros2_ws/src/build/serial_comm1
