[0.140s] Invoking command in '/home/leasch/pivoane/raspberryPI3/ros2_ws/build/can': AMENT_PREFIX_PATH=/home/leasch/pivoane/raspberryPI3/ros2_ws/install/interfaces:${AMENT_PREFIX_PATH} CMAKE_PREFIX_PATH=/home/leasch/pivoane/raspberryPI3/ros2_ws/install/interfaces:/opt/ros/humble LD_LIBRARY_PATH=/home/leasch/pivoane/raspberryPI3/ros2_ws/install/interfaces/lib:${LD_LIBRARY_PATH} PYTHONPATH=/home/leasch/pivoane/raspberryPI3/ros2_ws/install/interfaces/local/lib/python3.10/dist-packages:${PYTHONPATH} /usr/bin/cmake --build /home/leasch/pivoane/raspberryPI3/ros2_ws/build/can -- -j8 -l8
[0.165s] [35m[1mConsolidate compiler generated dependencies of target can_tx_node[0m
[0.165s] [35m[1mConsolidate compiler generated dependencies of target can_rx_node[0m
[0.176s] [ 50%] Built target can_tx_node
[0.178s] [100%] Built target can_rx_node
[0.187s] Invoked command in '/home/leasch/pivoane/raspberryPI3/ros2_ws/build/can' returned '0': AMENT_PREFIX_PATH=/home/leasch/pivoane/raspberryPI3/ros2_ws/install/interfaces:${AMENT_PREFIX_PATH} CMAKE_PREFIX_PATH=/home/leasch/pivoane/raspberryPI3/ros2_ws/install/interfaces:/opt/ros/humble LD_LIBRARY_PATH=/home/leasch/pivoane/raspberryPI3/ros2_ws/install/interfaces/lib:${LD_LIBRARY_PATH} PYTHONPATH=/home/leasch/pivoane/raspberryPI3/ros2_ws/install/interfaces/local/lib/python3.10/dist-packages:${PYTHONPATH} /usr/bin/cmake --build /home/leasch/pivoane/raspberryPI3/ros2_ws/build/can -- -j8 -l8
[0.217s] Invoking command in '/home/leasch/pivoane/raspberryPI3/ros2_ws/build/can': AMENT_PREFIX_PATH=/home/leasch/pivoane/raspberryPI3/ros2_ws/install/interfaces:${AMENT_PREFIX_PATH} CMAKE_PREFIX_PATH=/home/leasch/pivoane/raspberryPI3/ros2_ws/install/interfaces:/opt/ros/humble LD_LIBRARY_PATH=/home/leasch/pivoane/raspberryPI3/ros2_ws/install/interfaces/lib:${LD_LIBRARY_PATH} PYTHONPATH=/home/leasch/pivoane/raspberryPI3/ros2_ws/install/interfaces/local/lib/python3.10/dist-packages:${PYTHONPATH} /usr/bin/cmake --install /home/leasch/pivoane/raspberryPI3/ros2_ws/build/can
[0.221s] -- Install configuration: ""
[0.221s] -- Up-to-date: /home/leasch/pivoane/raspberryPI3/ros2_ws/install/can/lib/can/can_rx_node
[0.221s] -- Up-to-date: /home/leasch/pivoane/raspberryPI3/ros2_ws/install/can/lib/can/can_tx_node
[0.222s] -- Up-to-date: /home/leasch/pivoane/raspberryPI3/ros2_ws/install/can/share/ament_index/resource_index/package_run_dependencies/can
[0.222s] -- Up-to-date: /home/leasch/pivoane/raspberryPI3/ros2_ws/install/can/share/ament_index/resource_index/parent_prefix_path/can
[0.222s] -- Up-to-date: /home/leasch/pivoane/raspberryPI3/ros2_ws/install/can/share/can/environment/ament_prefix_path.sh
[0.222s] -- Up-to-date: /home/leasch/pivoane/raspberryPI3/ros2_ws/install/can/share/can/environment/ament_prefix_path.dsv
[0.222s] -- Up-to-date: /home/leasch/pivoane/raspberryPI3/ros2_ws/install/can/share/can/environment/path.sh
[0.222s] -- Up-to-date: /home/leasch/pivoane/raspberryPI3/ros2_ws/install/can/share/can/environment/path.dsv
[0.222s] -- Up-to-date: /home/leasch/pivoane/raspberryPI3/ros2_ws/install/can/share/can/local_setup.bash
[0.222s] -- Up-to-date: /home/leasch/pivoane/raspberryPI3/ros2_ws/install/can/share/can/local_setup.sh
[0.222s] -- Up-to-date: /home/leasch/pivoane/raspberryPI3/ros2_ws/install/can/share/can/local_setup.zsh
[0.222s] -- Up-to-date: /home/leasch/pivoane/raspberryPI3/ros2_ws/install/can/share/can/local_setup.dsv
[0.222s] -- Installing: /home/leasch/pivoane/raspberryPI3/ros2_ws/install/can/share/can/package.dsv
[0.222s] -- Up-to-date: /home/leasch/pivoane/raspberryPI3/ros2_ws/install/can/share/ament_index/resource_index/packages/can
[0.222s] -- Up-to-date: /home/leasch/pivoane/raspberryPI3/ros2_ws/install/can/share/can/cmake/canConfig.cmake
[0.222s] -- Up-to-date: /home/leasch/pivoane/raspberryPI3/ros2_ws/install/can/share/can/cmake/canConfig-version.cmake
[0.222s] -- Up-to-date: /home/leasch/pivoane/raspberryPI3/ros2_ws/install/can/share/can/package.xml
[0.224s] Invoked command in '/home/leasch/pivoane/raspberryPI3/ros2_ws/build/can' returned '0': AMENT_PREFIX_PATH=/home/leasch/pivoane/raspberryPI3/ros2_ws/install/interfaces:${AMENT_PREFIX_PATH} CMAKE_PREFIX_PATH=/home/leasch/pivoane/raspberryPI3/ros2_ws/install/interfaces:/opt/ros/humble LD_LIBRARY_PATH=/home/leasch/pivoane/raspberryPI3/ros2_ws/install/interfaces/lib:${LD_LIBRARY_PATH} PYTHONPATH=/home/leasch/pivoane/raspberryPI3/ros2_ws/install/interfaces/local/lib/python3.10/dist-packages:${PYTHONPATH} /usr/bin/cmake --install /home/leasch/pivoane/raspberryPI3/ros2_ws/build/can
