[0.004s] Invoking command in '/home/sonia/ros2_ws/build/serial_comm1': CMAKE_PREFIX_PATH=/opt/ros/humble /usr/bin/cmake --build /home/sonia/ros2_ws/build/serial_comm1 -- -j1 -l1
[0.044s] [35m[1mConsolidate compiler generated dependencies of target talker[0m
[0.065s] [ 50%] Built target talker
[0.082s] [35m[1mConsolidate compiler generated dependencies of target listener[0m
[0.105s] [ 75%] [32mBuilding CXX object CMakeFiles/listener.dir/src/serial_subscriber.cpp.o[0m
[12.011s] [100%] [32m[1mLinking CXX executable listener[0m
[12.337s] [100%] Built target listener
[12.359s] Invoked command in '/home/sonia/ros2_ws/build/serial_comm1' returned '0': CMAKE_PREFIX_PATH=/opt/ros/humble /usr/bin/cmake --build /home/sonia/ros2_ws/build/serial_comm1 -- -j1 -l1
[12.413s] Invoking command in '/home/sonia/ros2_ws/build/serial_comm1': CMAKE_PREFIX_PATH=/opt/ros/humble /usr/bin/cmake --install /home/sonia/ros2_ws/build/serial_comm1
[12.433s] -- Install configuration: ""
[12.434s] -- Up-to-date: /home/sonia/ros2_ws/install/serial_comm1/lib/serial_comm1/talker
[12.436s] -- Installing: /home/sonia/ros2_ws/install/serial_comm1/lib/serial_comm1/listener
[12.445s] -- Set runtime path of "/home/sonia/ros2_ws/install/serial_comm1/lib/serial_comm1/listener" to ""
[12.446s] -- Up-to-date: /home/sonia/ros2_ws/install/serial_comm1/share/ament_index/resource_index/package_run_dependencies/serial_comm1
[12.446s] -- Up-to-date: /home/sonia/ros2_ws/install/serial_comm1/share/ament_index/resource_index/parent_prefix_path/serial_comm1
[12.446s] -- Up-to-date: /home/sonia/ros2_ws/install/serial_comm1/share/serial_comm1/environment/ament_prefix_path.sh
[12.447s] -- Up-to-date: /home/sonia/ros2_ws/install/serial_comm1/share/serial_comm1/environment/ament_prefix_path.dsv
[12.447s] -- Up-to-date: /home/sonia/ros2_ws/install/serial_comm1/share/serial_comm1/environment/path.sh
[12.447s] -- Up-to-date: /home/sonia/ros2_ws/install/serial_comm1/share/serial_comm1/environment/path.dsv
[12.447s] -- Up-to-date: /home/sonia/ros2_ws/install/serial_comm1/share/serial_comm1/local_setup.bash
[12.448s] -- Up-to-date: /home/sonia/ros2_ws/install/serial_comm1/share/serial_comm1/local_setup.sh
[12.448s] -- Up-to-date: /home/sonia/ros2_ws/install/serial_comm1/share/serial_comm1/local_setup.zsh
[12.449s] -- Up-to-date: /home/sonia/ros2_ws/install/serial_comm1/share/serial_comm1/local_setup.dsv
[12.450s] -- Installing: /home/sonia/ros2_ws/install/serial_comm1/share/serial_comm1/package.dsv
[12.451s] -- Up-to-date: /home/sonia/ros2_ws/install/serial_comm1/share/ament_index/resource_index/packages/serial_comm1
[12.451s] -- Up-to-date: /home/sonia/ros2_ws/install/serial_comm1/share/serial_comm1/cmake/serial_comm1Config.cmake
[12.451s] -- Up-to-date: /home/sonia/ros2_ws/install/serial_comm1/share/serial_comm1/cmake/serial_comm1Config-version.cmake
[12.451s] -- Up-to-date: /home/sonia/ros2_ws/install/serial_comm1/share/serial_comm1/package.xml
[12.463s] Invoked command in '/home/sonia/ros2_ws/build/serial_comm1' returned '0': CMAKE_PREFIX_PATH=/opt/ros/humble /usr/bin/cmake --install /home/sonia/ros2_ws/build/serial_comm1
