[35m[1mConsolidate compiler generated dependencies of target talker[0m
[ 25%] [32mBuilding CXX object CMakeFiles/talker.dir/src/serial_publisher.cpp.o[0m
[ 50%] [32m[1mLinking CXX executable talker[0m
[ 50%] Built target talker
[ 75%] [32mBuilding CXX object CMakeFiles/listener.dir/src/serial_subscriber.cpp.o[0m
[100%] [32m[1mLinking CXX executable listener[0m
[100%] Built target listener
-- Install configuration: ""
-- Installing: /home/sonia/ros2_ws/src/install/serial_comm/lib/serial_comm/talker
-- Set runtime path of "/home/sonia/ros2_ws/src/install/serial_comm/lib/serial_comm/talker" to ""
-- Installing: /home/sonia/ros2_ws/src/install/serial_comm/lib/serial_comm/listener
-- Set runtime path of "/home/sonia/ros2_ws/src/install/serial_comm/lib/serial_comm/listener" to ""
-- Installing: /home/sonia/ros2_ws/src/install/serial_comm/share/ament_index/resource_index/package_run_dependencies/serial_comm
-- Installing: /home/sonia/ros2_ws/src/install/serial_comm/share/ament_index/resource_index/parent_prefix_path/serial_comm
-- Installing: /home/sonia/ros2_ws/src/install/serial_comm/share/serial_comm/environment/ament_prefix_path.sh
-- Installing: /home/sonia/ros2_ws/src/install/serial_comm/share/serial_comm/environment/ament_prefix_path.dsv
-- Installing: /home/sonia/ros2_ws/src/install/serial_comm/share/serial_comm/environment/path.sh
-- Installing: /home/sonia/ros2_ws/src/install/serial_comm/share/serial_comm/environment/path.dsv
-- Installing: /home/sonia/ros2_ws/src/install/serial_comm/share/serial_comm/local_setup.bash
-- Installing: /home/sonia/ros2_ws/src/install/serial_comm/share/serial_comm/local_setup.sh
-- Installing: /home/sonia/ros2_ws/src/install/serial_comm/share/serial_comm/local_setup.zsh
-- Installing: /home/sonia/ros2_ws/src/install/serial_comm/share/serial_comm/local_setup.dsv
-- Installing: /home/sonia/ros2_ws/src/install/serial_comm/share/serial_comm/package.dsv
-- Installing: /home/sonia/ros2_ws/src/install/serial_comm/share/ament_index/resource_index/packages/serial_comm
-- Installing: /home/sonia/ros2_ws/src/install/serial_comm/share/serial_comm/cmake/serial_commConfig.cmake
-- Installing: /home/sonia/ros2_ws/src/install/serial_comm/share/serial_comm/cmake/serial_commConfig-version.cmake
-- Installing: /home/sonia/ros2_ws/src/install/serial_comm/share/serial_comm/package.xml
