[0.017s] Invoking command in '/home/sonia/ros2_ws/build/serial_comm1': CMAKE_PREFIX_PATH=${CMAKE_PREFIX_PATH}:/opt/ros/humble /usr/bin/cmake --build /home/sonia/ros2_ws/build/serial_comm1 -- -j1 -l1
[0.078s] [35m[1mConsolidate compiler generated dependencies of target talker[0m
[0.096s] [ 25%] [32mBuilding CXX object CMakeFiles/talker.dir/src/serial_publisher.cpp.o[0m
[8.873s] [ 50%] [32m[1mLinking CXX executable talker[0m
[9.009s] [ 50%] Built target talker
[9.049s] [100%] Built target listener
[9.050s] Invoked command in '/home/sonia/ros2_ws/build/serial_comm1' returned '0': CMAKE_PREFIX_PATH=${CMAKE_PREFIX_PATH}:/opt/ros/humble /usr/bin/cmake --build /home/sonia/ros2_ws/build/serial_comm1 -- -j1 -l1
[9.085s] Invoking command in '/home/sonia/ros2_ws/build/serial_comm1': CMAKE_PREFIX_PATH=${CMAKE_PREFIX_PATH}:/opt/ros/humble /usr/bin/cmake --install /home/sonia/ros2_ws/build/serial_comm1
[9.098s] -- Install configuration: ""
[9.098s] -- Installing: /home/sonia/ros2_ws/install/serial_comm1/lib/serial_comm1/talker
[9.101s] -- Set runtime path of "/home/sonia/ros2_ws/install/serial_comm1/lib/serial_comm1/talker" to ""
[9.101s] -- Up-to-date: /home/sonia/ros2_ws/install/serial_comm1/lib/serial_comm1/listener
[9.102s] -- Up-to-date: /home/sonia/ros2_ws/install/serial_comm1/share/ament_index/resource_index/package_run_dependencies/serial_comm1
[9.102s] -- Up-to-date: /home/sonia/ros2_ws/install/serial_comm1/share/ament_index/resource_index/parent_prefix_path/serial_comm1
[9.102s] -- Up-to-date: /home/sonia/ros2_ws/install/serial_comm1/share/serial_comm1/environment/ament_prefix_path.sh
[9.103s] -- Up-to-date: /home/sonia/ros2_ws/install/serial_comm1/share/serial_comm1/environment/ament_prefix_path.dsv
[9.103s] -- Up-to-date: /home/sonia/ros2_ws/install/serial_comm1/share/serial_comm1/environment/path.sh
[9.103s] -- Up-to-date: /home/sonia/ros2_ws/install/serial_comm1/share/serial_comm1/environment/path.dsv
[9.103s] -- Up-to-date: /home/sonia/ros2_ws/install/serial_comm1/share/serial_comm1/local_setup.bash
[9.103s] -- Up-to-date: /home/sonia/ros2_ws/install/serial_comm1/share/serial_comm1/local_setup.sh
[9.103s] -- Up-to-date: /home/sonia/ros2_ws/install/serial_comm1/share/serial_comm1/local_setup.zsh
[9.104s] -- Up-to-date: /home/sonia/ros2_ws/install/serial_comm1/share/serial_comm1/local_setup.dsv
[9.104s] -- Installing: /home/sonia/ros2_ws/install/serial_comm1/share/serial_comm1/package.dsv
[9.109s] -- Up-to-date: /home/sonia/ros2_ws/install/serial_comm1/share/ament_index/resource_index/packages/serial_comm1
[9.109s] -- Up-to-date: /home/sonia/ros2_ws/install/serial_comm1/share/serial_comm1/cmake/serial_comm1Config.cmake
[9.109s] -- Up-to-date: /home/sonia/ros2_ws/install/serial_comm1/share/serial_comm1/cmake/serial_comm1Config-version.cmake
[9.109s] -- Up-to-date: /home/sonia/ros2_ws/install/serial_comm1/share/serial_comm1/package.xml
[9.111s] Invoked command in '/home/sonia/ros2_ws/build/serial_comm1' returned '0': CMAKE_PREFIX_PATH=${CMAKE_PREFIX_PATH}:/opt/ros/humble /usr/bin/cmake --install /home/sonia/ros2_ws/build/serial_comm1
