[0.018s] Invoking command in '/home/sonia/ros2_ws/src/build/cpp_pubsub': CMAKE_PREFIX_PATH=${CMAKE_PREFIX_PATH}:/opt/ros/humble /usr/bin/cmake --build /home/sonia/ros2_ws/src/build/cpp_pubsub -- -j1 -l1
[0.142s] [35m[1mConsolidate compiler generated dependencies of target talker[0m
[0.212s] [ 50%] Built target talker
[0.240s] [35m[1mConsolidate compiler generated dependencies of target listener[0m
[0.273s] [100%] Built target listener
[0.296s] Invoked command in '/home/sonia/ros2_ws/src/build/cpp_pubsub' returned '0': CMAKE_PREFIX_PATH=${CMAKE_PREFIX_PATH}:/opt/ros/humble /usr/bin/cmake --build /home/sonia/ros2_ws/src/build/cpp_pubsub -- -j1 -l1
[0.358s] Invoking command in '/home/sonia/ros2_ws/src/build/cpp_pubsub': CMAKE_PREFIX_PATH=${CMAKE_PREFIX_PATH}:/opt/ros/humble /usr/bin/cmake --install /home/sonia/ros2_ws/src/build/cpp_pubsub
[0.379s] -- Install configuration: ""
[0.380s] -- Up-to-date: /home/sonia/ros2_ws/src/install/cpp_pubsub/lib/cpp_pubsub/talker
[0.382s] -- Up-to-date: /home/sonia/ros2_ws/src/install/cpp_pubsub/lib/cpp_pubsub/listener
[0.389s] -- Up-to-date: /home/sonia/ros2_ws/src/install/cpp_pubsub/share/ament_index/resource_index/package_run_dependencies/cpp_pubsub
[0.389s] -- Up-to-date: /home/sonia/ros2_ws/src/install/cpp_pubsub/share/ament_index/resource_index/parent_prefix_path/cpp_pubsub
[0.389s] -- Up-to-date: /home/sonia/ros2_ws/src/install/cpp_pubsub/share/cpp_pubsub/environment/ament_prefix_path.sh
[0.389s] -- Up-to-date: /home/sonia/ros2_ws/src/install/cpp_pubsub/share/cpp_pubsub/environment/ament_prefix_path.dsv
[0.389s] -- Up-to-date: /home/sonia/ros2_ws/src/install/cpp_pubsub/share/cpp_pubsub/environment/path.sh
[0.389s] -- Up-to-date: /home/sonia/ros2_ws/src/install/cpp_pubsub/share/cpp_pubsub/environment/path.dsv
[0.389s] -- Up-to-date: /home/sonia/ros2_ws/src/install/cpp_pubsub/share/cpp_pubsub/local_setup.bash
[0.389s] -- Up-to-date: /home/sonia/ros2_ws/src/install/cpp_pubsub/share/cpp_pubsub/local_setup.sh
[0.390s] -- Up-to-date: /home/sonia/ros2_ws/src/install/cpp_pubsub/share/cpp_pubsub/local_setup.zsh
[0.390s] -- Up-to-date: /home/sonia/ros2_ws/src/install/cpp_pubsub/share/cpp_pubsub/local_setup.dsv
[0.390s] -- Installing: /home/sonia/ros2_ws/src/install/cpp_pubsub/share/cpp_pubsub/package.dsv
[0.391s] -- Up-to-date: /home/sonia/ros2_ws/src/install/cpp_pubsub/share/ament_index/resource_index/packages/cpp_pubsub
[0.391s] -- Up-to-date: /home/sonia/ros2_ws/src/install/cpp_pubsub/share/cpp_pubsub/cmake/cpp_pubsubConfig.cmake
[0.391s] -- Up-to-date: /home/sonia/ros2_ws/src/install/cpp_pubsub/share/cpp_pubsub/cmake/cpp_pubsubConfig-version.cmake
[0.391s] -- Up-to-date: /home/sonia/ros2_ws/src/install/cpp_pubsub/share/cpp_pubsub/package.xml
[0.392s] Invoked command in '/home/sonia/ros2_ws/src/build/cpp_pubsub' returned '0': CMAKE_PREFIX_PATH=${CMAKE_PREFIX_PATH}:/opt/ros/humble /usr/bin/cmake --install /home/sonia/ros2_ws/src/build/cpp_pubsub
