[0.004s] Invoking command in '/home/sonia/ros2_ws/src/build/serial_comm1': CMAKE_PREFIX_PATH=${CMAKE_PREFIX_PATH}:/opt/ros/humble /usr/bin/cmake --build /home/sonia/ros2_ws/src/build/serial_comm1 -- -j1 -l1
[0.053s] [35m[1mConsolidate compiler generated dependencies of target talker[0m
[0.082s] [ 25%] [32mBuilding CXX object CMakeFiles/talker.dir/src/serial_publisher.cpp.o[0m
[9.760s] [ 50%] [32m[1mLinking CXX executable talker[0m
[9.902s] [ 50%] Built target talker
[9.933s] [35m[1mConsolidate compiler generated dependencies of target listener[0m
[9.960s] [ 75%] [32mBuilding CXX object CMakeFiles/listener.dir/src/serial_subscriber.cpp.o[0m
[19.501s] [100%] [32m[1mLinking CXX executable listener[0m
[19.877s] [100%] Built target listener
[19.902s] Invoked command in '/home/sonia/ros2_ws/src/build/serial_comm1' returned '0': CMAKE_PREFIX_PATH=${CMAKE_PREFIX_PATH}:/opt/ros/humble /usr/bin/cmake --build /home/sonia/ros2_ws/src/build/serial_comm1 -- -j1 -l1
[19.972s] Invoking command in '/home/sonia/ros2_ws/src/build/serial_comm1': CMAKE_PREFIX_PATH=${CMAKE_PREFIX_PATH}:/opt/ros/humble /usr/bin/cmake --install /home/sonia/ros2_ws/src/build/serial_comm1
[19.992s] -- Install configuration: ""
[19.992s] -- Installing: /home/sonia/ros2_ws/src/install/serial_comm1/lib/serial_comm1/talker
[19.995s] -- Set runtime path of "/home/sonia/ros2_ws/src/install/serial_comm1/lib/serial_comm1/talker" to ""
[19.995s] -- Installing: /home/sonia/ros2_ws/src/install/serial_comm1/lib/serial_comm1/listener
[20.001s] -- Set runtime path of "/home/sonia/ros2_ws/src/install/serial_comm1/lib/serial_comm1/listener" to ""
[20.002s] -- Up-to-date: /home/sonia/ros2_ws/src/install/serial_comm1/share/ament_index/resource_index/package_run_dependencies/serial_comm1
[20.002s] -- Up-to-date: /home/sonia/ros2_ws/src/install/serial_comm1/share/ament_index/resource_index/parent_prefix_path/serial_comm1
[20.002s] -- Up-to-date: /home/sonia/ros2_ws/src/install/serial_comm1/share/serial_comm1/environment/ament_prefix_path.sh
[20.002s] -- Up-to-date: /home/sonia/ros2_ws/src/install/serial_comm1/share/serial_comm1/environment/ament_prefix_path.dsv
[20.002s] -- Up-to-date: /home/sonia/ros2_ws/src/install/serial_comm1/share/serial_comm1/environment/path.sh
[20.002s] -- Up-to-date: /home/sonia/ros2_ws/src/install/serial_comm1/share/serial_comm1/environment/path.dsv
[20.002s] -- Up-to-date: /home/sonia/ros2_ws/src/install/serial_comm1/share/serial_comm1/local_setup.bash
[20.002s] -- Up-to-date: /home/sonia/ros2_ws/src/install/serial_comm1/share/serial_comm1/local_setup.sh
[20.002s] -- Up-to-date: /home/sonia/ros2_ws/src/install/serial_comm1/share/serial_comm1/local_setup.zsh
[20.002s] -- Up-to-date: /home/sonia/ros2_ws/src/install/serial_comm1/share/serial_comm1/local_setup.dsv
[20.002s] -- Installing: /home/sonia/ros2_ws/src/install/serial_comm1/share/serial_comm1/package.dsv
[20.003s] -- Up-to-date: /home/sonia/ros2_ws/src/install/serial_comm1/share/ament_index/resource_index/packages/serial_comm1
[20.005s] -- Up-to-date: /home/sonia/ros2_ws/src/install/serial_comm1/share/serial_comm1/cmake/serial_comm1Config.cmake
[20.005s] -- Up-to-date: /home/sonia/ros2_ws/src/install/serial_comm1/share/serial_comm1/cmake/serial_comm1Config-version.cmake
[20.005s] -- Up-to-date: /home/sonia/ros2_ws/src/install/serial_comm1/share/serial_comm1/package.xml
[20.010s] Invoked command in '/home/sonia/ros2_ws/src/build/serial_comm1' returned '0': CMAKE_PREFIX_PATH=${CMAKE_PREFIX_PATH}:/opt/ros/humble /usr/bin/cmake --install /home/sonia/ros2_ws/src/build/serial_comm1
