[0.019s] Invoking command in '/home/sonia/ros2_ws/build/serial_comm1': CMAKE_PREFIX_PATH=${CMAKE_PREFIX_PATH}:/opt/ros/humble /usr/bin/cmake --build /home/sonia/ros2_ws/build/serial_comm1 -- -j1 -l1
[0.074s] [35m[1mConsolidate compiler generated dependencies of target talker[0m
[0.100s] [ 25%] [32mBuilding CXX object CMakeFiles/talker.dir/src/serial_publisher.cpp.o[0m
[10.476s] [ 50%] [32m[1mLinking CXX executable talker[0m
[10.672s] [ 50%] Built target talker
[10.695s] [ 75%] [32mBuilding CXX object CMakeFiles/listener.dir/src/serial_subscriber.cpp.o[0m
[20.260s] [100%] [32m[1mLinking CXX executable listener[0m
[20.602s] [100%] Built target listener
[20.622s] Invoked command in '/home/sonia/ros2_ws/build/serial_comm1' returned '0': CMAKE_PREFIX_PATH=${CMAKE_PREFIX_PATH}:/opt/ros/humble /usr/bin/cmake --build /home/sonia/ros2_ws/build/serial_comm1 -- -j1 -l1
[20.684s] Invoking command in '/home/sonia/ros2_ws/build/serial_comm1': CMAKE_PREFIX_PATH=${CMAKE_PREFIX_PATH}:/opt/ros/humble /usr/bin/cmake --install /home/sonia/ros2_ws/build/serial_comm1
[20.713s] -- Install configuration: ""
[20.714s] -- Installing: /home/sonia/ros2_ws/install/serial_comm1/lib/serial_comm1/talker
[20.722s] -- Set runtime path of "/home/sonia/ros2_ws/install/serial_comm1/lib/serial_comm1/talker" to ""
[20.731s] -- Installing: /home/sonia/ros2_ws/install/serial_comm1/lib/serial_comm1/listener
[20.736s] -- Set runtime path of "/home/sonia/ros2_ws/install/serial_comm1/lib/serial_comm1/listener" to ""
[20.736s] -- Up-to-date: /home/sonia/ros2_ws/install/serial_comm1/share/ament_index/resource_index/package_run_dependencies/serial_comm1
[20.736s] -- Up-to-date: /home/sonia/ros2_ws/install/serial_comm1/share/ament_index/resource_index/parent_prefix_path/serial_comm1
[20.737s] -- Up-to-date: /home/sonia/ros2_ws/install/serial_comm1/share/serial_comm1/environment/ament_prefix_path.sh
[20.737s] -- Up-to-date: /home/sonia/ros2_ws/install/serial_comm1/share/serial_comm1/environment/ament_prefix_path.dsv
[20.737s] -- Up-to-date: /home/sonia/ros2_ws/install/serial_comm1/share/serial_comm1/environment/path.sh
[20.737s] -- Up-to-date: /home/sonia/ros2_ws/install/serial_comm1/share/serial_comm1/environment/path.dsv
[20.737s] -- Up-to-date: /home/sonia/ros2_ws/install/serial_comm1/share/serial_comm1/local_setup.bash
[20.737s] -- Up-to-date: /home/sonia/ros2_ws/install/serial_comm1/share/serial_comm1/local_setup.sh
[20.737s] -- Up-to-date: /home/sonia/ros2_ws/install/serial_comm1/share/serial_comm1/local_setup.zsh
[20.737s] -- Up-to-date: /home/sonia/ros2_ws/install/serial_comm1/share/serial_comm1/local_setup.dsv
[20.737s] -- Installing: /home/sonia/ros2_ws/install/serial_comm1/share/serial_comm1/package.dsv
[20.737s] -- Up-to-date: /home/sonia/ros2_ws/install/serial_comm1/share/ament_index/resource_index/packages/serial_comm1
[20.737s] -- Up-to-date: /home/sonia/ros2_ws/install/serial_comm1/share/serial_comm1/cmake/serial_comm1Config.cmake
[20.737s] -- Up-to-date: /home/sonia/ros2_ws/install/serial_comm1/share/serial_comm1/cmake/serial_comm1Config-version.cmake
[20.737s] -- Up-to-date: /home/sonia/ros2_ws/install/serial_comm1/share/serial_comm1/package.xml
[20.738s] Invoked command in '/home/sonia/ros2_ws/build/serial_comm1' returned '0': CMAKE_PREFIX_PATH=${CMAKE_PREFIX_PATH}:/opt/ros/humble /usr/bin/cmake --install /home/sonia/ros2_ws/build/serial_comm1
