[0.003s] Invoking command in '/home/sonia/ros2_ws/build/cpp_pubsub': CMAKE_PREFIX_PATH=${CMAKE_PREFIX_PATH}:/opt/ros/humble /usr/bin/cmake /home/sonia/ros2_ws/src/cpp_pubsub -DCMAKE_INSTALL_PREFIX=/home/sonia/ros2_ws/install/cpp_pubsub
[0.046s] -- The C compiler identification is GNU 11.4.0
[0.078s] -- The CXX compiler identification is GNU 11.4.0
[0.083s] -- Detecting C compiler ABI info
[0.151s] -- Detecting C compiler ABI info - done
[0.152s] -- Check for working C compiler: /usr/bin/cc - skipped
[0.153s] -- Detecting C compile features
[0.153s] -- Detecting C compile features - done
[0.160s] -- Detecting CXX compiler ABI info
[0.228s] -- Detecting CXX compiler ABI info - done
[0.233s] -- Check for working CXX compiler: /usr/bin/c++ - skipped
[0.234s] -- Detecting CXX compile features
[0.234s] -- Detecting CXX compile features - done
[0.236s] -- Found ament_cmake: 1.3.9 (/opt/ros/humble/share/ament_cmake/cmake)
[0.321s] -- Found Python3: /usr/bin/python3 (found version "3.10.12") found components: Interpreter 
[0.382s] -- Found rclcpp: 16.0.9 (/opt/ros/humble/share/rclcpp/cmake)
[0.405s] -- Found rosidl_generator_c: 3.1.5 (/opt/ros/humble/share/rosidl_generator_c/cmake)
[0.408s] -- Found rosidl_adapter: 3.1.5 (/opt/ros/humble/share/rosidl_adapter/cmake)
[0.412s] -- Found rosidl_generator_cpp: 3.1.5 (/opt/ros/humble/share/rosidl_generator_cpp/cmake)
[0.420s] -- Using all available rosidl_typesupport_c: rosidl_typesupport_fastrtps_c;rosidl_typesupport_introspection_c
[0.446s] -- Using all available rosidl_typesupport_cpp: rosidl_typesupport_fastrtps_cpp;rosidl_typesupport_introspection_cpp
[0.488s] -- Found rmw_implementation_cmake: 6.1.2 (/opt/ros/humble/share/rmw_implementation_cmake/cmake)
[0.490s] -- Found rmw_fastrtps_cpp: 6.2.6 (/opt/ros/humble/share/rmw_fastrtps_cpp/cmake)
[0.544s] -- Found OpenSSL: /usr/lib/x86_64-linux-gnu/libcrypto.so (found version "3.0.2")  
[0.559s] -- Found FastRTPS: /opt/ros/humble/include  
[0.583s] -- Using RMW implementation 'rmw_fastrtps_cpp' as default
[0.589s] -- Looking for pthread.h
[0.643s] -- Looking for pthread.h - found
[0.644s] -- Performing Test CMAKE_HAVE_LIBC_PTHREAD
[0.695s] -- Performing Test CMAKE_HAVE_LIBC_PTHREAD - Success
[0.696s] -- Found Threads: TRUE  
[0.801s] -- Found ament_lint_auto: 0.12.11 (/opt/ros/humble/share/ament_lint_auto/cmake)
[0.868s] -- Added test 'cppcheck' to perform static code analysis on C / C++ code
[0.868s] -- Configured cppcheck include dirs: 
[0.868s] -- Configured cppcheck exclude dirs and/or files: 
[0.869s] -- Added test 'lint_cmake' to check CMake code style
[0.871s] -- Added test 'uncrustify' to check C / C++ code style
[0.871s] -- Configured uncrustify additional arguments: 
[0.872s] -- Added test 'xmllint' to check XML markup files
[0.874s] -- Configuring done
[0.887s] -- Generating done
[0.890s] -- Build files have been written to: /home/sonia/ros2_ws/build/cpp_pubsub
[0.896s] Invoked command in '/home/sonia/ros2_ws/build/cpp_pubsub' returned '0': CMAKE_PREFIX_PATH=${CMAKE_PREFIX_PATH}:/opt/ros/humble /usr/bin/cmake /home/sonia/ros2_ws/src/cpp_pubsub -DCMAKE_INSTALL_PREFIX=/home/sonia/ros2_ws/install/cpp_pubsub
[0.896s] Invoking command in '/home/sonia/ros2_ws/build/cpp_pubsub': CMAKE_PREFIX_PATH=${CMAKE_PREFIX_PATH}:/opt/ros/humble /usr/bin/cmake --build /home/sonia/ros2_ws/build/cpp_pubsub -- -j1 -l1
[0.925s] [ 25%] [32mBuilding CXX object CMakeFiles/talker.dir/src/publisher_member_function.cpp.o[0m
[3.636s] [ 50%] [32m[1mLinking CXX executable talker[0m
[3.767s] [ 50%] Built target talker
[3.780s] [ 75%] [32mBuilding CXX object CMakeFiles/listener.dir/src/subscriber_member_function.cpp.o[0m
[8.876s] [100%] [32m[1mLinking CXX executable listener[0m
[9.094s] [100%] Built target listener
[9.105s] Invoked command in '/home/sonia/ros2_ws/build/cpp_pubsub' returned '0': CMAKE_PREFIX_PATH=${CMAKE_PREFIX_PATH}:/opt/ros/humble /usr/bin/cmake --build /home/sonia/ros2_ws/build/cpp_pubsub -- -j1 -l1
[9.124s] Invoking command in '/home/sonia/ros2_ws/build/cpp_pubsub': CMAKE_PREFIX_PATH=${CMAKE_PREFIX_PATH}:/opt/ros/humble /usr/bin/cmake --install /home/sonia/ros2_ws/build/cpp_pubsub
[9.129s] -- Install configuration: ""
[9.129s] -- Installing: /home/sonia/ros2_ws/install/cpp_pubsub/lib/cpp_pubsub/talker
[9.133s] -- Set runtime path of "/home/sonia/ros2_ws/install/cpp_pubsub/lib/cpp_pubsub/talker" to ""
[9.133s] -- Up-to-date: /home/sonia/ros2_ws/install/cpp_pubsub/lib/cpp_pubsub/talker
[9.134s] -- Installing: /home/sonia/ros2_ws/install/cpp_pubsub/lib/cpp_pubsub/listener
[9.137s] -- Set runtime path of "/home/sonia/ros2_ws/install/cpp_pubsub/lib/cpp_pubsub/listener" to ""
[9.137s] -- Installing: /home/sonia/ros2_ws/install/cpp_pubsub/share/ament_index/resource_index/package_run_dependencies/cpp_pubsub
[9.138s] -- Installing: /home/sonia/ros2_ws/install/cpp_pubsub/share/ament_index/resource_index/parent_prefix_path/cpp_pubsub
[9.139s] -- Installing: /home/sonia/ros2_ws/install/cpp_pubsub/share/cpp_pubsub/environment/ament_prefix_path.sh
[9.140s] -- Installing: /home/sonia/ros2_ws/install/cpp_pubsub/share/cpp_pubsub/environment/ament_prefix_path.dsv
[9.140s] -- Installing: /home/sonia/ros2_ws/install/cpp_pubsub/share/cpp_pubsub/environment/path.sh
[9.141s] -- Installing: /home/sonia/ros2_ws/install/cpp_pubsub/share/cpp_pubsub/environment/path.dsv
[9.141s] -- Installing: /home/sonia/ros2_ws/install/cpp_pubsub/share/cpp_pubsub/local_setup.bash
[9.142s] -- Installing: /home/sonia/ros2_ws/install/cpp_pubsub/share/cpp_pubsub/local_setup.sh
[9.142s] -- Installing: /home/sonia/ros2_ws/install/cpp_pubsub/share/cpp_pubsub/local_setup.zsh
[9.142s] -- Installing: /home/sonia/ros2_ws/install/cpp_pubsub/share/cpp_pubsub/local_setup.dsv
[9.143s] -- Installing: /home/sonia/ros2_ws/install/cpp_pubsub/share/cpp_pubsub/package.dsv
[9.143s] -- Installing: /home/sonia/ros2_ws/install/cpp_pubsub/share/ament_index/resource_index/packages/cpp_pubsub
[9.144s] -- Installing: /home/sonia/ros2_ws/install/cpp_pubsub/share/cpp_pubsub/cmake/cpp_pubsubConfig.cmake
[9.144s] -- Installing: /home/sonia/ros2_ws/install/cpp_pubsub/share/cpp_pubsub/cmake/cpp_pubsubConfig-version.cmake
[9.145s] -- Installing: /home/sonia/ros2_ws/install/cpp_pubsub/share/cpp_pubsub/package.xml
[9.148s] Invoked command in '/home/sonia/ros2_ws/build/cpp_pubsub' returned '0': CMAKE_PREFIX_PATH=${CMAKE_PREFIX_PATH}:/opt/ros/humble /usr/bin/cmake --install /home/sonia/ros2_ws/build/cpp_pubsub
