[0.004s] Invoking command in '/home/sonia/ros2_ws/src/serial_comm1/build/serial_comm1': CMAKE_PREFIX_PATH=${CMAKE_PREFIX_PATH}:/opt/ros/humble /usr/bin/cmake /home/sonia/ros2_ws/src/serial_comm1 -DCMAKE_INSTALL_PREFIX=/home/sonia/ros2_ws/src/serial_comm1/install/serial_comm1
[0.075s] -- The C compiler identification is GNU 11.4.0
[0.124s] -- The CXX compiler identification is GNU 11.4.0
[0.135s] -- Detecting C compiler ABI info
[0.198s] -- Detecting C compiler ABI info - done
[0.204s] -- Check for working C compiler: /usr/bin/cc - skipped
[0.205s] -- Detecting C compile features
[0.206s] -- Detecting C compile features - done
[0.209s] -- Detecting CXX compiler ABI info
[0.282s] -- Detecting CXX compiler ABI info - done
[0.287s] -- Check for working CXX compiler: /usr/bin/c++ - skipped
[0.288s] -- Detecting CXX compile features
[0.288s] -- Detecting CXX compile features - done
[0.295s] -- Found ament_cmake: 1.3.9 (/opt/ros/humble/share/ament_cmake/cmake)
[0.408s] -- Found Python3: /usr/bin/python3 (found version "3.10.12") found components: Interpreter 
[0.560s] -- Found rclcpp: 16.0.9 (/opt/ros/humble/share/rclcpp/cmake)
[0.659s] -- Found rosidl_generator_c: 3.1.5 (/opt/ros/humble/share/rosidl_generator_c/cmake)
[0.660s] -- Found rosidl_adapter: 3.1.5 (/opt/ros/humble/share/rosidl_adapter/cmake)
[0.673s] -- Found rosidl_generator_cpp: 3.1.5 (/opt/ros/humble/share/rosidl_generator_cpp/cmake)
[0.691s] -- Using all available rosidl_typesupport_c: rosidl_typesupport_fastrtps_c;rosidl_typesupport_introspection_c
[0.721s] -- Using all available rosidl_typesupport_cpp: rosidl_typesupport_fastrtps_cpp;rosidl_typesupport_introspection_cpp
[0.820s] -- Found rmw_implementation_cmake: 6.1.2 (/opt/ros/humble/share/rmw_implementation_cmake/cmake)
[0.824s] -- Found rmw_fastrtps_cpp: 6.2.6 (/opt/ros/humble/share/rmw_fastrtps_cpp/cmake)
[0.902s] -- Found OpenSSL: /usr/lib/x86_64-linux-gnu/libcrypto.so (found version "3.0.2")  
[0.918s] -- Found FastRTPS: /opt/ros/humble/include  
[0.971s] -- Using RMW implementation 'rmw_fastrtps_cpp' as default
[0.990s] -- Looking for pthread.h
[1.114s] -- Looking for pthread.h - found
[1.116s] -- Performing Test CMAKE_HAVE_LIBC_PTHREAD
[1.226s] -- Performing Test CMAKE_HAVE_LIBC_PTHREAD - Success
[1.227s] -- Found Threads: TRUE  
[1.398s] -- Found Boost: /usr/lib/x86_64-linux-gnu/cmake/Boost-1.74.0/BoostConfig.cmake (found version "1.74.0") found components: system 
[1.465s] -- Configuring done
[1.486s] -- Generating done
[1.491s] -- Build files have been written to: /home/sonia/ros2_ws/src/serial_comm1/build/serial_comm1
[1.501s] Invoked command in '/home/sonia/ros2_ws/src/serial_comm1/build/serial_comm1' returned '0': CMAKE_PREFIX_PATH=${CMAKE_PREFIX_PATH}:/opt/ros/humble /usr/bin/cmake /home/sonia/ros2_ws/src/serial_comm1 -DCMAKE_INSTALL_PREFIX=/home/sonia/ros2_ws/src/serial_comm1/install/serial_comm1
[1.502s] Invoking command in '/home/sonia/ros2_ws/src/serial_comm1/build/serial_comm1': CMAKE_PREFIX_PATH=${CMAKE_PREFIX_PATH}:/opt/ros/humble /usr/bin/cmake --build /home/sonia/ros2_ws/src/serial_comm1/build/serial_comm1 -- -j1 -l1
[1.547s] [ 25%] [32mBuilding CXX object CMakeFiles/talker.dir/src/serial_publisher.cpp.o[0m
[5.858s] [ 50%] [32m[1mLinking CXX executable talker[0m
[6.092s] [ 50%] Built target talker
[6.111s] [ 75%] [32mBuilding CXX object CMakeFiles/listener.dir/src/serial_subscriber.cpp.o[0m
[12.319s] [100%] [32m[1mLinking CXX executable listener[0m
[12.585s] [100%] Built target listener
[12.597s] Invoked command in '/home/sonia/ros2_ws/src/serial_comm1/build/serial_comm1' returned '0': CMAKE_PREFIX_PATH=${CMAKE_PREFIX_PATH}:/opt/ros/humble /usr/bin/cmake --build /home/sonia/ros2_ws/src/serial_comm1/build/serial_comm1 -- -j1 -l1
[12.621s] Invoking command in '/home/sonia/ros2_ws/src/serial_comm1/build/serial_comm1': CMAKE_PREFIX_PATH=${CMAKE_PREFIX_PATH}:/opt/ros/humble /usr/bin/cmake --install /home/sonia/ros2_ws/src/serial_comm1/build/serial_comm1
[12.627s] -- Install configuration: ""
[12.627s] -- Installing: /home/sonia/ros2_ws/src/serial_comm1/install/serial_comm1/lib/serial_comm1/talker
[12.631s] -- Set runtime path of "/home/sonia/ros2_ws/src/serial_comm1/install/serial_comm1/lib/serial_comm1/talker" to ""
[12.632s] -- Installing: /home/sonia/ros2_ws/src/serial_comm1/install/serial_comm1/lib/serial_comm1/listener
[12.635s] -- Set runtime path of "/home/sonia/ros2_ws/src/serial_comm1/install/serial_comm1/lib/serial_comm1/listener" to ""
[12.636s] -- Installing: /home/sonia/ros2_ws/src/serial_comm1/install/serial_comm1/share/ament_index/resource_index/package_run_dependencies/serial_comm1
[12.637s] -- Installing: /home/sonia/ros2_ws/src/serial_comm1/install/serial_comm1/share/ament_index/resource_index/parent_prefix_path/serial_comm1
[12.638s] -- Installing: /home/sonia/ros2_ws/src/serial_comm1/install/serial_comm1/share/serial_comm1/environment/ament_prefix_path.sh
[12.639s] -- Installing: /home/sonia/ros2_ws/src/serial_comm1/install/serial_comm1/share/serial_comm1/environment/ament_prefix_path.dsv
[12.639s] -- Installing: /home/sonia/ros2_ws/src/serial_comm1/install/serial_comm1/share/serial_comm1/environment/path.sh
[12.640s] -- Installing: /home/sonia/ros2_ws/src/serial_comm1/install/serial_comm1/share/serial_comm1/environment/path.dsv
[12.640s] -- Installing: /home/sonia/ros2_ws/src/serial_comm1/install/serial_comm1/share/serial_comm1/local_setup.bash
[12.641s] -- Installing: /home/sonia/ros2_ws/src/serial_comm1/install/serial_comm1/share/serial_comm1/local_setup.sh
[12.641s] -- Installing: /home/sonia/ros2_ws/src/serial_comm1/install/serial_comm1/share/serial_comm1/local_setup.zsh
[12.642s] -- Installing: /home/sonia/ros2_ws/src/serial_comm1/install/serial_comm1/share/serial_comm1/local_setup.dsv
[12.642s] -- Installing: /home/sonia/ros2_ws/src/serial_comm1/install/serial_comm1/share/serial_comm1/package.dsv
[12.643s] -- Installing: /home/sonia/ros2_ws/src/serial_comm1/install/serial_comm1/share/ament_index/resource_index/packages/serial_comm1
[12.643s] -- Installing: /home/sonia/ros2_ws/src/serial_comm1/install/serial_comm1/share/serial_comm1/cmake/serial_comm1Config.cmake
[12.643s] -- Installing: /home/sonia/ros2_ws/src/serial_comm1/install/serial_comm1/share/serial_comm1/cmake/serial_comm1Config-version.cmake
[12.643s] -- Installing: /home/sonia/ros2_ws/src/serial_comm1/install/serial_comm1/share/serial_comm1/package.xml
[12.649s] Invoked command in '/home/sonia/ros2_ws/src/serial_comm1/build/serial_comm1' returned '0': CMAKE_PREFIX_PATH=${CMAKE_PREFIX_PATH}:/opt/ros/humble /usr/bin/cmake --install /home/sonia/ros2_ws/src/serial_comm1/build/serial_comm1
