-- Found ament_cmake: 1.3.9 (/opt/ros/humble/share/ament_cmake/cmake)
-- Found rclcpp: 16.0.9 (/opt/ros/humble/share/rclcpp/cmake)
-- Found rosidl_generator_c: 3.1.5 (/opt/ros/humble/share/rosidl_generator_c/cmake)
-- Found rosidl_adapter: 3.1.5 (/opt/ros/humble/share/rosidl_adapter/cmake)
-- Found rosidl_generator_cpp: 3.1.5 (/opt/ros/humble/share/rosidl_generator_cpp/cmake)
-- Using all available rosidl_typesupport_c: rosidl_typesupport_fastrtps_c;rosidl_typesupport_introspection_c
-- Using all available rosidl_typesupport_cpp: rosidl_typesupport_fastrtps_cpp;rosidl_typesupport_introspection_cpp
-- Found rmw_implementation_cmake: 6.1.2 (/opt/ros/humble/share/rmw_implementation_cmake/cmake)
-- Found rmw_fastrtps_cpp: 6.2.6 (/opt/ros/humble/share/rmw_fastrtps_cpp/cmake)
-- Using RMW implementation 'rmw_fastrtps_cpp' as default
-- Configuring done
-- Generating done
-- Build files have been written to: /home/sonia/ros2_ws/src/build/serial_comm1
[ 25%] [32mBuilding CXX object CMakeFiles/talker.dir/src/serial_publisher.cpp.o[0m
[ 50%] [32m[1mLinking CXX executable talker[0m
[ 50%] Built target talker
[ 75%] [32mBuilding CXX object CMakeFiles/listener.dir/src/serial_subscriber.cpp.o[0m
[100%] [32m[1mLinking CXX executable listener[0m
[100%] Built target listener
-- Install configuration: ""
-- Installing: /home/sonia/ros2_ws/src/install/serial_comm1/lib/serial_comm1/talker
-- Set runtime path of "/home/sonia/ros2_ws/src/install/serial_comm1/lib/serial_comm1/talker" to ""
-- Installing: /home/sonia/ros2_ws/src/install/serial_comm1/lib/serial_comm1/listener
-- Set runtime path of "/home/sonia/ros2_ws/src/install/serial_comm1/lib/serial_comm1/listener" to ""
-- Installing: /home/sonia/ros2_ws/src/install/serial_comm1/share/ament_index/resource_index/package_run_dependencies/serial_comm1
-- Installing: /home/sonia/ros2_ws/src/install/serial_comm1/share/ament_index/resource_index/parent_prefix_path/serial_comm1
-- Installing: /home/sonia/ros2_ws/src/install/serial_comm1/share/serial_comm1/environment/ament_prefix_path.sh
-- Installing: /home/sonia/ros2_ws/src/install/serial_comm1/share/serial_comm1/environment/ament_prefix_path.dsv
-- Installing: /home/sonia/ros2_ws/src/install/serial_comm1/share/serial_comm1/environment/path.sh
-- Installing: /home/sonia/ros2_ws/src/install/serial_comm1/share/serial_comm1/environment/path.dsv
-- Installing: /home/sonia/ros2_ws/src/install/serial_comm1/share/serial_comm1/local_setup.bash
-- Installing: /home/sonia/ros2_ws/src/install/serial_comm1/share/serial_comm1/local_setup.sh
-- Installing: /home/sonia/ros2_ws/src/install/serial_comm1/share/serial_comm1/local_setup.zsh
-- Installing: /home/sonia/ros2_ws/src/install/serial_comm1/share/serial_comm1/local_setup.dsv
-- Installing: /home/sonia/ros2_ws/src/install/serial_comm1/share/serial_comm1/package.dsv
-- Installing: /home/sonia/ros2_ws/src/install/serial_comm1/share/ament_index/resource_index/packages/serial_comm1
-- Installing: /home/sonia/ros2_ws/src/install/serial_comm1/share/serial_comm1/cmake/serial_comm1Config.cmake
-- Installing: /home/sonia/ros2_ws/src/install/serial_comm1/share/serial_comm1/cmake/serial_comm1Config-version.cmake
-- Installing: /home/sonia/ros2_ws/src/install/serial_comm1/share/serial_comm1/package.xml
