[0.012s] Invoking command in '/home/sonia/ros2_ws/src/build/cpp_pubsub': CMAKE_PREFIX_PATH=${CMAKE_PREFIX_PATH}:/opt/ros/humble /usr/bin/cmake /home/sonia/ros2_ws/src/cpp_pubsub -DCMAKE_INSTALL_PREFIX=/home/sonia/ros2_ws/src/install/cpp_pubsub
[0.083s] -- The C compiler identification is GNU 11.4.0
[0.144s] -- The CXX compiler identification is GNU 11.4.0
[0.153s] -- Detecting C compiler ABI info
[0.207s] -- Detecting C compiler ABI info - done
[0.211s] -- Check for working C compiler: /usr/bin/cc - skipped
[0.212s] -- Detecting C compile features
[0.213s] -- Detecting C compile features - done
[0.217s] -- Detecting CXX compiler ABI info
[0.286s] -- Detecting CXX compiler ABI info - done
[0.290s] -- Check for working CXX compiler: /usr/bin/c++ - skipped
[0.291s] -- Detecting CXX compile features
[0.292s] -- Detecting CXX compile features - done
[0.297s] -- Found ament_cmake: 1.3.9 (/opt/ros/humble/share/ament_cmake/cmake)
[0.438s] -- Found Python3: /usr/bin/python3 (found version "3.10.12") found components: Interpreter 
[0.555s] -- Found rclcpp: 16.0.9 (/opt/ros/humble/share/rclcpp/cmake)
[0.626s] -- Found rosidl_generator_c: 3.1.5 (/opt/ros/humble/share/rosidl_generator_c/cmake)
[0.636s] -- Found rosidl_adapter: 3.1.5 (/opt/ros/humble/share/rosidl_adapter/cmake)
[0.646s] -- Found rosidl_generator_cpp: 3.1.5 (/opt/ros/humble/share/rosidl_generator_cpp/cmake)
[0.670s] -- Using all available rosidl_typesupport_c: rosidl_typesupport_fastrtps_c;rosidl_typesupport_introspection_c
[0.700s] -- Using all available rosidl_typesupport_cpp: rosidl_typesupport_fastrtps_cpp;rosidl_typesupport_introspection_cpp
[0.768s] -- Found rmw_implementation_cmake: 6.1.2 (/opt/ros/humble/share/rmw_implementation_cmake/cmake)
[0.771s] -- Found rmw_fastrtps_cpp: 6.2.6 (/opt/ros/humble/share/rmw_fastrtps_cpp/cmake)
[0.842s] -- Found OpenSSL: /usr/lib/x86_64-linux-gnu/libcrypto.so (found version "3.0.2")  
[0.870s] -- Found FastRTPS: /opt/ros/humble/include  
[0.900s] -- Using RMW implementation 'rmw_fastrtps_cpp' as default
[0.910s] -- Looking for pthread.h
[0.971s] -- Looking for pthread.h - found
[0.972s] -- Performing Test CMAKE_HAVE_LIBC_PTHREAD
[1.050s] -- Performing Test CMAKE_HAVE_LIBC_PTHREAD - Success
[1.053s] -- Found Threads: TRUE  
[1.177s] -- Found ament_lint_auto: 0.12.11 (/opt/ros/humble/share/ament_lint_auto/cmake)
[1.246s] -- Added test 'cppcheck' to perform static code analysis on C / C++ code
[1.246s] -- Configured cppcheck include dirs: 
[1.246s] -- Configured cppcheck exclude dirs and/or files: 
[1.248s] -- Added test 'lint_cmake' to check CMake code style
[1.250s] -- Added test 'uncrustify' to check C / C++ code style
[1.250s] -- Configured uncrustify additional arguments: 
[1.251s] -- Added test 'xmllint' to check XML markup files
[1.253s] -- Configuring done
[1.265s] -- Generating done
[1.269s] -- Build files have been written to: /home/sonia/ros2_ws/src/build/cpp_pubsub
[1.279s] Invoked command in '/home/sonia/ros2_ws/src/build/cpp_pubsub' returned '0': CMAKE_PREFIX_PATH=${CMAKE_PREFIX_PATH}:/opt/ros/humble /usr/bin/cmake /home/sonia/ros2_ws/src/cpp_pubsub -DCMAKE_INSTALL_PREFIX=/home/sonia/ros2_ws/src/install/cpp_pubsub
[1.279s] Invoking command in '/home/sonia/ros2_ws/src/build/cpp_pubsub': CMAKE_PREFIX_PATH=${CMAKE_PREFIX_PATH}:/opt/ros/humble /usr/bin/cmake --build /home/sonia/ros2_ws/src/build/cpp_pubsub -- -j1 -l1
[1.309s] [ 25%] [32mBuilding CXX object CMakeFiles/talker.dir/src/publisher_member_function.cpp.o[0m
[4.838s] [ 50%] [32m[1mLinking CXX executable talker[0m
[5.018s] [ 50%] Built target talker
[5.032s] [ 75%] [32mBuilding CXX object CMakeFiles/listener.dir/src/subscriber_member_function.cpp.o[0m
[10.901s] [100%] [32m[1mLinking CXX executable listener[0m
[11.147s] [100%] Built target listener
[11.162s] Invoked command in '/home/sonia/ros2_ws/src/build/cpp_pubsub' returned '0': CMAKE_PREFIX_PATH=${CMAKE_PREFIX_PATH}:/opt/ros/humble /usr/bin/cmake --build /home/sonia/ros2_ws/src/build/cpp_pubsub -- -j1 -l1
[11.183s] Invoking command in '/home/sonia/ros2_ws/src/build/cpp_pubsub': CMAKE_PREFIX_PATH=${CMAKE_PREFIX_PATH}:/opt/ros/humble /usr/bin/cmake --install /home/sonia/ros2_ws/src/build/cpp_pubsub
[11.187s] -- Install configuration: ""
[11.188s] -- Installing: /home/sonia/ros2_ws/src/install/cpp_pubsub/lib/cpp_pubsub/talker
[11.192s] -- Set runtime path of "/home/sonia/ros2_ws/src/install/cpp_pubsub/lib/cpp_pubsub/talker" to ""
[11.192s] -- Installing: /home/sonia/ros2_ws/src/install/cpp_pubsub/lib/cpp_pubsub/listener
[11.196s] -- Set runtime path of "/home/sonia/ros2_ws/src/install/cpp_pubsub/lib/cpp_pubsub/listener" to ""
[11.196s] -- Installing: /home/sonia/ros2_ws/src/install/cpp_pubsub/share/ament_index/resource_index/package_run_dependencies/cpp_pubsub
[11.201s] -- Installing: /home/sonia/ros2_ws/src/install/cpp_pubsub/share/ament_index/resource_index/parent_prefix_path/cpp_pubsub
[11.201s] -- Installing: /home/sonia/ros2_ws/src/install/cpp_pubsub/share/cpp_pubsub/environment/ament_prefix_path.sh
[11.201s] -- Installing: /home/sonia/ros2_ws/src/install/cpp_pubsub/share/cpp_pubsub/environment/ament_prefix_path.dsv
[11.201s] -- Installing: /home/sonia/ros2_ws/src/install/cpp_pubsub/share/cpp_pubsub/environment/path.sh
[11.201s] -- Installing: /home/sonia/ros2_ws/src/install/cpp_pubsub/share/cpp_pubsub/environment/path.dsv
[11.201s] -- Installing: /home/sonia/ros2_ws/src/install/cpp_pubsub/share/cpp_pubsub/local_setup.bash
[11.202s] -- Installing: /home/sonia/ros2_ws/src/install/cpp_pubsub/share/cpp_pubsub/local_setup.sh
[11.202s] -- Installing: /home/sonia/ros2_ws/src/install/cpp_pubsub/share/cpp_pubsub/local_setup.zsh
[11.202s] -- Installing: /home/sonia/ros2_ws/src/install/cpp_pubsub/share/cpp_pubsub/local_setup.dsv
[11.202s] -- Installing: /home/sonia/ros2_ws/src/install/cpp_pubsub/share/cpp_pubsub/package.dsv
[11.202s] -- Installing: /home/sonia/ros2_ws/src/install/cpp_pubsub/share/ament_index/resource_index/packages/cpp_pubsub
[11.202s] -- Installing: /home/sonia/ros2_ws/src/install/cpp_pubsub/share/cpp_pubsub/cmake/cpp_pubsubConfig.cmake
[11.202s] -- Installing: /home/sonia/ros2_ws/src/install/cpp_pubsub/share/cpp_pubsub/cmake/cpp_pubsubConfig-version.cmake
[11.203s] -- Installing: /home/sonia/ros2_ws/src/install/cpp_pubsub/share/cpp_pubsub/package.xml
[11.205s] Invoked command in '/home/sonia/ros2_ws/src/build/cpp_pubsub' returned '0': CMAKE_PREFIX_PATH=${CMAKE_PREFIX_PATH}:/opt/ros/humble /usr/bin/cmake --install /home/sonia/ros2_ws/src/build/cpp_pubsub
