[0.012s] Invoking command in '/home/sonia/ros2_ws/src/build/serial_comm1': CMAKE_PREFIX_PATH=${CMAKE_PREFIX_PATH}:/opt/ros/humble /usr/bin/cmake --build /home/sonia/ros2_ws/src/build/serial_comm1 -- -j1 -l1
[0.120s] [ 25%] [32mBuilding CXX object CMakeFiles/talker.dir/src/serial_publisher.cpp.o[0m
[11.619s] [ 50%] [32m[1mLinking CXX executable talker[0m
[11.802s] [ 50%] Built target talker
[11.850s] [100%] Built target listener
[11.874s] Invoked command in '/home/sonia/ros2_ws/src/build/serial_comm1' returned '0': CMAKE_PREFIX_PATH=${CMAKE_PREFIX_PATH}:/opt/ros/humble /usr/bin/cmake --build /home/sonia/ros2_ws/src/build/serial_comm1 -- -j1 -l1
[11.918s] Invoking command in '/home/sonia/ros2_ws/src/build/serial_comm1': CMAKE_PREFIX_PATH=${CMAKE_PREFIX_PATH}:/opt/ros/humble /usr/bin/cmake --install /home/sonia/ros2_ws/src/build/serial_comm1
[11.932s] -- Install configuration: ""
[11.933s] -- Installing: /home/sonia/ros2_ws/src/install/serial_comm1/lib/serial_comm1/talker
[11.935s] -- Set runtime path of "/home/sonia/ros2_ws/src/install/serial_comm1/lib/serial_comm1/talker" to ""
[11.936s] -- Up-to-date: /home/sonia/ros2_ws/src/install/serial_comm1/lib/serial_comm1/listener
[11.937s] -- Up-to-date: /home/sonia/ros2_ws/src/install/serial_comm1/share/ament_index/resource_index/package_run_dependencies/serial_comm1
[11.937s] -- Up-to-date: /home/sonia/ros2_ws/src/install/serial_comm1/share/ament_index/resource_index/parent_prefix_path/serial_comm1
[11.937s] -- Up-to-date: /home/sonia/ros2_ws/src/install/serial_comm1/share/serial_comm1/environment/ament_prefix_path.sh
[11.937s] -- Up-to-date: /home/sonia/ros2_ws/src/install/serial_comm1/share/serial_comm1/environment/ament_prefix_path.dsv
[11.938s] -- Up-to-date: /home/sonia/ros2_ws/src/install/serial_comm1/share/serial_comm1/environment/path.sh
[11.938s] -- Up-to-date: /home/sonia/ros2_ws/src/install/serial_comm1/share/serial_comm1/environment/path.dsv
[11.938s] -- Up-to-date: /home/sonia/ros2_ws/src/install/serial_comm1/share/serial_comm1/local_setup.bash
[11.938s] -- Up-to-date: /home/sonia/ros2_ws/src/install/serial_comm1/share/serial_comm1/local_setup.sh
[11.939s] -- Up-to-date: /home/sonia/ros2_ws/src/install/serial_comm1/share/serial_comm1/local_setup.zsh
[11.939s] -- Up-to-date: /home/sonia/ros2_ws/src/install/serial_comm1/share/serial_comm1/local_setup.dsv
[11.939s] -- Installing: /home/sonia/ros2_ws/src/install/serial_comm1/share/serial_comm1/package.dsv
[11.940s] -- Up-to-date: /home/sonia/ros2_ws/src/install/serial_comm1/share/ament_index/resource_index/packages/serial_comm1
[11.940s] -- Up-to-date: /home/sonia/ros2_ws/src/install/serial_comm1/share/serial_comm1/cmake/serial_comm1Config.cmake
[11.940s] -- Up-to-date: /home/sonia/ros2_ws/src/install/serial_comm1/share/serial_comm1/cmake/serial_comm1Config-version.cmake
[11.948s] -- Up-to-date: /home/sonia/ros2_ws/src/install/serial_comm1/share/serial_comm1/package.xml
[11.953s] Invoked command in '/home/sonia/ros2_ws/src/build/serial_comm1' returned '0': CMAKE_PREFIX_PATH=${CMAKE_PREFIX_PATH}:/opt/ros/humble /usr/bin/cmake --install /home/sonia/ros2_ws/src/build/serial_comm1
