[0.064s] DEBUG:colcon:Command line arguments: ['/usr/bin/colcon', 'build', '--packages-select', 'serial_comm1']
[0.064s] DEBUG:colcon:Parsed command line arguments: Namespace(log_base=None, log_level=None, verb_name='build', build_base='build', install_base='install', merge_install=False, symlink_install=False, test_result_base=None, continue_on_error=False, executor='parallel', parallel_workers=1, event_handlers=None, ignore_user_meta=False, metas=['./colcon.meta'], base_paths=['.'], packages_ignore=None, packages_ignore_regex=None, paths=None, packages_up_to=None, packages_up_to_regex=None, packages_above=None, packages_above_and_dependencies=None, packages_above_depth=None, packages_select_by_dep=None, packages_skip_by_dep=None, packages_skip_up_to=None, packages_select_build_failed=False, packages_skip_build_finished=False, packages_select_test_failures=False, packages_skip_test_passed=False, packages_select=['serial_comm1'], packages_skip=None, packages_select_regex=None, packages_skip_regex=None, packages_start=None, packages_end=None, allow_overriding=[], cmake_args=None, cmake_target=None, cmake_target_skip_unavailable=False, cmake_clean_cache=False, cmake_clean_first=False, cmake_force_configure=False, ament_cmake_args=None, catkin_cmake_args=None, catkin_skip_building_tests=False, mixin_files=None, mixin=None, verb_parser=<colcon_mixin.mixin.mixin_argument.MixinArgumentDecorator object at 0x7affb5c39990>, verb_extension=<colcon_core.verb.build.BuildVerb object at 0x7affb5c39210>, main=<bound method BuildVerb.main of <colcon_core.verb.build.BuildVerb object at 0x7affb5c39210>>, mixin_verb=('build',))
[0.159s] Level 1:colcon.colcon_core.package_discovery:discover_packages(colcon_meta) check parameters
[0.159s] Level 1:colcon.colcon_core.package_discovery:discover_packages(recursive) check parameters
[0.159s] Level 1:colcon.colcon_core.package_discovery:discover_packages(ignore) check parameters
[0.159s] Level 1:colcon.colcon_core.package_discovery:discover_packages(path) check parameters
[0.159s] Level 1:colcon.colcon_core.package_discovery:discover_packages(colcon_meta) discover
[0.159s] Level 1:colcon.colcon_core.package_discovery:discover_packages(recursive) discover
[0.159s] INFO:colcon.colcon_core.package_discovery:Crawling recursively for packages in '/home/sonia/ros2_ws/src'
[0.159s] Level 1:colcon.colcon_core.package_identification:_identify(.) by extensions ['ignore', 'ignore_ament_install']
[0.159s] Level 1:colcon.colcon_core.package_identification:_identify(.) by extension 'ignore'
[0.159s] Level 1:colcon.colcon_core.package_identification:_identify(.) by extension 'ignore_ament_install'
[0.159s] Level 1:colcon.colcon_core.package_identification:_identify(.) by extensions ['colcon_pkg']
[0.159s] Level 1:colcon.colcon_core.package_identification:_identify(.) by extension 'colcon_pkg'
[0.159s] Level 1:colcon.colcon_core.package_identification:_identify(.) by extensions ['colcon_meta']
[0.159s] Level 1:colcon.colcon_core.package_identification:_identify(.) by extension 'colcon_meta'
[0.159s] Level 1:colcon.colcon_core.package_identification:_identify(.) by extensions ['ros']
[0.159s] Level 1:colcon.colcon_core.package_identification:_identify(.) by extension 'ros'
[0.170s] Level 1:colcon.colcon_core.package_identification:_identify(.) by extensions ['cmake', 'python']
[0.179s] Level 1:colcon.colcon_core.package_identification:_identify(.) by extension 'cmake'
[0.179s] Level 1:colcon.colcon_core.package_identification:_identify(.) by extension 'python'
[0.179s] Level 1:colcon.colcon_core.package_identification:_identify(.) by extensions ['python_setup_py']
[0.179s] Level 1:colcon.colcon_core.package_identification:_identify(.) by extension 'python_setup_py'
[0.179s] Level 1:colcon.colcon_core.package_identification:_identify(build) by extensions ['ignore', 'ignore_ament_install']
[0.180s] Level 1:colcon.colcon_core.package_identification:_identify(build) by extension 'ignore'
[0.180s] Level 1:colcon.colcon_core.package_identification:_identify(build) ignored
[0.180s] Level 1:colcon.colcon_core.package_identification:_identify(cpp_pubsub) by extensions ['ignore', 'ignore_ament_install']
[0.180s] Level 1:colcon.colcon_core.package_identification:_identify(cpp_pubsub) by extension 'ignore'
[0.180s] Level 1:colcon.colcon_core.package_identification:_identify(cpp_pubsub) by extension 'ignore_ament_install'
[0.180s] Level 1:colcon.colcon_core.package_identification:_identify(cpp_pubsub) by extensions ['colcon_pkg']
[0.180s] Level 1:colcon.colcon_core.package_identification:_identify(cpp_pubsub) by extension 'colcon_pkg'
[0.180s] Level 1:colcon.colcon_core.package_identification:_identify(cpp_pubsub) by extensions ['colcon_meta']
[0.180s] Level 1:colcon.colcon_core.package_identification:_identify(cpp_pubsub) by extension 'colcon_meta'
[0.180s] Level 1:colcon.colcon_core.package_identification:_identify(cpp_pubsub) by extensions ['ros']
[0.180s] Level 1:colcon.colcon_core.package_identification:_identify(cpp_pubsub) by extension 'ros'
[0.183s] DEBUG:colcon.colcon_core.package_identification:Package 'cpp_pubsub' with type 'ros.ament_cmake' and name 'cpp_pubsub'
[0.183s] Level 1:colcon.colcon_core.package_identification:_identify(install) by extensions ['ignore', 'ignore_ament_install']
[0.183s] Level 1:colcon.colcon_core.package_identification:_identify(install) by extension 'ignore'
[0.183s] Level 1:colcon.colcon_core.package_identification:_identify(install) ignored
[0.183s] Level 1:colcon.colcon_core.package_identification:_identify(log) by extensions ['ignore', 'ignore_ament_install']
[0.183s] Level 1:colcon.colcon_core.package_identification:_identify(log) by extension 'ignore'
[0.183s] Level 1:colcon.colcon_core.package_identification:_identify(log) ignored
[0.183s] Level 1:colcon.colcon_core.package_identification:_identify(ros_tutorials) by extensions ['ignore', 'ignore_ament_install']
[0.183s] Level 1:colcon.colcon_core.package_identification:_identify(ros_tutorials) by extension 'ignore'
[0.183s] Level 1:colcon.colcon_core.package_identification:_identify(ros_tutorials) by extension 'ignore_ament_install'
[0.183s] Level 1:colcon.colcon_core.package_identification:_identify(ros_tutorials) by extensions ['colcon_pkg']
[0.183s] Level 1:colcon.colcon_core.package_identification:_identify(ros_tutorials) by extension 'colcon_pkg'
[0.183s] Level 1:colcon.colcon_core.package_identification:_identify(ros_tutorials) by extensions ['colcon_meta']
[0.183s] Level 1:colcon.colcon_core.package_identification:_identify(ros_tutorials) by extension 'colcon_meta'
[0.183s] Level 1:colcon.colcon_core.package_identification:_identify(ros_tutorials) by extensions ['ros']
[0.183s] Level 1:colcon.colcon_core.package_identification:_identify(ros_tutorials) by extension 'ros'
[0.183s] Level 1:colcon.colcon_core.package_identification:_identify(ros_tutorials) by extensions ['cmake', 'python']
[0.183s] Level 1:colcon.colcon_core.package_identification:_identify(ros_tutorials) by extension 'cmake'
[0.183s] Level 1:colcon.colcon_core.package_identification:_identify(ros_tutorials) by extension 'python'
[0.183s] Level 1:colcon.colcon_core.package_identification:_identify(ros_tutorials) by extensions ['python_setup_py']
[0.183s] Level 1:colcon.colcon_core.package_identification:_identify(ros_tutorials) by extension 'python_setup_py'
[0.183s] Level 1:colcon.colcon_core.package_identification:_identify(ros_tutorials/ros_tutorials) by extensions ['ignore', 'ignore_ament_install']
[0.183s] Level 1:colcon.colcon_core.package_identification:_identify(ros_tutorials/ros_tutorials) by extension 'ignore'
[0.183s] Level 1:colcon.colcon_core.package_identification:_identify(ros_tutorials/ros_tutorials) ignored
[0.184s] Level 1:colcon.colcon_core.package_identification:_identify(ros_tutorials/roscpp_tutorials) by extensions ['ignore', 'ignore_ament_install']
[0.184s] Level 1:colcon.colcon_core.package_identification:_identify(ros_tutorials/roscpp_tutorials) by extension 'ignore'
[0.184s] Level 1:colcon.colcon_core.package_identification:_identify(ros_tutorials/roscpp_tutorials) ignored
[0.184s] Level 1:colcon.colcon_core.package_identification:_identify(ros_tutorials/rospy_tutorials) by extensions ['ignore', 'ignore_ament_install']
[0.184s] Level 1:colcon.colcon_core.package_identification:_identify(ros_tutorials/rospy_tutorials) by extension 'ignore'
[0.184s] Level 1:colcon.colcon_core.package_identification:_identify(ros_tutorials/rospy_tutorials) ignored
[0.184s] Level 1:colcon.colcon_core.package_identification:_identify(ros_tutorials/turtlesim) by extensions ['ignore', 'ignore_ament_install']
[0.184s] Level 1:colcon.colcon_core.package_identification:_identify(ros_tutorials/turtlesim) by extension 'ignore'
[0.184s] Level 1:colcon.colcon_core.package_identification:_identify(ros_tutorials/turtlesim) by extension 'ignore_ament_install'
[0.184s] Level 1:colcon.colcon_core.package_identification:_identify(ros_tutorials/turtlesim) by extensions ['colcon_pkg']
[0.184s] Level 1:colcon.colcon_core.package_identification:_identify(ros_tutorials/turtlesim) by extension 'colcon_pkg'
[0.184s] Level 1:colcon.colcon_core.package_identification:_identify(ros_tutorials/turtlesim) by extensions ['colcon_meta']
[0.184s] Level 1:colcon.colcon_core.package_identification:_identify(ros_tutorials/turtlesim) by extension 'colcon_meta'
[0.184s] Level 1:colcon.colcon_core.package_identification:_identify(ros_tutorials/turtlesim) by extensions ['ros']
[0.184s] Level 1:colcon.colcon_core.package_identification:_identify(ros_tutorials/turtlesim) by extension 'ros'
[0.196s] DEBUG:colcon.colcon_core.package_identification:Package 'ros_tutorials/turtlesim' with type 'ros.ament_cmake' and name 'turtlesim'
[0.196s] Level 1:colcon.colcon_core.package_identification:_identify(serial_comm) by extensions ['ignore', 'ignore_ament_install']
[0.196s] Level 1:colcon.colcon_core.package_identification:_identify(serial_comm) by extension 'ignore'
[0.196s] Level 1:colcon.colcon_core.package_identification:_identify(serial_comm) by extension 'ignore_ament_install'
[0.196s] Level 1:colcon.colcon_core.package_identification:_identify(serial_comm) by extensions ['colcon_pkg']
[0.196s] Level 1:colcon.colcon_core.package_identification:_identify(serial_comm) by extension 'colcon_pkg'
[0.196s] Level 1:colcon.colcon_core.package_identification:_identify(serial_comm) by extensions ['colcon_meta']
[0.196s] Level 1:colcon.colcon_core.package_identification:_identify(serial_comm) by extension 'colcon_meta'
[0.196s] Level 1:colcon.colcon_core.package_identification:_identify(serial_comm) by extensions ['ros']
[0.196s] Level 1:colcon.colcon_core.package_identification:_identify(serial_comm) by extension 'ros'
[0.196s] DEBUG:colcon.colcon_core.package_identification:Package 'serial_comm' with type 'ros.ament_cmake' and name 'serial_comm'
[0.196s] Level 1:colcon.colcon_core.package_identification:_identify(serial_comm1) by extensions ['ignore', 'ignore_ament_install']
[0.197s] Level 1:colcon.colcon_core.package_identification:_identify(serial_comm1) by extension 'ignore'
[0.197s] Level 1:colcon.colcon_core.package_identification:_identify(serial_comm1) by extension 'ignore_ament_install'
[0.197s] Level 1:colcon.colcon_core.package_identification:_identify(serial_comm1) by extensions ['colcon_pkg']
[0.197s] Level 1:colcon.colcon_core.package_identification:_identify(serial_comm1) by extension 'colcon_pkg'
[0.197s] Level 1:colcon.colcon_core.package_identification:_identify(serial_comm1) by extensions ['colcon_meta']
[0.197s] Level 1:colcon.colcon_core.package_identification:_identify(serial_comm1) by extension 'colcon_meta'
[0.197s] Level 1:colcon.colcon_core.package_identification:_identify(serial_comm1) by extensions ['ros']
[0.197s] Level 1:colcon.colcon_core.package_identification:_identify(serial_comm1) by extension 'ros'
[0.197s] DEBUG:colcon.colcon_core.package_identification:Package 'serial_comm1' with type 'ros.ament_cmake' and name 'serial_comm1'
[0.198s] Level 1:colcon.colcon_core.package_discovery:discover_packages(recursive) using defaults
[0.198s] Level 1:colcon.colcon_core.package_discovery:discover_packages(ignore) discover
[0.198s] Level 1:colcon.colcon_core.package_discovery:discover_packages(ignore) using defaults
[0.198s] Level 1:colcon.colcon_core.package_discovery:discover_packages(path) discover
[0.198s] Level 1:colcon.colcon_core.package_discovery:discover_packages(path) using defaults
[0.227s] INFO:colcon.colcon_core.package_selection:Skipping not selected package 'cpp_pubsub' in 'cpp_pubsub'
[0.227s] INFO:colcon.colcon_core.package_selection:Skipping not selected package 'serial_comm' in 'serial_comm'
[0.227s] INFO:colcon.colcon_core.package_selection:Skipping not selected package 'turtlesim' in 'ros_tutorials/turtlesim'
[0.227s] Level 1:colcon.colcon_core.package_discovery:discover_packages(prefix_path) check parameters
[0.227s] Level 1:colcon.colcon_core.package_discovery:discover_packages(prefix_path) discover
[0.228s] DEBUG:colcon.colcon_installed_package_information.package_discovery:Found 3 installed packages in /home/sonia/ros2_ws/src/install
[0.229s] DEBUG:colcon.colcon_installed_package_information.package_discovery:Found 4 installed packages in /home/sonia/ros2_ws/install
[0.231s] DEBUG:colcon.colcon_installed_package_information.package_discovery:Found 294 installed packages in /opt/ros/humble
[0.232s] Level 1:colcon.colcon_core.package_discovery:discover_packages(prefix_path) using defaults
[0.254s] Level 5:colcon.colcon_core.verb:set package 'serial_comm1' build argument 'cmake_args' from command line to 'None'
[0.255s] Level 5:colcon.colcon_core.verb:set package 'serial_comm1' build argument 'cmake_target' from command line to 'None'
[0.255s] Level 5:colcon.colcon_core.verb:set package 'serial_comm1' build argument 'cmake_target_skip_unavailable' from command line to 'False'
[0.255s] Level 5:colcon.colcon_core.verb:set package 'serial_comm1' build argument 'cmake_clean_cache' from command line to 'False'
[0.255s] Level 5:colcon.colcon_core.verb:set package 'serial_comm1' build argument 'cmake_clean_first' from command line to 'False'
[0.255s] Level 5:colcon.colcon_core.verb:set package 'serial_comm1' build argument 'cmake_force_configure' from command line to 'False'
[0.255s] Level 5:colcon.colcon_core.verb:set package 'serial_comm1' build argument 'ament_cmake_args' from command line to 'None'
[0.255s] Level 5:colcon.colcon_core.verb:set package 'serial_comm1' build argument 'catkin_cmake_args' from command line to 'None'
[0.255s] Level 5:colcon.colcon_core.verb:set package 'serial_comm1' build argument 'catkin_skip_building_tests' from command line to 'False'
[0.255s] DEBUG:colcon.colcon_core.verb:Building package 'serial_comm1' with the following arguments: {'ament_cmake_args': None, 'build_base': '/home/sonia/ros2_ws/src/build/serial_comm1', 'catkin_cmake_args': None, 'catkin_skip_building_tests': False, 'cmake_args': None, 'cmake_clean_cache': False, 'cmake_clean_first': False, 'cmake_force_configure': False, 'cmake_target': None, 'cmake_target_skip_unavailable': False, 'install_base': '/home/sonia/ros2_ws/src/install/serial_comm1', 'merge_install': False, 'path': '/home/sonia/ros2_ws/src/serial_comm1', 'symlink_install': False, 'test_result_base': None}
[0.255s] INFO:colcon.colcon_core.executor:Executing jobs using 'parallel' executor
[0.256s] DEBUG:colcon.colcon_parallel_executor.executor.parallel:run_until_complete
[0.256s] INFO:colcon.colcon_ros.task.ament_cmake.build:Building ROS package in '/home/sonia/ros2_ws/src/serial_comm1' with build type 'ament_cmake'
[0.256s] INFO:colcon.colcon_cmake.task.cmake.build:Building CMake package in '/home/sonia/ros2_ws/src/serial_comm1'
[0.257s] INFO:colcon.colcon_core.plugin_system:Skipping extension 'colcon_core.shell.bat': Not used on non-Windows systems
[0.257s] INFO:colcon.colcon_core.shell:Skip shell extension 'powershell' for command environment: Not usable outside of PowerShell
[0.257s] DEBUG:colcon.colcon_core.shell:Skip shell extension 'dsv' for command environment
[0.264s] DEBUG:colcon.colcon_core.event_handler.log_command:Invoking command in '/home/sonia/ros2_ws/src/build/serial_comm1': CMAKE_PREFIX_PATH=${CMAKE_PREFIX_PATH}:/opt/ros/humble /usr/bin/cmake --build /home/sonia/ros2_ws/src/build/serial_comm1 -- -j1 -l1
[20.047s] DEBUG:colcon.colcon_core.event_handler.log_command:Invoked command in '/home/sonia/ros2_ws/src/build/serial_comm1' returned '0': CMAKE_PREFIX_PATH=${CMAKE_PREFIX_PATH}:/opt/ros/humble /usr/bin/cmake --build /home/sonia/ros2_ws/src/build/serial_comm1 -- -j1 -l1
[20.117s] DEBUG:colcon.colcon_core.event_handler.log_command:Invoking command in '/home/sonia/ros2_ws/src/build/serial_comm1': CMAKE_PREFIX_PATH=${CMAKE_PREFIX_PATH}:/opt/ros/humble /usr/bin/cmake --install /home/sonia/ros2_ws/src/build/serial_comm1
[20.161s] Level 1:colcon.colcon_core.environment:create_environment_scripts_only(serial_comm1)
[20.162s] Level 1:colcon.colcon_core.environment:checking '/home/sonia/ros2_ws/src/install/serial_comm1' for CMake module files
[20.163s] Level 1:colcon.colcon_core.environment:checking '/home/sonia/ros2_ws/src/install/serial_comm1' for CMake config files
[20.168s] DEBUG:colcon.colcon_core.event_handler.log_command:Invoked command in '/home/sonia/ros2_ws/src/build/serial_comm1' returned '0': CMAKE_PREFIX_PATH=${CMAKE_PREFIX_PATH}:/opt/ros/humble /usr/bin/cmake --install /home/sonia/ros2_ws/src/build/serial_comm1
[20.168s] Level 1:colcon.colcon_core.shell:create_environment_hook('serial_comm1', 'cmake_prefix_path')
[20.168s] INFO:colcon.colcon_core.shell:Creating environment hook '/home/sonia/ros2_ws/src/install/serial_comm1/share/serial_comm1/hook/cmake_prefix_path.ps1'
[20.168s] INFO:colcon.colcon_core.shell:Creating environment descriptor '/home/sonia/ros2_ws/src/install/serial_comm1/share/serial_comm1/hook/cmake_prefix_path.dsv'
[20.172s] INFO:colcon.colcon_core.shell:Creating environment hook '/home/sonia/ros2_ws/src/install/serial_comm1/share/serial_comm1/hook/cmake_prefix_path.sh'
[20.172s] Level 1:colcon.colcon_core.environment:checking '/home/sonia/ros2_ws/src/install/serial_comm1/lib'
[20.173s] Level 1:colcon.colcon_core.environment:checking '/home/sonia/ros2_ws/src/install/serial_comm1/bin'
[20.173s] Level 1:colcon.colcon_core.environment:checking '/home/sonia/ros2_ws/src/install/serial_comm1/lib/pkgconfig/serial_comm1.pc'
[20.173s] Level 1:colcon.colcon_core.environment:checking '/home/sonia/ros2_ws/src/install/serial_comm1/lib/python3.10/site-packages'
[20.173s] Level 1:colcon.colcon_core.environment:checking '/home/sonia/ros2_ws/src/install/serial_comm1/bin'
[20.173s] INFO:colcon.colcon_core.shell:Creating package script '/home/sonia/ros2_ws/src/install/serial_comm1/share/serial_comm1/package.ps1'
[20.174s] INFO:colcon.colcon_core.shell:Creating package descriptor '/home/sonia/ros2_ws/src/install/serial_comm1/share/serial_comm1/package.dsv'
[20.179s] INFO:colcon.colcon_core.shell:Creating package script '/home/sonia/ros2_ws/src/install/serial_comm1/share/serial_comm1/package.sh'
[20.180s] INFO:colcon.colcon_core.shell:Creating package script '/home/sonia/ros2_ws/src/install/serial_comm1/share/serial_comm1/package.bash'
[20.181s] INFO:colcon.colcon_core.shell:Creating package script '/home/sonia/ros2_ws/src/install/serial_comm1/share/serial_comm1/package.zsh'
[20.181s] Level 1:colcon.colcon_core.environment:create_file_with_runtime_dependencies(/home/sonia/ros2_ws/src/install/serial_comm1/share/colcon-core/packages/serial_comm1)
[20.218s] Level 1:colcon.colcon_core.environment:create_environment_scripts_only(serial_comm1)
[20.218s] Level 1:colcon.colcon_core.environment:checking '/home/sonia/ros2_ws/src/install/serial_comm1' for CMake module files
[20.219s] Level 1:colcon.colcon_core.environment:checking '/home/sonia/ros2_ws/src/install/serial_comm1' for CMake config files
[20.219s] Level 1:colcon.colcon_core.shell:create_environment_hook('serial_comm1', 'cmake_prefix_path')
[20.219s] INFO:colcon.colcon_core.shell:Creating environment hook '/home/sonia/ros2_ws/src/install/serial_comm1/share/serial_comm1/hook/cmake_prefix_path.ps1'
[20.220s] INFO:colcon.colcon_core.shell:Creating environment descriptor '/home/sonia/ros2_ws/src/install/serial_comm1/share/serial_comm1/hook/cmake_prefix_path.dsv'
[20.220s] INFO:colcon.colcon_core.shell:Creating environment hook '/home/sonia/ros2_ws/src/install/serial_comm1/share/serial_comm1/hook/cmake_prefix_path.sh'
[20.221s] Level 1:colcon.colcon_core.environment:checking '/home/sonia/ros2_ws/src/install/serial_comm1/lib'
[20.221s] Level 1:colcon.colcon_core.environment:checking '/home/sonia/ros2_ws/src/install/serial_comm1/bin'
[20.221s] Level 1:colcon.colcon_core.environment:checking '/home/sonia/ros2_ws/src/install/serial_comm1/lib/pkgconfig/serial_comm1.pc'
[20.221s] Level 1:colcon.colcon_core.environment:checking '/home/sonia/ros2_ws/src/install/serial_comm1/lib/python3.10/site-packages'
[20.222s] Level 1:colcon.colcon_core.environment:checking '/home/sonia/ros2_ws/src/install/serial_comm1/bin'
[20.223s] INFO:colcon.colcon_core.shell:Creating package script '/home/sonia/ros2_ws/src/install/serial_comm1/share/serial_comm1/package.ps1'
[20.224s] INFO:colcon.colcon_core.shell:Creating package descriptor '/home/sonia/ros2_ws/src/install/serial_comm1/share/serial_comm1/package.dsv'
[20.224s] INFO:colcon.colcon_core.shell:Creating package script '/home/sonia/ros2_ws/src/install/serial_comm1/share/serial_comm1/package.sh'
[20.224s] INFO:colcon.colcon_core.shell:Creating package script '/home/sonia/ros2_ws/src/install/serial_comm1/share/serial_comm1/package.bash'
[20.225s] INFO:colcon.colcon_core.shell:Creating package script '/home/sonia/ros2_ws/src/install/serial_comm1/share/serial_comm1/package.zsh'
[20.225s] Level 1:colcon.colcon_core.environment:create_file_with_runtime_dependencies(/home/sonia/ros2_ws/src/install/serial_comm1/share/colcon-core/packages/serial_comm1)
[20.226s] DEBUG:colcon.colcon_parallel_executor.executor.parallel:closing loop
[20.226s] DEBUG:colcon.colcon_parallel_executor.executor.parallel:loop closed
[20.227s] DEBUG:colcon.colcon_parallel_executor.executor.parallel:run_until_complete finished with '0'
[20.227s] DEBUG:colcon.colcon_core.event_reactor:joining thread
[20.229s] INFO:colcon.colcon_core.plugin_system:Skipping extension 'colcon_notification.desktop_notification.terminal_notifier': Not used on non-Darwin systems
[20.230s] INFO:colcon.colcon_core.plugin_system:Skipping extension 'colcon_notification.desktop_notification.win32': Not used on non-Windows systems
[20.230s] INFO:colcon.colcon_notification.desktop_notification:Sending desktop notification using 'notify2'
[20.238s] DEBUG:colcon.colcon_core.event_reactor:joined thread
[20.238s] INFO:colcon.colcon_core.shell:Creating prefix script '/home/sonia/ros2_ws/src/install/local_setup.ps1'
[20.240s] INFO:colcon.colcon_core.shell:Creating prefix util module '/home/sonia/ros2_ws/src/install/_local_setup_util_ps1.py'
[20.242s] INFO:colcon.colcon_core.shell:Creating prefix chain script '/home/sonia/ros2_ws/src/install/setup.ps1'
[20.246s] INFO:colcon.colcon_core.shell:Creating prefix script '/home/sonia/ros2_ws/src/install/local_setup.sh'
[20.246s] INFO:colcon.colcon_core.shell:Creating prefix util module '/home/sonia/ros2_ws/src/install/_local_setup_util_sh.py'
[20.247s] INFO:colcon.colcon_core.shell:Creating prefix chain script '/home/sonia/ros2_ws/src/install/setup.sh'
[20.248s] INFO:colcon.colcon_core.shell:Creating prefix script '/home/sonia/ros2_ws/src/install/local_setup.bash'
[20.250s] INFO:colcon.colcon_core.shell:Creating prefix chain script '/home/sonia/ros2_ws/src/install/setup.bash'
[20.251s] INFO:colcon.colcon_core.shell:Creating prefix script '/home/sonia/ros2_ws/src/install/local_setup.zsh'
[20.252s] INFO:colcon.colcon_core.shell:Creating prefix chain script '/home/sonia/ros2_ws/src/install/setup.zsh'
