[0.125s] Invoking command in '/home/leasch/pivoane/raspberryPI3/ros2_ws/build/system_check': AMENT_PREFIX_PATH=/home/leasch/pivoane/raspberryPI3/ros2_ws/install/interfaces:${AMENT_PREFIX_PATH} CMAKE_PREFIX_PATH=/home/leasch/pivoane/raspberryPI3/ros2_ws/install/interfaces:/opt/ros/humble LD_LIBRARY_PATH=/home/leasch/pivoane/raspberryPI3/ros2_ws/install/interfaces/lib:${LD_LIBRARY_PATH} PYTHONPATH=/home/leasch/pivoane/raspberryPI3/ros2_ws/install/interfaces/local/lib/python3.10/dist-packages:${PYTHONPATH} /usr/bin/cmake /home/leasch/pivoane/raspberryPI3/ros2_ws/src/system_check -DCMAKE_INSTALL_PREFIX=/home/leasch/pivoane/raspberryPI3/ros2_ws/install/system_check
[0.279s] -- The C compiler identification is GNU 11.2.0
[0.793s] -- The CXX compiler identification is GNU 11.2.0
[1.189s] -- Detecting C compiler ABI info
[1.335s] -- Detecting C compiler ABI info - done
[1.340s] -- Check for working C compiler: /usr/bin/cc - skipped
[1.340s] -- Detecting C compile features
[1.340s] -- Detecting C compile features - done
[1.343s] -- Detecting CXX compiler ABI info
[1.499s] -- Detecting CXX compiler ABI info - done
[1.506s] -- Check for working CXX compiler: /usr/bin/c++ - skipped
[1.506s] -- Detecting CXX compile features
[1.506s] -- Detecting CXX compile features - done
[1.508s] -- Found ament_cmake: 1.3.2 (/opt/ros/humble/share/ament_cmake/cmake)
[1.623s] -- Found Python3: /usr/bin/python3.10 (found version "3.10.6") found components: Interpreter 
[1.681s] -- Found rclcpp: 16.0.1 (/opt/ros/humble/share/rclcpp/cmake)
[1.972s] -- Found rosidl_generator_c: 3.1.3 (/opt/ros/humble/share/rosidl_generator_c/cmake)
[1.974s] -- Found rosidl_adapter: 3.1.3 (/opt/ros/humble/share/rosidl_adapter/cmake)
[1.979s] -- Found rosidl_generator_cpp: 3.1.3 (/opt/ros/humble/share/rosidl_generator_cpp/cmake)
[1.988s] -- Using all available rosidl_typesupport_c: rosidl_typesupport_fastrtps_c;rosidl_typesupport_introspection_c
[2.000s] -- Using all available rosidl_typesupport_cpp: rosidl_typesupport_fastrtps_cpp;rosidl_typesupport_introspection_cpp
[2.044s] -- Found rmw_implementation_cmake: 6.1.0 (/opt/ros/humble/share/rmw_implementation_cmake/cmake)
[2.045s] -- Found rmw_fastrtps_cpp: 6.2.1 (/opt/ros/humble/share/rmw_fastrtps_cpp/cmake)
[4.211s] -- Found OpenSSL: /usr/lib/x86_64-linux-gnu/libcrypto.so (found version "3.0.2")  
[6.624s] -- Found FastRTPS: /opt/ros/humble/include  
[11.205s] -- Using RMW implementation 'rmw_fastrtps_cpp' as default
[11.312s] -- Found sensor_msgs: 4.2.2 (/opt/ros/humble/share/sensor_msgs/cmake)
[11.405s] -- Found interfaces: 0.0.0 (/home/leasch/pivoane/raspberryPI3/ros2_ws/install/interfaces/share/interfaces/cmake)
[11.418s] -- Found ament_lint_auto: 0.12.4 (/opt/ros/humble/share/ament_lint_auto/cmake)
[11.484s] -- Added test 'cppcheck' to perform static code analysis on C / C++ code
[11.484s] -- Configured cppcheck include dirs: $<BUILD_INTERFACE:/home/leasch/pivoane/raspberryPI3/ros2_ws/src/system_check/include>
[11.484s] -- Configured cppcheck exclude dirs and/or files: 
[11.485s] -- Added test 'lint_cmake' to check CMake code style
[11.486s] -- Added test 'uncrustify' to check C / C++ code style
[11.486s] -- Configured uncrustify additional arguments: 
[11.486s] -- Added test 'xmllint' to check XML markup files
[11.487s] -- Configuring done
[11.494s] -- Generating done
[11.496s] -- Build files have been written to: /home/leasch/pivoane/raspberryPI3/ros2_ws/build/system_check
[11.503s] Invoked command in '/home/leasch/pivoane/raspberryPI3/ros2_ws/build/system_check' returned '0': AMENT_PREFIX_PATH=/home/leasch/pivoane/raspberryPI3/ros2_ws/install/interfaces:${AMENT_PREFIX_PATH} CMAKE_PREFIX_PATH=/home/leasch/pivoane/raspberryPI3/ros2_ws/install/interfaces:/opt/ros/humble LD_LIBRARY_PATH=/home/leasch/pivoane/raspberryPI3/ros2_ws/install/interfaces/lib:${LD_LIBRARY_PATH} PYTHONPATH=/home/leasch/pivoane/raspberryPI3/ros2_ws/install/interfaces/local/lib/python3.10/dist-packages:${PYTHONPATH} /usr/bin/cmake /home/leasch/pivoane/raspberryPI3/ros2_ws/src/system_check -DCMAKE_INSTALL_PREFIX=/home/leasch/pivoane/raspberryPI3/ros2_ws/install/system_check
[11.506s] Invoking command in '/home/leasch/pivoane/raspberryPI3/ros2_ws/build/system_check': AMENT_PREFIX_PATH=/home/leasch/pivoane/raspberryPI3/ros2_ws/install/interfaces:${AMENT_PREFIX_PATH} CMAKE_PREFIX_PATH=/home/leasch/pivoane/raspberryPI3/ros2_ws/install/interfaces:/opt/ros/humble LD_LIBRARY_PATH=/home/leasch/pivoane/raspberryPI3/ros2_ws/install/interfaces/lib:${LD_LIBRARY_PATH} PYTHONPATH=/home/leasch/pivoane/raspberryPI3/ros2_ws/install/interfaces/local/lib/python3.10/dist-packages:${PYTHONPATH} /usr/bin/cmake --build /home/leasch/pivoane/raspberryPI3/ros2_ws/build/system_check -- -j8 -l8
[11.539s] [ 50%] [32mBuilding CXX object CMakeFiles/system_check_node.dir/src/system_check_node.cpp.o[0m
[31.711s] [100%] [32m[1mLinking CXX executable system_check_node[0m
[33.238s] [100%] Built target system_check_node
[33.251s] Invoked command in '/home/leasch/pivoane/raspberryPI3/ros2_ws/build/system_check' returned '0': AMENT_PREFIX_PATH=/home/leasch/pivoane/raspberryPI3/ros2_ws/install/interfaces:${AMENT_PREFIX_PATH} CMAKE_PREFIX_PATH=/home/leasch/pivoane/raspberryPI3/ros2_ws/install/interfaces:/opt/ros/humble LD_LIBRARY_PATH=/home/leasch/pivoane/raspberryPI3/ros2_ws/install/interfaces/lib:${LD_LIBRARY_PATH} PYTHONPATH=/home/leasch/pivoane/raspberryPI3/ros2_ws/install/interfaces/local/lib/python3.10/dist-packages:${PYTHONPATH} /usr/bin/cmake --build /home/leasch/pivoane/raspberryPI3/ros2_ws/build/system_check -- -j8 -l8
[33.275s] Invoking command in '/home/leasch/pivoane/raspberryPI3/ros2_ws/build/system_check': AMENT_PREFIX_PATH=/home/leasch/pivoane/raspberryPI3/ros2_ws/install/interfaces:${AMENT_PREFIX_PATH} CMAKE_PREFIX_PATH=/home/leasch/pivoane/raspberryPI3/ros2_ws/install/interfaces:/opt/ros/humble LD_LIBRARY_PATH=/home/leasch/pivoane/raspberryPI3/ros2_ws/install/interfaces/lib:${LD_LIBRARY_PATH} PYTHONPATH=/home/leasch/pivoane/raspberryPI3/ros2_ws/install/interfaces/local/lib/python3.10/dist-packages:${PYTHONPATH} /usr/bin/cmake --install /home/leasch/pivoane/raspberryPI3/ros2_ws/build/system_check
[33.280s] -- Install configuration: ""
[33.280s] -- Installing: /home/leasch/pivoane/raspberryPI3/ros2_ws/install/system_check/lib/system_check/system_check_node
[33.289s] -- Set runtime path of "/home/leasch/pivoane/raspberryPI3/ros2_ws/install/system_check/lib/system_check/system_check_node" to ""
[33.289s] -- Installing: /home/leasch/pivoane/raspberryPI3/ros2_ws/install/system_check/share/ament_index/resource_index/package_run_dependencies/system_check
[33.289s] -- Installing: /home/leasch/pivoane/raspberryPI3/ros2_ws/install/system_check/share/ament_index/resource_index/parent_prefix_path/system_check
[33.289s] -- Installing: /home/leasch/pivoane/raspberryPI3/ros2_ws/install/system_check/share/system_check/environment/ament_prefix_path.sh
[33.290s] -- Installing: /home/leasch/pivoane/raspberryPI3/ros2_ws/install/system_check/share/system_check/environment/ament_prefix_path.dsv
[33.290s] -- Installing: /home/leasch/pivoane/raspberryPI3/ros2_ws/install/system_check/share/system_check/environment/path.sh
[33.290s] -- Installing: /home/leasch/pivoane/raspberryPI3/ros2_ws/install/system_check/share/system_check/environment/path.dsv
[33.290s] -- Installing: /home/leasch/pivoane/raspberryPI3/ros2_ws/install/system_check/share/system_check/local_setup.bash
[33.290s] -- Installing: /home/leasch/pivoane/raspberryPI3/ros2_ws/install/system_check/share/system_check/local_setup.sh
[33.290s] -- Installing: /home/leasch/pivoane/raspberryPI3/ros2_ws/install/system_check/share/system_check/local_setup.zsh
[33.290s] -- Installing: /home/leasch/pivoane/raspberryPI3/ros2_ws/install/system_check/share/system_check/local_setup.dsv
[33.291s] -- Installing: /home/leasch/pivoane/raspberryPI3/ros2_ws/install/system_check/share/system_check/package.dsv
[33.291s] -- Installing: /home/leasch/pivoane/raspberryPI3/ros2_ws/install/system_check/share/ament_index/resource_index/packages/system_check
[33.291s] -- Installing: /home/leasch/pivoane/raspberryPI3/ros2_ws/install/system_check/share/system_check/cmake/ament_cmake_export_include_directories-extras.cmake
[33.291s] -- Installing: /home/leasch/pivoane/raspberryPI3/ros2_ws/install/system_check/share/system_check/cmake/system_checkConfig.cmake
[33.291s] -- Installing: /home/leasch/pivoane/raspberryPI3/ros2_ws/install/system_check/share/system_check/cmake/system_checkConfig-version.cmake
[33.291s] -- Installing: /home/leasch/pivoane/raspberryPI3/ros2_ws/install/system_check/share/system_check/package.xml
[33.293s] Invoked command in '/home/leasch/pivoane/raspberryPI3/ros2_ws/build/system_check' returned '0': AMENT_PREFIX_PATH=/home/leasch/pivoane/raspberryPI3/ros2_ws/install/interfaces:${AMENT_PREFIX_PATH} CMAKE_PREFIX_PATH=/home/leasch/pivoane/raspberryPI3/ros2_ws/install/interfaces:/opt/ros/humble LD_LIBRARY_PATH=/home/leasch/pivoane/raspberryPI3/ros2_ws/install/interfaces/lib:${LD_LIBRARY_PATH} PYTHONPATH=/home/leasch/pivoane/raspberryPI3/ros2_ws/install/interfaces/local/lib/python3.10/dist-packages:${PYTHONPATH} /usr/bin/cmake --install /home/leasch/pivoane/raspberryPI3/ros2_ws/build/system_check
