[0.177s] Invoking command in '/home/leasch/pivoane/raspberryPI3/ros2_ws/build/joystick': AMENT_PREFIX_PATH=/home/leasch/pivoane/raspberryPI3/ros2_ws/install/interfaces:${AMENT_PREFIX_PATH} CMAKE_PREFIX_PATH=/home/leasch/pivoane/raspberryPI3/ros2_ws/install/interfaces:/opt/ros/humble LD_LIBRARY_PATH=/home/leasch/pivoane/raspberryPI3/ros2_ws/install/interfaces/lib:${LD_LIBRARY_PATH} PYTHONPATH=/home/leasch/pivoane/raspberryPI3/ros2_ws/install/interfaces/local/lib/python3.10/dist-packages:${PYTHONPATH} /usr/bin/cmake /home/leasch/pivoane/raspberryPI3/ros2_ws/src/joystick -DCMAKE_INSTALL_PREFIX=/home/leasch/pivoane/raspberryPI3/ros2_ws/install/joystick
[0.383s] -- The C compiler identification is GNU 11.2.0
[1.078s] -- The CXX compiler identification is GNU 11.2.0
[1.569s] -- Detecting C compiler ABI info
[1.749s] -- Detecting C compiler ABI info - done
[1.757s] -- Check for working C compiler: /usr/bin/cc - skipped
[1.757s] -- Detecting C compile features
[1.757s] -- Detecting C compile features - done
[1.760s] -- Detecting CXX compiler ABI info
[1.929s] -- Detecting CXX compiler ABI info - done
[1.934s] -- Check for working CXX compiler: /usr/bin/c++ - skipped
[1.934s] -- Detecting CXX compile features
[1.934s] -- Detecting CXX compile features - done
[1.936s] -- Found ament_cmake: 1.3.2 (/opt/ros/humble/share/ament_cmake/cmake)
[2.050s] -- Found Python3: /usr/bin/python3.10 (found version "3.10.6") found components: Interpreter 
[2.106s] -- Found rclcpp: 16.0.1 (/opt/ros/humble/share/rclcpp/cmake)
[2.421s] -- Found rosidl_generator_c: 3.1.3 (/opt/ros/humble/share/rosidl_generator_c/cmake)
[2.424s] -- Found rosidl_adapter: 3.1.3 (/opt/ros/humble/share/rosidl_adapter/cmake)
[2.429s] -- Found rosidl_generator_cpp: 3.1.3 (/opt/ros/humble/share/rosidl_generator_cpp/cmake)
[2.437s] -- Using all available rosidl_typesupport_c: rosidl_typesupport_fastrtps_c;rosidl_typesupport_introspection_c
[2.451s] -- Using all available rosidl_typesupport_cpp: rosidl_typesupport_fastrtps_cpp;rosidl_typesupport_introspection_cpp
[2.501s] -- Found rmw_implementation_cmake: 6.1.0 (/opt/ros/humble/share/rmw_implementation_cmake/cmake)
[2.502s] -- Found rmw_fastrtps_cpp: 6.2.1 (/opt/ros/humble/share/rmw_fastrtps_cpp/cmake)
[5.026s] -- Found OpenSSL: /usr/lib/x86_64-linux-gnu/libcrypto.so (found version "3.0.2")  
[7.613s] -- Found FastRTPS: /opt/ros/humble/include  
[12.845s] -- Using RMW implementation 'rmw_fastrtps_cpp' as default
[12.962s] -- Found rclpy: 3.3.4 (/opt/ros/humble/share/rclpy/cmake)
[12.963s] -- Found interfaces: 0.0.0 (/home/leasch/pivoane/raspberryPI3/ros2_ws/install/interfaces/share/interfaces/cmake)
[12.974s] -- Found sensor_msgs: 4.2.2 (/opt/ros/humble/share/sensor_msgs/cmake)
[13.136s] -- Found ament_lint_auto: 0.12.4 (/opt/ros/humble/share/ament_lint_auto/cmake)
[13.199s] -- Added test 'copyright' to check source files copyright and LICENSE
[13.202s] -- Added test 'cppcheck' to perform static code analysis on C / C++ code
[13.202s] -- Configured cppcheck include dirs: /home/leasch/pivoane/raspberryPI3/ros2_ws/src/joystick/include
[13.202s] -- Configured cppcheck exclude dirs and/or files: 
[13.204s] -- Added test 'cpplint' to check C / C++ code against the Google style
[13.204s] -- Configured cpplint exclude dirs and/or files: 
[13.204s] -- Added test 'flake8' to check Python code syntax and style conventions
[13.205s] -- Added test 'lint_cmake' to check CMake code style
[13.205s] -- Added test 'pep257' to check Python code against some of the docstring style conventions in PEP 257
[13.206s] -- Added test 'uncrustify' to check C / C++ code style
[13.206s] -- Configured uncrustify additional arguments: 
[13.207s] -- Added test 'xmllint' to check XML markup files
[13.207s] -- Configuring done
[13.215s] -- Generating done
[13.216s] -- Build files have been written to: /home/leasch/pivoane/raspberryPI3/ros2_ws/build/joystick
[13.224s] Invoked command in '/home/leasch/pivoane/raspberryPI3/ros2_ws/build/joystick' returned '0': AMENT_PREFIX_PATH=/home/leasch/pivoane/raspberryPI3/ros2_ws/install/interfaces:${AMENT_PREFIX_PATH} CMAKE_PREFIX_PATH=/home/leasch/pivoane/raspberryPI3/ros2_ws/install/interfaces:/opt/ros/humble LD_LIBRARY_PATH=/home/leasch/pivoane/raspberryPI3/ros2_ws/install/interfaces/lib:${LD_LIBRARY_PATH} PYTHONPATH=/home/leasch/pivoane/raspberryPI3/ros2_ws/install/interfaces/local/lib/python3.10/dist-packages:${PYTHONPATH} /usr/bin/cmake /home/leasch/pivoane/raspberryPI3/ros2_ws/src/joystick -DCMAKE_INSTALL_PREFIX=/home/leasch/pivoane/raspberryPI3/ros2_ws/install/joystick
[13.227s] Invoking command in '/home/leasch/pivoane/raspberryPI3/ros2_ws/build/joystick': AMENT_PREFIX_PATH=/home/leasch/pivoane/raspberryPI3/ros2_ws/install/interfaces:${AMENT_PREFIX_PATH} CMAKE_PREFIX_PATH=/home/leasch/pivoane/raspberryPI3/ros2_ws/install/interfaces:/opt/ros/humble LD_LIBRARY_PATH=/home/leasch/pivoane/raspberryPI3/ros2_ws/install/interfaces/lib:${LD_LIBRARY_PATH} PYTHONPATH=/home/leasch/pivoane/raspberryPI3/ros2_ws/install/interfaces/local/lib/python3.10/dist-packages:${PYTHONPATH} /usr/bin/cmake --build /home/leasch/pivoane/raspberryPI3/ros2_ws/build/joystick -- -j8 -l8
[13.260s] [ 50%] [32mBuilding CXX object CMakeFiles/joystick_to_cmd.dir/src/joystick_to_cmd_node.cpp.o[0m
[13.273s] [ 50%] Built target ament_cmake_python_copy_joystick
[13.428s] running egg_info
[13.428s] creating joystick.egg-info
[13.428s] writing joystick.egg-info/PKG-INFO
[13.429s] writing dependency_links to joystick.egg-info/dependency_links.txt
[13.429s] writing top-level names to joystick.egg-info/top_level.txt
[13.429s] writing manifest file 'joystick.egg-info/SOURCES.txt'
[13.431s] reading manifest file 'joystick.egg-info/SOURCES.txt'
[13.431s] writing manifest file 'joystick.egg-info/SOURCES.txt'
[13.452s] [ 50%] Built target ament_cmake_python_build_joystick_egg
[19.982s] [100%] [32m[1mLinking CXX executable joystick_to_cmd[0m
[20.462s] [100%] Built target joystick_to_cmd
[20.476s] Invoked command in '/home/leasch/pivoane/raspberryPI3/ros2_ws/build/joystick' returned '0': AMENT_PREFIX_PATH=/home/leasch/pivoane/raspberryPI3/ros2_ws/install/interfaces:${AMENT_PREFIX_PATH} CMAKE_PREFIX_PATH=/home/leasch/pivoane/raspberryPI3/ros2_ws/install/interfaces:/opt/ros/humble LD_LIBRARY_PATH=/home/leasch/pivoane/raspberryPI3/ros2_ws/install/interfaces/lib:${LD_LIBRARY_PATH} PYTHONPATH=/home/leasch/pivoane/raspberryPI3/ros2_ws/install/interfaces/local/lib/python3.10/dist-packages:${PYTHONPATH} /usr/bin/cmake --build /home/leasch/pivoane/raspberryPI3/ros2_ws/build/joystick -- -j8 -l8
[20.503s] Invoking command in '/home/leasch/pivoane/raspberryPI3/ros2_ws/build/joystick': AMENT_PREFIX_PATH=/home/leasch/pivoane/raspberryPI3/ros2_ws/install/interfaces:${AMENT_PREFIX_PATH} CMAKE_PREFIX_PATH=/home/leasch/pivoane/raspberryPI3/ros2_ws/install/interfaces:/opt/ros/humble LD_LIBRARY_PATH=/home/leasch/pivoane/raspberryPI3/ros2_ws/install/interfaces/lib:${LD_LIBRARY_PATH} PYTHONPATH=/home/leasch/pivoane/raspberryPI3/ros2_ws/install/interfaces/local/lib/python3.10/dist-packages:${PYTHONPATH} /usr/bin/cmake --install /home/leasch/pivoane/raspberryPI3/ros2_ws/build/joystick
[20.508s] -- Install configuration: ""
[20.508s] -- Installing: /home/leasch/pivoane/raspberryPI3/ros2_ws/install/joystick/lib/joystick/joystick_to_cmd
[20.510s] -- Set runtime path of "/home/leasch/pivoane/raspberryPI3/ros2_ws/install/joystick/lib/joystick/joystick_to_cmd" to ""
[20.510s] -- Installing: /home/leasch/pivoane/raspberryPI3/ros2_ws/install/joystick/share/joystick/environment/pythonpath.sh
[20.511s] -- Installing: /home/leasch/pivoane/raspberryPI3/ros2_ws/install/joystick/share/joystick/environment/pythonpath.dsv
[20.511s] -- Installing: /home/leasch/pivoane/raspberryPI3/ros2_ws/install/joystick/local/lib/python3.10/dist-packages/joystick-0.0.0-py3.10.egg-info
[20.512s] -- Installing: /home/leasch/pivoane/raspberryPI3/ros2_ws/install/joystick/local/lib/python3.10/dist-packages/joystick-0.0.0-py3.10.egg-info/PKG-INFO
[20.512s] -- Installing: /home/leasch/pivoane/raspberryPI3/ros2_ws/install/joystick/local/lib/python3.10/dist-packages/joystick-0.0.0-py3.10.egg-info/SOURCES.txt
[20.512s] -- Installing: /home/leasch/pivoane/raspberryPI3/ros2_ws/install/joystick/local/lib/python3.10/dist-packages/joystick-0.0.0-py3.10.egg-info/dependency_links.txt
[20.512s] -- Installing: /home/leasch/pivoane/raspberryPI3/ros2_ws/install/joystick/local/lib/python3.10/dist-packages/joystick-0.0.0-py3.10.egg-info/top_level.txt
[20.512s] -- Installing: /home/leasch/pivoane/raspberryPI3/ros2_ws/install/joystick/local/lib/python3.10/dist-packages/joystick
[20.512s] -- Installing: /home/leasch/pivoane/raspberryPI3/ros2_ws/install/joystick/local/lib/python3.10/dist-packages/joystick/inputs.py
[20.512s] -- Installing: /home/leasch/pivoane/raspberryPI3/ros2_ws/install/joystick/local/lib/python3.10/dist-packages/joystick/__init__.py
[20.512s] -- Installing: /home/leasch/pivoane/raspberryPI3/ros2_ws/install/joystick/local/lib/python3.10/dist-packages/joystick/README.md
[20.513s] -- Installing: /home/leasch/pivoane/raspberryPI3/ros2_ws/install/joystick/local/lib/python3.10/dist-packages/joystick/CONTRIBUTING.md
[20.513s] -- Installing: /home/leasch/pivoane/raspberryPI3/ros2_ws/install/joystick/local/lib/python3.10/dist-packages/joystick/package.xml
[20.513s] -- Installing: /home/leasch/pivoane/raspberryPI3/ros2_ws/install/joystick/local/lib/python3.10/dist-packages/joystick/resource
[20.513s] -- Installing: /home/leasch/pivoane/raspberryPI3/ros2_ws/install/joystick/local/lib/python3.10/dist-packages/joystick/resource/joystick_ros2
[20.513s] -- Installing: /home/leasch/pivoane/raspberryPI3/ros2_ws/install/joystick/local/lib/python3.10/dist-packages/joystick/input_example.py
[20.513s] -- Installing: /home/leasch/pivoane/raspberryPI3/ros2_ws/install/joystick/local/lib/python3.10/dist-packages/joystick/joystick_ros2.py
[20.513s] -- Installing: /home/leasch/pivoane/raspberryPI3/ros2_ws/install/joystick/local/lib/python3.10/dist-packages/joystick/images
[20.513s] -- Installing: /home/leasch/pivoane/raspberryPI3/ros2_ws/install/joystick/local/lib/python3.10/dist-packages/joystick/images/mac_settings.png
[20.514s] -- Installing: /home/leasch/pivoane/raspberryPI3/ros2_ws/install/joystick/local/lib/python3.10/dist-packages/joystick/LICENSE
[20.547s] Listing '/home/leasch/pivoane/raspberryPI3/ros2_ws/install/joystick/local/lib/python3.10/dist-packages/joystick'...
[20.547s] Compiling '/home/leasch/pivoane/raspberryPI3/ros2_ws/install/joystick/local/lib/python3.10/dist-packages/joystick/__init__.py'...
[20.547s] Listing '/home/leasch/pivoane/raspberryPI3/ros2_ws/install/joystick/local/lib/python3.10/dist-packages/joystick/images'...
[20.547s] Compiling '/home/leasch/pivoane/raspberryPI3/ros2_ws/install/joystick/local/lib/python3.10/dist-packages/joystick/input_example.py'...
[20.547s] Compiling '/home/leasch/pivoane/raspberryPI3/ros2_ws/install/joystick/local/lib/python3.10/dist-packages/joystick/inputs.py'...
[20.547s] Compiling '/home/leasch/pivoane/raspberryPI3/ros2_ws/install/joystick/local/lib/python3.10/dist-packages/joystick/joystick_ros2.py'...
[20.547s] Listing '/home/leasch/pivoane/raspberryPI3/ros2_ws/install/joystick/local/lib/python3.10/dist-packages/joystick/resource'...
[20.550s] -- Installing: /home/leasch/pivoane/raspberryPI3/ros2_ws/install/joystick/lib/joystick/joystick_ros2.py
[20.551s] -- Installing: /home/leasch/pivoane/raspberryPI3/ros2_ws/install/joystick/share/ament_index/resource_index/package_run_dependencies/joystick
[20.551s] -- Installing: /home/leasch/pivoane/raspberryPI3/ros2_ws/install/joystick/share/ament_index/resource_index/parent_prefix_path/joystick
[20.551s] -- Installing: /home/leasch/pivoane/raspberryPI3/ros2_ws/install/joystick/share/joystick/environment/ament_prefix_path.sh
[20.552s] -- Installing: /home/leasch/pivoane/raspberryPI3/ros2_ws/install/joystick/share/joystick/environment/ament_prefix_path.dsv
[20.552s] -- Installing: /home/leasch/pivoane/raspberryPI3/ros2_ws/install/joystick/share/joystick/environment/path.sh
[20.552s] -- Installing: /home/leasch/pivoane/raspberryPI3/ros2_ws/install/joystick/share/joystick/environment/path.dsv
[20.552s] -- Installing: /home/leasch/pivoane/raspberryPI3/ros2_ws/install/joystick/share/joystick/local_setup.bash
[20.552s] -- Installing: /home/leasch/pivoane/raspberryPI3/ros2_ws/install/joystick/share/joystick/local_setup.sh
[20.553s] -- Installing: /home/leasch/pivoane/raspberryPI3/ros2_ws/install/joystick/share/joystick/local_setup.zsh
[20.553s] -- Installing: /home/leasch/pivoane/raspberryPI3/ros2_ws/install/joystick/share/joystick/local_setup.dsv
[20.553s] -- Installing: /home/leasch/pivoane/raspberryPI3/ros2_ws/install/joystick/share/joystick/package.dsv
[20.553s] -- Installing: /home/leasch/pivoane/raspberryPI3/ros2_ws/install/joystick/share/ament_index/resource_index/packages/joystick
[20.553s] -- Installing: /home/leasch/pivoane/raspberryPI3/ros2_ws/install/joystick/share/joystick/cmake/joystickConfig.cmake
[20.554s] -- Installing: /home/leasch/pivoane/raspberryPI3/ros2_ws/install/joystick/share/joystick/cmake/joystickConfig-version.cmake
[20.554s] -- Installing: /home/leasch/pivoane/raspberryPI3/ros2_ws/install/joystick/share/joystick/package.xml
[20.559s] Invoked command in '/home/leasch/pivoane/raspberryPI3/ros2_ws/build/joystick' returned '0': AMENT_PREFIX_PATH=/home/leasch/pivoane/raspberryPI3/ros2_ws/install/interfaces:${AMENT_PREFIX_PATH} CMAKE_PREFIX_PATH=/home/leasch/pivoane/raspberryPI3/ros2_ws/install/interfaces:/opt/ros/humble LD_LIBRARY_PATH=/home/leasch/pivoane/raspberryPI3/ros2_ws/install/interfaces/lib:${LD_LIBRARY_PATH} PYTHONPATH=/home/leasch/pivoane/raspberryPI3/ros2_ws/install/interfaces/local/lib/python3.10/dist-packages:${PYTHONPATH} /usr/bin/cmake --install /home/leasch/pivoane/raspberryPI3/ros2_ws/build/joystick
