[0.086s] DEBUG:colcon:Command line arguments: ['/usr/bin/colcon', 'build', '--packages-select', 'serial_comm1']
[0.086s] DEBUG:colcon:Parsed command line arguments: Namespace(log_base=None, log_level=None, verb_name='build', build_base='build', install_base='install', merge_install=False, symlink_install=False, test_result_base=None, continue_on_error=False, executor='parallel', parallel_workers=1, event_handlers=None, ignore_user_meta=False, metas=['./colcon.meta'], base_paths=['.'], packages_ignore=None, packages_ignore_regex=None, paths=None, packages_up_to=None, packages_up_to_regex=None, packages_above=None, packages_above_and_dependencies=None, packages_above_depth=None, packages_select_by_dep=None, packages_skip_by_dep=None, packages_skip_up_to=None, packages_select_build_failed=False, packages_skip_build_finished=False, packages_select_test_failures=False, packages_skip_test_passed=False, packages_select=['serial_comm1'], packages_skip=None, packages_select_regex=None, packages_skip_regex=None, packages_start=None, packages_end=None, allow_overriding=[], cmake_args=None, cmake_target=None, cmake_target_skip_unavailable=False, cmake_clean_cache=False, cmake_clean_first=False, cmake_force_configure=False, ament_cmake_args=None, catkin_cmake_args=None, catkin_skip_building_tests=False, mixin_files=None, mixin=None, verb_parser=<colcon_mixin.mixin.mixin_argument.MixinArgumentDecorator object at 0x7511e792d960>, verb_extension=<colcon_core.verb.build.BuildVerb object at 0x7511e792d1e0>, main=<bound method BuildVerb.main of <colcon_core.verb.build.BuildVerb object at 0x7511e792d1e0>>, mixin_verb=('build',))
[0.292s] Level 1:colcon.colcon_core.package_discovery:discover_packages(colcon_meta) check parameters
[0.293s] Level 1:colcon.colcon_core.package_discovery:discover_packages(recursive) check parameters
[0.293s] Level 1:colcon.colcon_core.package_discovery:discover_packages(ignore) check parameters
[0.293s] Level 1:colcon.colcon_core.package_discovery:discover_packages(path) check parameters
[0.293s] Level 1:colcon.colcon_core.package_discovery:discover_packages(colcon_meta) discover
[0.293s] Level 1:colcon.colcon_core.package_discovery:discover_packages(recursive) discover
[0.293s] INFO:colcon.colcon_core.package_discovery:Crawling recursively for packages in '/home/sonia/ros2_ws/src'
[0.293s] Level 1:colcon.colcon_core.package_identification:_identify(.) by extensions ['ignore', 'ignore_ament_install']
[0.293s] Level 1:colcon.colcon_core.package_identification:_identify(.) by extension 'ignore'
[0.293s] Level 1:colcon.colcon_core.package_identification:_identify(.) by extension 'ignore_ament_install'
[0.293s] Level 1:colcon.colcon_core.package_identification:_identify(.) by extensions ['colcon_pkg']
[0.293s] Level 1:colcon.colcon_core.package_identification:_identify(.) by extension 'colcon_pkg'
[0.294s] Level 1:colcon.colcon_core.package_identification:_identify(.) by extensions ['colcon_meta']
[0.294s] Level 1:colcon.colcon_core.package_identification:_identify(.) by extension 'colcon_meta'
[0.294s] Level 1:colcon.colcon_core.package_identification:_identify(.) by extensions ['ros']
[0.294s] Level 1:colcon.colcon_core.package_identification:_identify(.) by extension 'ros'
[0.301s] Level 1:colcon.colcon_core.package_identification:_identify(.) by extensions ['cmake', 'python']
[0.301s] Level 1:colcon.colcon_core.package_identification:_identify(.) by extension 'cmake'
[0.301s] Level 1:colcon.colcon_core.package_identification:_identify(.) by extension 'python'
[0.301s] Level 1:colcon.colcon_core.package_identification:_identify(.) by extensions ['python_setup_py']
[0.302s] Level 1:colcon.colcon_core.package_identification:_identify(.) by extension 'python_setup_py'
[0.302s] Level 1:colcon.colcon_core.package_identification:_identify(build) by extensions ['ignore', 'ignore_ament_install']
[0.302s] Level 1:colcon.colcon_core.package_identification:_identify(build) by extension 'ignore'
[0.302s] Level 1:colcon.colcon_core.package_identification:_identify(build) ignored
[0.302s] Level 1:colcon.colcon_core.package_identification:_identify(cpp_pubsub) by extensions ['ignore', 'ignore_ament_install']
[0.302s] Level 1:colcon.colcon_core.package_identification:_identify(cpp_pubsub) by extension 'ignore'
[0.302s] Level 1:colcon.colcon_core.package_identification:_identify(cpp_pubsub) by extension 'ignore_ament_install'
[0.302s] Level 1:colcon.colcon_core.package_identification:_identify(cpp_pubsub) by extensions ['colcon_pkg']
[0.302s] Level 1:colcon.colcon_core.package_identification:_identify(cpp_pubsub) by extension 'colcon_pkg'
[0.302s] Level 1:colcon.colcon_core.package_identification:_identify(cpp_pubsub) by extensions ['colcon_meta']
[0.303s] Level 1:colcon.colcon_core.package_identification:_identify(cpp_pubsub) by extension 'colcon_meta'
[0.303s] Level 1:colcon.colcon_core.package_identification:_identify(cpp_pubsub) by extensions ['ros']
[0.303s] Level 1:colcon.colcon_core.package_identification:_identify(cpp_pubsub) by extension 'ros'
[0.304s] DEBUG:colcon.colcon_core.package_identification:Package 'cpp_pubsub' with type 'ros.ament_cmake' and name 'cpp_pubsub'
[0.304s] Level 1:colcon.colcon_core.package_identification:_identify(install) by extensions ['ignore', 'ignore_ament_install']
[0.304s] Level 1:colcon.colcon_core.package_identification:_identify(install) by extension 'ignore'
[0.304s] Level 1:colcon.colcon_core.package_identification:_identify(install) ignored
[0.304s] Level 1:colcon.colcon_core.package_identification:_identify(log) by extensions ['ignore', 'ignore_ament_install']
[0.305s] Level 1:colcon.colcon_core.package_identification:_identify(log) by extension 'ignore'
[0.305s] Level 1:colcon.colcon_core.package_identification:_identify(log) ignored
[0.305s] Level 1:colcon.colcon_core.package_identification:_identify(ros_tutorials) by extensions ['ignore', 'ignore_ament_install']
[0.305s] Level 1:colcon.colcon_core.package_identification:_identify(ros_tutorials) by extension 'ignore'
[0.305s] Level 1:colcon.colcon_core.package_identification:_identify(ros_tutorials) by extension 'ignore_ament_install'
[0.305s] Level 1:colcon.colcon_core.package_identification:_identify(ros_tutorials) by extensions ['colcon_pkg']
[0.305s] Level 1:colcon.colcon_core.package_identification:_identify(ros_tutorials) by extension 'colcon_pkg'
[0.305s] Level 1:colcon.colcon_core.package_identification:_identify(ros_tutorials) by extensions ['colcon_meta']
[0.305s] Level 1:colcon.colcon_core.package_identification:_identify(ros_tutorials) by extension 'colcon_meta'
[0.305s] Level 1:colcon.colcon_core.package_identification:_identify(ros_tutorials) by extensions ['ros']
[0.305s] Level 1:colcon.colcon_core.package_identification:_identify(ros_tutorials) by extension 'ros'
[0.306s] Level 1:colcon.colcon_core.package_identification:_identify(ros_tutorials) by extensions ['cmake', 'python']
[0.306s] Level 1:colcon.colcon_core.package_identification:_identify(ros_tutorials) by extension 'cmake'
[0.306s] Level 1:colcon.colcon_core.package_identification:_identify(ros_tutorials) by extension 'python'
[0.306s] Level 1:colcon.colcon_core.package_identification:_identify(ros_tutorials) by extensions ['python_setup_py']
[0.306s] Level 1:colcon.colcon_core.package_identification:_identify(ros_tutorials) by extension 'python_setup_py'
[0.306s] Level 1:colcon.colcon_core.package_identification:_identify(ros_tutorials/ros_tutorials) by extensions ['ignore', 'ignore_ament_install']
[0.306s] Level 1:colcon.colcon_core.package_identification:_identify(ros_tutorials/ros_tutorials) by extension 'ignore'
[0.306s] Level 1:colcon.colcon_core.package_identification:_identify(ros_tutorials/ros_tutorials) ignored
[0.306s] Level 1:colcon.colcon_core.package_identification:_identify(ros_tutorials/roscpp_tutorials) by extensions ['ignore', 'ignore_ament_install']
[0.307s] Level 1:colcon.colcon_core.package_identification:_identify(ros_tutorials/roscpp_tutorials) by extension 'ignore'
[0.307s] Level 1:colcon.colcon_core.package_identification:_identify(ros_tutorials/roscpp_tutorials) ignored
[0.307s] Level 1:colcon.colcon_core.package_identification:_identify(ros_tutorials/rospy_tutorials) by extensions ['ignore', 'ignore_ament_install']
[0.307s] Level 1:colcon.colcon_core.package_identification:_identify(ros_tutorials/rospy_tutorials) by extension 'ignore'
[0.307s] Level 1:colcon.colcon_core.package_identification:_identify(ros_tutorials/rospy_tutorials) ignored
[0.307s] Level 1:colcon.colcon_core.package_identification:_identify(ros_tutorials/turtlesim) by extensions ['ignore', 'ignore_ament_install']
[0.307s] Level 1:colcon.colcon_core.package_identification:_identify(ros_tutorials/turtlesim) by extension 'ignore'
[0.307s] Level 1:colcon.colcon_core.package_identification:_identify(ros_tutorials/turtlesim) by extension 'ignore_ament_install'
[0.308s] Level 1:colcon.colcon_core.package_identification:_identify(ros_tutorials/turtlesim) by extensions ['colcon_pkg']
[0.308s] Level 1:colcon.colcon_core.package_identification:_identify(ros_tutorials/turtlesim) by extension 'colcon_pkg'
[0.308s] Level 1:colcon.colcon_core.package_identification:_identify(ros_tutorials/turtlesim) by extensions ['colcon_meta']
[0.308s] Level 1:colcon.colcon_core.package_identification:_identify(ros_tutorials/turtlesim) by extension 'colcon_meta'
[0.308s] Level 1:colcon.colcon_core.package_identification:_identify(ros_tutorials/turtlesim) by extensions ['ros']
[0.308s] Level 1:colcon.colcon_core.package_identification:_identify(ros_tutorials/turtlesim) by extension 'ros'
[0.309s] DEBUG:colcon.colcon_core.package_identification:Package 'ros_tutorials/turtlesim' with type 'ros.ament_cmake' and name 'turtlesim'
[0.309s] Level 1:colcon.colcon_core.package_identification:_identify(serial_comm) by extensions ['ignore', 'ignore_ament_install']
[0.309s] Level 1:colcon.colcon_core.package_identification:_identify(serial_comm) by extension 'ignore'
[0.309s] Level 1:colcon.colcon_core.package_identification:_identify(serial_comm) by extension 'ignore_ament_install'
[0.309s] Level 1:colcon.colcon_core.package_identification:_identify(serial_comm) by extensions ['colcon_pkg']
[0.309s] Level 1:colcon.colcon_core.package_identification:_identify(serial_comm) by extension 'colcon_pkg'
[0.309s] Level 1:colcon.colcon_core.package_identification:_identify(serial_comm) by extensions ['colcon_meta']
[0.309s] Level 1:colcon.colcon_core.package_identification:_identify(serial_comm) by extension 'colcon_meta'
[0.309s] Level 1:colcon.colcon_core.package_identification:_identify(serial_comm) by extensions ['ros']
[0.309s] Level 1:colcon.colcon_core.package_identification:_identify(serial_comm) by extension 'ros'
[0.310s] DEBUG:colcon.colcon_core.package_identification:Package 'serial_comm' with type 'ros.ament_cmake' and name 'serial_comm'
[0.310s] Level 1:colcon.colcon_core.package_identification:_identify(serial_comm1) by extensions ['ignore', 'ignore_ament_install']
[0.310s] Level 1:colcon.colcon_core.package_identification:_identify(serial_comm1) by extension 'ignore'
[0.310s] Level 1:colcon.colcon_core.package_identification:_identify(serial_comm1) by extension 'ignore_ament_install'
[0.310s] Level 1:colcon.colcon_core.package_identification:_identify(serial_comm1) by extensions ['colcon_pkg']
[0.310s] Level 1:colcon.colcon_core.package_identification:_identify(serial_comm1) by extension 'colcon_pkg'
[0.310s] Level 1:colcon.colcon_core.package_identification:_identify(serial_comm1) by extensions ['colcon_meta']
[0.310s] Level 1:colcon.colcon_core.package_identification:_identify(serial_comm1) by extension 'colcon_meta'
[0.310s] Level 1:colcon.colcon_core.package_identification:_identify(serial_comm1) by extensions ['ros']
[0.310s] Level 1:colcon.colcon_core.package_identification:_identify(serial_comm1) by extension 'ros'
[0.311s] DEBUG:colcon.colcon_core.package_identification:Package 'serial_comm1' with type 'ros.ament_cmake' and name 'serial_comm1'
[0.311s] Level 1:colcon.colcon_core.package_discovery:discover_packages(recursive) using defaults
[0.311s] Level 1:colcon.colcon_core.package_discovery:discover_packages(ignore) discover
[0.311s] Level 1:colcon.colcon_core.package_discovery:discover_packages(ignore) using defaults
[0.311s] Level 1:colcon.colcon_core.package_discovery:discover_packages(path) discover
[0.311s] Level 1:colcon.colcon_core.package_discovery:discover_packages(path) using defaults
[0.337s] INFO:colcon.colcon_core.package_selection:Skipping not selected package 'cpp_pubsub' in 'cpp_pubsub'
[0.337s] INFO:colcon.colcon_core.package_selection:Skipping not selected package 'serial_comm' in 'serial_comm'
[0.337s] INFO:colcon.colcon_core.package_selection:Skipping not selected package 'turtlesim' in 'ros_tutorials/turtlesim'
[0.338s] Level 1:colcon.colcon_core.package_discovery:discover_packages(prefix_path) check parameters
[0.338s] Level 1:colcon.colcon_core.package_discovery:discover_packages(prefix_path) discover
[0.340s] DEBUG:colcon.colcon_installed_package_information.package_discovery:Found 3 installed packages in /home/sonia/ros2_ws/src/install
[0.341s] DEBUG:colcon.colcon_installed_package_information.package_discovery:Found 4 installed packages in /home/sonia/ros2_ws/install
[0.341s] DEBUG:colcon.colcon_installed_package_information.package_discovery:Found 294 installed packages in /opt/ros/humble
[0.342s] Level 1:colcon.colcon_core.package_discovery:discover_packages(prefix_path) using defaults
[0.371s] Level 5:colcon.colcon_core.verb:set package 'serial_comm1' build argument 'cmake_args' from command line to 'None'
[0.371s] Level 5:colcon.colcon_core.verb:set package 'serial_comm1' build argument 'cmake_target' from command line to 'None'
[0.372s] Level 5:colcon.colcon_core.verb:set package 'serial_comm1' build argument 'cmake_target_skip_unavailable' from command line to 'False'
[0.372s] Level 5:colcon.colcon_core.verb:set package 'serial_comm1' build argument 'cmake_clean_cache' from command line to 'False'
[0.372s] Level 5:colcon.colcon_core.verb:set package 'serial_comm1' build argument 'cmake_clean_first' from command line to 'False'
[0.372s] Level 5:colcon.colcon_core.verb:set package 'serial_comm1' build argument 'cmake_force_configure' from command line to 'False'
[0.372s] Level 5:colcon.colcon_core.verb:set package 'serial_comm1' build argument 'ament_cmake_args' from command line to 'None'
[0.372s] Level 5:colcon.colcon_core.verb:set package 'serial_comm1' build argument 'catkin_cmake_args' from command line to 'None'
[0.372s] Level 5:colcon.colcon_core.verb:set package 'serial_comm1' build argument 'catkin_skip_building_tests' from command line to 'False'
[0.372s] DEBUG:colcon.colcon_core.verb:Building package 'serial_comm1' with the following arguments: {'ament_cmake_args': None, 'build_base': '/home/sonia/ros2_ws/src/build/serial_comm1', 'catkin_cmake_args': None, 'catkin_skip_building_tests': False, 'cmake_args': None, 'cmake_clean_cache': False, 'cmake_clean_first': False, 'cmake_force_configure': False, 'cmake_target': None, 'cmake_target_skip_unavailable': False, 'install_base': '/home/sonia/ros2_ws/src/install/serial_comm1', 'merge_install': False, 'path': '/home/sonia/ros2_ws/src/serial_comm1', 'symlink_install': False, 'test_result_base': None}
[0.372s] INFO:colcon.colcon_core.executor:Executing jobs using 'parallel' executor
[0.373s] DEBUG:colcon.colcon_parallel_executor.executor.parallel:run_until_complete
[0.373s] INFO:colcon.colcon_ros.task.ament_cmake.build:Building ROS package in '/home/sonia/ros2_ws/src/serial_comm1' with build type 'ament_cmake'
[0.373s] INFO:colcon.colcon_cmake.task.cmake.build:Building CMake package in '/home/sonia/ros2_ws/src/serial_comm1'
[0.375s] INFO:colcon.colcon_core.plugin_system:Skipping extension 'colcon_core.shell.bat': Not used on non-Windows systems
[0.375s] INFO:colcon.colcon_core.shell:Skip shell extension 'powershell' for command environment: Not usable outside of PowerShell
[0.375s] DEBUG:colcon.colcon_core.shell:Skip shell extension 'dsv' for command environment
[0.382s] DEBUG:colcon.colcon_core.event_handler.log_command:Invoking command in '/home/sonia/ros2_ws/src/build/serial_comm1': CMAKE_PREFIX_PATH=${CMAKE_PREFIX_PATH}:/opt/ros/humble /usr/bin/cmake --build /home/sonia/ros2_ws/src/build/serial_comm1 -- -j1 -l1
[9.498s] DEBUG:colcon.colcon_core.event_handler.log_command:Invoked command in '/home/sonia/ros2_ws/src/build/serial_comm1' returned '0': CMAKE_PREFIX_PATH=${CMAKE_PREFIX_PATH}:/opt/ros/humble /usr/bin/cmake --build /home/sonia/ros2_ws/src/build/serial_comm1 -- -j1 -l1
[9.579s] DEBUG:colcon.colcon_core.event_handler.log_command:Invoking command in '/home/sonia/ros2_ws/src/build/serial_comm1': CMAKE_PREFIX_PATH=${CMAKE_PREFIX_PATH}:/opt/ros/humble /usr/bin/cmake --install /home/sonia/ros2_ws/src/build/serial_comm1
[9.624s] Level 1:colcon.colcon_core.environment:create_environment_scripts_only(serial_comm1)
[9.624s] DEBUG:colcon.colcon_core.event_handler.log_command:Invoked command in '/home/sonia/ros2_ws/src/build/serial_comm1' returned '0': CMAKE_PREFIX_PATH=${CMAKE_PREFIX_PATH}:/opt/ros/humble /usr/bin/cmake --install /home/sonia/ros2_ws/src/build/serial_comm1
[9.632s] Level 1:colcon.colcon_core.environment:checking '/home/sonia/ros2_ws/src/install/serial_comm1' for CMake module files
[9.632s] Level 1:colcon.colcon_core.environment:checking '/home/sonia/ros2_ws/src/install/serial_comm1' for CMake config files
[9.633s] Level 1:colcon.colcon_core.shell:create_environment_hook('serial_comm1', 'cmake_prefix_path')
[9.633s] INFO:colcon.colcon_core.shell:Creating environment hook '/home/sonia/ros2_ws/src/install/serial_comm1/share/serial_comm1/hook/cmake_prefix_path.ps1'
[9.634s] INFO:colcon.colcon_core.shell:Creating environment descriptor '/home/sonia/ros2_ws/src/install/serial_comm1/share/serial_comm1/hook/cmake_prefix_path.dsv'
[9.634s] INFO:colcon.colcon_core.shell:Creating environment hook '/home/sonia/ros2_ws/src/install/serial_comm1/share/serial_comm1/hook/cmake_prefix_path.sh'
[9.635s] Level 1:colcon.colcon_core.environment:checking '/home/sonia/ros2_ws/src/install/serial_comm1/lib'
[9.636s] Level 1:colcon.colcon_core.environment:checking '/home/sonia/ros2_ws/src/install/serial_comm1/bin'
[9.636s] Level 1:colcon.colcon_core.environment:checking '/home/sonia/ros2_ws/src/install/serial_comm1/lib/pkgconfig/serial_comm1.pc'
[9.636s] Level 1:colcon.colcon_core.environment:checking '/home/sonia/ros2_ws/src/install/serial_comm1/lib/python3.10/site-packages'
[9.636s] Level 1:colcon.colcon_core.environment:checking '/home/sonia/ros2_ws/src/install/serial_comm1/bin'
[9.636s] INFO:colcon.colcon_core.shell:Creating package script '/home/sonia/ros2_ws/src/install/serial_comm1/share/serial_comm1/package.ps1'
[9.636s] INFO:colcon.colcon_core.shell:Creating package descriptor '/home/sonia/ros2_ws/src/install/serial_comm1/share/serial_comm1/package.dsv'
[9.640s] INFO:colcon.colcon_core.shell:Creating package script '/home/sonia/ros2_ws/src/install/serial_comm1/share/serial_comm1/package.sh'
[9.642s] INFO:colcon.colcon_core.shell:Creating package script '/home/sonia/ros2_ws/src/install/serial_comm1/share/serial_comm1/package.bash'
[9.642s] INFO:colcon.colcon_core.shell:Creating package script '/home/sonia/ros2_ws/src/install/serial_comm1/share/serial_comm1/package.zsh'
[9.643s] Level 1:colcon.colcon_core.environment:create_file_with_runtime_dependencies(/home/sonia/ros2_ws/src/install/serial_comm1/share/colcon-core/packages/serial_comm1)
[9.702s] Level 1:colcon.colcon_core.environment:create_environment_scripts_only(serial_comm1)
[9.702s] Level 1:colcon.colcon_core.environment:checking '/home/sonia/ros2_ws/src/install/serial_comm1' for CMake module files
[9.703s] Level 1:colcon.colcon_core.environment:checking '/home/sonia/ros2_ws/src/install/serial_comm1' for CMake config files
[9.703s] Level 1:colcon.colcon_core.shell:create_environment_hook('serial_comm1', 'cmake_prefix_path')
[9.703s] INFO:colcon.colcon_core.shell:Creating environment hook '/home/sonia/ros2_ws/src/install/serial_comm1/share/serial_comm1/hook/cmake_prefix_path.ps1'
[9.703s] INFO:colcon.colcon_core.shell:Creating environment descriptor '/home/sonia/ros2_ws/src/install/serial_comm1/share/serial_comm1/hook/cmake_prefix_path.dsv'
[9.717s] INFO:colcon.colcon_core.shell:Creating environment hook '/home/sonia/ros2_ws/src/install/serial_comm1/share/serial_comm1/hook/cmake_prefix_path.sh'
[9.717s] Level 1:colcon.colcon_core.environment:checking '/home/sonia/ros2_ws/src/install/serial_comm1/lib'
[9.717s] Level 1:colcon.colcon_core.environment:checking '/home/sonia/ros2_ws/src/install/serial_comm1/bin'
[9.717s] Level 1:colcon.colcon_core.environment:checking '/home/sonia/ros2_ws/src/install/serial_comm1/lib/pkgconfig/serial_comm1.pc'
[9.717s] Level 1:colcon.colcon_core.environment:checking '/home/sonia/ros2_ws/src/install/serial_comm1/lib/python3.10/site-packages'
[9.718s] Level 1:colcon.colcon_core.environment:checking '/home/sonia/ros2_ws/src/install/serial_comm1/bin'
[9.718s] INFO:colcon.colcon_core.shell:Creating package script '/home/sonia/ros2_ws/src/install/serial_comm1/share/serial_comm1/package.ps1'
[9.724s] INFO:colcon.colcon_core.shell:Creating package descriptor '/home/sonia/ros2_ws/src/install/serial_comm1/share/serial_comm1/package.dsv'
[9.724s] INFO:colcon.colcon_core.shell:Creating package script '/home/sonia/ros2_ws/src/install/serial_comm1/share/serial_comm1/package.sh'
[9.725s] INFO:colcon.colcon_core.shell:Creating package script '/home/sonia/ros2_ws/src/install/serial_comm1/share/serial_comm1/package.bash'
[9.726s] INFO:colcon.colcon_core.shell:Creating package script '/home/sonia/ros2_ws/src/install/serial_comm1/share/serial_comm1/package.zsh'
[9.727s] Level 1:colcon.colcon_core.environment:create_file_with_runtime_dependencies(/home/sonia/ros2_ws/src/install/serial_comm1/share/colcon-core/packages/serial_comm1)
[9.727s] DEBUG:colcon.colcon_parallel_executor.executor.parallel:closing loop
[9.728s] DEBUG:colcon.colcon_parallel_executor.executor.parallel:loop closed
[9.728s] DEBUG:colcon.colcon_parallel_executor.executor.parallel:run_until_complete finished with '0'
[9.728s] DEBUG:colcon.colcon_core.event_reactor:joining thread
[9.734s] INFO:colcon.colcon_core.plugin_system:Skipping extension 'colcon_notification.desktop_notification.terminal_notifier': Not used on non-Darwin systems
[9.734s] INFO:colcon.colcon_core.plugin_system:Skipping extension 'colcon_notification.desktop_notification.win32': Not used on non-Windows systems
[9.734s] INFO:colcon.colcon_notification.desktop_notification:Sending desktop notification using 'notify2'
[9.781s] DEBUG:colcon.colcon_core.event_reactor:joined thread
[9.781s] INFO:colcon.colcon_core.shell:Creating prefix script '/home/sonia/ros2_ws/src/install/local_setup.ps1'
[9.782s] INFO:colcon.colcon_core.shell:Creating prefix util module '/home/sonia/ros2_ws/src/install/_local_setup_util_ps1.py'
[9.783s] INFO:colcon.colcon_core.shell:Creating prefix chain script '/home/sonia/ros2_ws/src/install/setup.ps1'
[9.784s] INFO:colcon.colcon_core.shell:Creating prefix script '/home/sonia/ros2_ws/src/install/local_setup.sh'
[9.784s] INFO:colcon.colcon_core.shell:Creating prefix util module '/home/sonia/ros2_ws/src/install/_local_setup_util_sh.py'
[9.788s] INFO:colcon.colcon_core.shell:Creating prefix chain script '/home/sonia/ros2_ws/src/install/setup.sh'
[9.790s] INFO:colcon.colcon_core.shell:Creating prefix script '/home/sonia/ros2_ws/src/install/local_setup.bash'
[9.792s] INFO:colcon.colcon_core.shell:Creating prefix chain script '/home/sonia/ros2_ws/src/install/setup.bash'
[9.795s] INFO:colcon.colcon_core.shell:Creating prefix script '/home/sonia/ros2_ws/src/install/local_setup.zsh'
[9.798s] INFO:colcon.colcon_core.shell:Creating prefix chain script '/home/sonia/ros2_ws/src/install/setup.zsh'
