[0.009s] Invoking command in '/home/sonia/ros2_ws/build/serial_comm1': CMAKE_PREFIX_PATH=${CMAKE_PREFIX_PATH}:/opt/ros/humble /usr/bin/cmake --build /home/sonia/ros2_ws/build/serial_comm1 -- -j1 -l1
[0.058s] [35m[1mConsolidate compiler generated dependencies of target talker[0m
[0.088s] [ 25%] [32mBuilding CXX object CMakeFiles/talker.dir/src/serial_publisher.cpp.o[0m
[7.141s] [ 50%] [32m[1mLinking CXX executable talker[0m
[7.274s] [ 50%] Built target talker
[7.310s] [100%] Built target listener
[7.326s] Invoked command in '/home/sonia/ros2_ws/build/serial_comm1' returned '0': CMAKE_PREFIX_PATH=${CMAKE_PREFIX_PATH}:/opt/ros/humble /usr/bin/cmake --build /home/sonia/ros2_ws/build/serial_comm1 -- -j1 -l1
[7.366s] Invoking command in '/home/sonia/ros2_ws/build/serial_comm1': CMAKE_PREFIX_PATH=${CMAKE_PREFIX_PATH}:/opt/ros/humble /usr/bin/cmake --install /home/sonia/ros2_ws/build/serial_comm1
[7.371s] -- Install configuration: ""
[7.372s] -- Installing: /home/sonia/ros2_ws/install/serial_comm1/lib/serial_comm1/talker
[7.375s] -- Set runtime path of "/home/sonia/ros2_ws/install/serial_comm1/lib/serial_comm1/talker" to ""
[7.375s] -- Up-to-date: /home/sonia/ros2_ws/install/serial_comm1/lib/serial_comm1/listener
[7.376s] -- Up-to-date: /home/sonia/ros2_ws/install/serial_comm1/share/ament_index/resource_index/package_run_dependencies/serial_comm1
[7.376s] -- Up-to-date: /home/sonia/ros2_ws/install/serial_comm1/share/ament_index/resource_index/parent_prefix_path/serial_comm1
[7.376s] -- Up-to-date: /home/sonia/ros2_ws/install/serial_comm1/share/serial_comm1/environment/ament_prefix_path.sh
[7.376s] -- Up-to-date: /home/sonia/ros2_ws/install/serial_comm1/share/serial_comm1/environment/ament_prefix_path.dsv
[7.376s] -- Up-to-date: /home/sonia/ros2_ws/install/serial_comm1/share/serial_comm1/environment/path.sh
[7.377s] -- Up-to-date: /home/sonia/ros2_ws/install/serial_comm1/share/serial_comm1/environment/path.dsv
[7.377s] -- Up-to-date: /home/sonia/ros2_ws/install/serial_comm1/share/serial_comm1/local_setup.bash
[7.377s] -- Up-to-date: /home/sonia/ros2_ws/install/serial_comm1/share/serial_comm1/local_setup.sh
[7.377s] -- Up-to-date: /home/sonia/ros2_ws/install/serial_comm1/share/serial_comm1/local_setup.zsh
[7.377s] -- Up-to-date: /home/sonia/ros2_ws/install/serial_comm1/share/serial_comm1/local_setup.dsv
[7.377s] -- Installing: /home/sonia/ros2_ws/install/serial_comm1/share/serial_comm1/package.dsv
[7.379s] -- Up-to-date: /home/sonia/ros2_ws/install/serial_comm1/share/ament_index/resource_index/packages/serial_comm1
[7.379s] -- Up-to-date: /home/sonia/ros2_ws/install/serial_comm1/share/serial_comm1/cmake/serial_comm1Config.cmake
[7.379s] -- Up-to-date: /home/sonia/ros2_ws/install/serial_comm1/share/serial_comm1/cmake/serial_comm1Config-version.cmake
[7.379s] -- Up-to-date: /home/sonia/ros2_ws/install/serial_comm1/share/serial_comm1/package.xml
[7.382s] Invoked command in '/home/sonia/ros2_ws/build/serial_comm1' returned '0': CMAKE_PREFIX_PATH=${CMAKE_PREFIX_PATH}:/opt/ros/humble /usr/bin/cmake --install /home/sonia/ros2_ws/build/serial_comm1
