[0.005s] Invoking command in '/home/sonia/ros2_ws/src/build/serial_comm1': CMAKE_PREFIX_PATH=${CMAKE_PREFIX_PATH}:/opt/ros/humble /usr/bin/cmake --build /home/sonia/ros2_ws/src/build/serial_comm1 -- -j1 -l1
[0.058s] [35m[1mConsolidate compiler generated dependencies of target talker[0m
[0.080s] [ 50%] Built target talker
[0.100s] [35m[1mConsolidate compiler generated dependencies of target listener[0m
[0.142s] [100%] Built target listener
[0.161s] Invoked command in '/home/sonia/ros2_ws/src/build/serial_comm1' returned '0': CMAKE_PREFIX_PATH=${CMAKE_PREFIX_PATH}:/opt/ros/humble /usr/bin/cmake --build /home/sonia/ros2_ws/src/build/serial_comm1 -- -j1 -l1
[0.184s] Invoking command in '/home/sonia/ros2_ws/src/build/serial_comm1': CMAKE_PREFIX_PATH=${CMAKE_PREFIX_PATH}:/opt/ros/humble /usr/bin/cmake --install /home/sonia/ros2_ws/src/build/serial_comm1
[0.201s] -- Install configuration: ""
[0.202s] -- Up-to-date: /home/sonia/ros2_ws/src/install/serial_comm1/lib/serial_comm1/talker
[0.202s] -- Up-to-date: /home/sonia/ros2_ws/src/install/serial_comm1/lib/serial_comm1/listener
[0.203s] -- Up-to-date: /home/sonia/ros2_ws/src/install/serial_comm1/share/ament_index/resource_index/package_run_dependencies/serial_comm1
[0.203s] -- Up-to-date: /home/sonia/ros2_ws/src/install/serial_comm1/share/ament_index/resource_index/parent_prefix_path/serial_comm1
[0.203s] -- Up-to-date: /home/sonia/ros2_ws/src/install/serial_comm1/share/serial_comm1/environment/ament_prefix_path.sh
[0.204s] -- Up-to-date: /home/sonia/ros2_ws/src/install/serial_comm1/share/serial_comm1/environment/ament_prefix_path.dsv
[0.204s] -- Up-to-date: /home/sonia/ros2_ws/src/install/serial_comm1/share/serial_comm1/environment/path.sh
[0.204s] -- Up-to-date: /home/sonia/ros2_ws/src/install/serial_comm1/share/serial_comm1/environment/path.dsv
[0.205s] -- Up-to-date: /home/sonia/ros2_ws/src/install/serial_comm1/share/serial_comm1/local_setup.bash
[0.205s] -- Up-to-date: /home/sonia/ros2_ws/src/install/serial_comm1/share/serial_comm1/local_setup.sh
[0.205s] -- Up-to-date: /home/sonia/ros2_ws/src/install/serial_comm1/share/serial_comm1/local_setup.zsh
[0.206s] -- Up-to-date: /home/sonia/ros2_ws/src/install/serial_comm1/share/serial_comm1/local_setup.dsv
[0.206s] -- Installing: /home/sonia/ros2_ws/src/install/serial_comm1/share/serial_comm1/package.dsv
[0.207s] -- Up-to-date: /home/sonia/ros2_ws/src/install/serial_comm1/share/ament_index/resource_index/packages/serial_comm1
[0.207s] -- Up-to-date: /home/sonia/ros2_ws/src/install/serial_comm1/share/serial_comm1/cmake/serial_comm1Config.cmake
[0.208s] -- Up-to-date: /home/sonia/ros2_ws/src/install/serial_comm1/share/serial_comm1/cmake/serial_comm1Config-version.cmake
[0.208s] -- Up-to-date: /home/sonia/ros2_ws/src/install/serial_comm1/share/serial_comm1/package.xml
[0.210s] Invoked command in '/home/sonia/ros2_ws/src/build/serial_comm1' returned '0': CMAKE_PREFIX_PATH=${CMAKE_PREFIX_PATH}:/opt/ros/humble /usr/bin/cmake --install /home/sonia/ros2_ws/src/build/serial_comm1
