[0.178s] Invoking command in '/home/leasch/pivoane/raspberryPI3/ros2_ws/build/can': AMENT_PREFIX_PATH=/home/leasch/pivoane/raspberryPI3/ros2_ws/install/interfaces:${AMENT_PREFIX_PATH} CMAKE_PREFIX_PATH=/home/leasch/pivoane/raspberryPI3/ros2_ws/install/interfaces:/opt/ros/humble LD_LIBRARY_PATH=/home/leasch/pivoane/raspberryPI3/ros2_ws/install/interfaces/lib:${LD_LIBRARY_PATH} PYTHONPATH=/home/leasch/pivoane/raspberryPI3/ros2_ws/install/interfaces/local/lib/python3.10/dist-packages:${PYTHONPATH} /usr/bin/cmake /home/leasch/pivoane/raspberryPI3/ros2_ws/src/can -DCMAKE_INSTALL_PREFIX=/home/leasch/pivoane/raspberryPI3/ros2_ws/install/can
[0.398s] -- The C compiler identification is GNU 11.2.0
[1.325s] -- The CXX compiler identification is GNU 11.2.0
[2.026s] -- Detecting C compiler ABI info
[2.238s] -- Detecting C compiler ABI info - done
[2.244s] -- Check for working C compiler: /usr/bin/cc - skipped
[2.244s] -- Detecting C compile features
[2.244s] -- Detecting C compile features - done
[2.246s] -- Detecting CXX compiler ABI info
[2.479s] -- Detecting CXX compiler ABI info - done
[2.485s] -- Check for working CXX compiler: /usr/bin/c++ - skipped
[2.486s] -- Detecting CXX compile features
[2.486s] -- Detecting CXX compile features - done
[2.487s] -- Found ament_cmake: 1.3.2 (/opt/ros/humble/share/ament_cmake/cmake)
[2.610s] -- Found Python3: /usr/bin/python3.10 (found version "3.10.6") found components: Interpreter 
[2.672s] -- Found rclcpp: 16.0.1 (/opt/ros/humble/share/rclcpp/cmake)
[2.970s] -- Found rosidl_generator_c: 3.1.3 (/opt/ros/humble/share/rosidl_generator_c/cmake)
[2.972s] -- Found rosidl_adapter: 3.1.3 (/opt/ros/humble/share/rosidl_adapter/cmake)
[2.977s] -- Found rosidl_generator_cpp: 3.1.3 (/opt/ros/humble/share/rosidl_generator_cpp/cmake)
[2.986s] -- Using all available rosidl_typesupport_c: rosidl_typesupport_fastrtps_c;rosidl_typesupport_introspection_c
[2.997s] -- Using all available rosidl_typesupport_cpp: rosidl_typesupport_fastrtps_cpp;rosidl_typesupport_introspection_cpp
[3.041s] -- Found rmw_implementation_cmake: 6.1.0 (/opt/ros/humble/share/rmw_implementation_cmake/cmake)
[3.042s] -- Found rmw_fastrtps_cpp: 6.2.1 (/opt/ros/humble/share/rmw_fastrtps_cpp/cmake)
[5.829s] -- Found OpenSSL: /usr/lib/x86_64-linux-gnu/libcrypto.so (found version "3.0.2")  
[8.854s] -- Found FastRTPS: /opt/ros/humble/include  
[14.493s] -- Using RMW implementation 'rmw_fastrtps_cpp' as default
[14.606s] -- Found sensor_msgs: 4.2.2 (/opt/ros/humble/share/sensor_msgs/cmake)
[14.720s] -- Found interfaces: 0.0.0 (/home/leasch/pivoane/raspberryPI3/ros2_ws/install/interfaces/share/interfaces/cmake)
[14.733s] -- Found ament_lint_auto: 0.12.4 (/opt/ros/humble/share/ament_lint_auto/cmake)
[14.788s] -- Added test 'cppcheck' to perform static code analysis on C / C++ code
[14.788s] -- Configured cppcheck include dirs: $<BUILD_INTERFACE:/home/leasch/pivoane/raspberryPI3/ros2_ws/src/can/include>
[14.789s] -- Configured cppcheck exclude dirs and/or files: 
[14.789s] -- Added test 'lint_cmake' to check CMake code style
[14.790s] -- Added test 'uncrustify' to check C / C++ code style
[14.790s] -- Configured uncrustify additional arguments: 
[14.790s] -- Added test 'xmllint' to check XML markup files
[14.791s] -- Configuring done
[14.800s] -- Generating done
[14.802s] -- Build files have been written to: /home/leasch/pivoane/raspberryPI3/ros2_ws/build/can
[14.812s] Invoked command in '/home/leasch/pivoane/raspberryPI3/ros2_ws/build/can' returned '0': AMENT_PREFIX_PATH=/home/leasch/pivoane/raspberryPI3/ros2_ws/install/interfaces:${AMENT_PREFIX_PATH} CMAKE_PREFIX_PATH=/home/leasch/pivoane/raspberryPI3/ros2_ws/install/interfaces:/opt/ros/humble LD_LIBRARY_PATH=/home/leasch/pivoane/raspberryPI3/ros2_ws/install/interfaces/lib:${LD_LIBRARY_PATH} PYTHONPATH=/home/leasch/pivoane/raspberryPI3/ros2_ws/install/interfaces/local/lib/python3.10/dist-packages:${PYTHONPATH} /usr/bin/cmake /home/leasch/pivoane/raspberryPI3/ros2_ws/src/can -DCMAKE_INSTALL_PREFIX=/home/leasch/pivoane/raspberryPI3/ros2_ws/install/can
[14.813s] Invoking command in '/home/leasch/pivoane/raspberryPI3/ros2_ws/build/can': AMENT_PREFIX_PATH=/home/leasch/pivoane/raspberryPI3/ros2_ws/install/interfaces:${AMENT_PREFIX_PATH} CMAKE_PREFIX_PATH=/home/leasch/pivoane/raspberryPI3/ros2_ws/install/interfaces:/opt/ros/humble LD_LIBRARY_PATH=/home/leasch/pivoane/raspberryPI3/ros2_ws/install/interfaces/lib:${LD_LIBRARY_PATH} PYTHONPATH=/home/leasch/pivoane/raspberryPI3/ros2_ws/install/interfaces/local/lib/python3.10/dist-packages:${PYTHONPATH} /usr/bin/cmake --build /home/leasch/pivoane/raspberryPI3/ros2_ws/build/can -- -j8 -l8
[14.845s] [ 25%] [32mBuilding CXX object CMakeFiles/can_rx_node.dir/src/can_rx_node.cpp.o[0m
[14.845s] [ 50%] [32mBuilding CXX object CMakeFiles/can_tx_node.dir/src/can_tx_node.cpp.o[0m
[20.751s] [ 75%] [32m[1mLinking CXX executable can_rx_node[0m
[21.247s] [ 75%] Built target can_rx_node
[26.122s] [100%] [32m[1mLinking CXX executable can_tx_node[0m
[26.888s] [100%] Built target can_tx_node
[26.904s] Invoked command in '/home/leasch/pivoane/raspberryPI3/ros2_ws/build/can' returned '0': AMENT_PREFIX_PATH=/home/leasch/pivoane/raspberryPI3/ros2_ws/install/interfaces:${AMENT_PREFIX_PATH} CMAKE_PREFIX_PATH=/home/leasch/pivoane/raspberryPI3/ros2_ws/install/interfaces:/opt/ros/humble LD_LIBRARY_PATH=/home/leasch/pivoane/raspberryPI3/ros2_ws/install/interfaces/lib:${LD_LIBRARY_PATH} PYTHONPATH=/home/leasch/pivoane/raspberryPI3/ros2_ws/install/interfaces/local/lib/python3.10/dist-packages:${PYTHONPATH} /usr/bin/cmake --build /home/leasch/pivoane/raspberryPI3/ros2_ws/build/can -- -j8 -l8
[26.930s] Invoking command in '/home/leasch/pivoane/raspberryPI3/ros2_ws/build/can': AMENT_PREFIX_PATH=/home/leasch/pivoane/raspberryPI3/ros2_ws/install/interfaces:${AMENT_PREFIX_PATH} CMAKE_PREFIX_PATH=/home/leasch/pivoane/raspberryPI3/ros2_ws/install/interfaces:/opt/ros/humble LD_LIBRARY_PATH=/home/leasch/pivoane/raspberryPI3/ros2_ws/install/interfaces/lib:${LD_LIBRARY_PATH} PYTHONPATH=/home/leasch/pivoane/raspberryPI3/ros2_ws/install/interfaces/local/lib/python3.10/dist-packages:${PYTHONPATH} /usr/bin/cmake --install /home/leasch/pivoane/raspberryPI3/ros2_ws/build/can
[26.935s] -- Install configuration: ""
[26.935s] -- Installing: /home/leasch/pivoane/raspberryPI3/ros2_ws/install/can/lib/can/can_rx_node
[26.937s] -- Set runtime path of "/home/leasch/pivoane/raspberryPI3/ros2_ws/install/can/lib/can/can_rx_node" to ""
[26.937s] -- Installing: /home/leasch/pivoane/raspberryPI3/ros2_ws/install/can/lib/can/can_tx_node
[26.941s] -- Set runtime path of "/home/leasch/pivoane/raspberryPI3/ros2_ws/install/can/lib/can/can_tx_node" to ""
[26.941s] -- Installing: /home/leasch/pivoane/raspberryPI3/ros2_ws/install/can/share/ament_index/resource_index/package_run_dependencies/can
[26.941s] -- Installing: /home/leasch/pivoane/raspberryPI3/ros2_ws/install/can/share/ament_index/resource_index/parent_prefix_path/can
[26.942s] -- Installing: /home/leasch/pivoane/raspberryPI3/ros2_ws/install/can/share/can/environment/ament_prefix_path.sh
[26.942s] -- Installing: /home/leasch/pivoane/raspberryPI3/ros2_ws/install/can/share/can/environment/ament_prefix_path.dsv
[26.942s] -- Installing: /home/leasch/pivoane/raspberryPI3/ros2_ws/install/can/share/can/environment/path.sh
[26.942s] -- Installing: /home/leasch/pivoane/raspberryPI3/ros2_ws/install/can/share/can/environment/path.dsv
[26.942s] -- Installing: /home/leasch/pivoane/raspberryPI3/ros2_ws/install/can/share/can/local_setup.bash
[26.943s] -- Installing: /home/leasch/pivoane/raspberryPI3/ros2_ws/install/can/share/can/local_setup.sh
[26.943s] -- Installing: /home/leasch/pivoane/raspberryPI3/ros2_ws/install/can/share/can/local_setup.zsh
[26.943s] -- Installing: /home/leasch/pivoane/raspberryPI3/ros2_ws/install/can/share/can/local_setup.dsv
[26.943s] -- Installing: /home/leasch/pivoane/raspberryPI3/ros2_ws/install/can/share/can/package.dsv
[26.943s] -- Installing: /home/leasch/pivoane/raspberryPI3/ros2_ws/install/can/share/ament_index/resource_index/packages/can
[26.943s] -- Installing: /home/leasch/pivoane/raspberryPI3/ros2_ws/install/can/share/can/cmake/canConfig.cmake
[26.944s] -- Installing: /home/leasch/pivoane/raspberryPI3/ros2_ws/install/can/share/can/cmake/canConfig-version.cmake
[26.944s] -- Installing: /home/leasch/pivoane/raspberryPI3/ros2_ws/install/can/share/can/package.xml
[26.946s] Invoked command in '/home/leasch/pivoane/raspberryPI3/ros2_ws/build/can' returned '0': AMENT_PREFIX_PATH=/home/leasch/pivoane/raspberryPI3/ros2_ws/install/interfaces:${AMENT_PREFIX_PATH} CMAKE_PREFIX_PATH=/home/leasch/pivoane/raspberryPI3/ros2_ws/install/interfaces:/opt/ros/humble LD_LIBRARY_PATH=/home/leasch/pivoane/raspberryPI3/ros2_ws/install/interfaces/lib:${LD_LIBRARY_PATH} PYTHONPATH=/home/leasch/pivoane/raspberryPI3/ros2_ws/install/interfaces/local/lib/python3.10/dist-packages:${PYTHONPATH} /usr/bin/cmake --install /home/leasch/pivoane/raspberryPI3/ros2_ws/build/can
