[0.187s] Invoking command in '/home/leasch/pivoane/raspberryPI3/ros2_ws/build/simulation': AMENT_PREFIX_PATH=/home/leasch/pivoane/raspberryPI3/ros2_ws/install/interfaces:/home/leasch/pivoane/raspberryPI3/ros2_ws/install/carla_msgs:${AMENT_PREFIX_PATH} CMAKE_PREFIX_PATH=/home/leasch/pivoane/raspberryPI3/ros2_ws/install/interfaces:/home/leasch/pivoane/raspberryPI3/ros2_ws/install/carla_msgs:/opt/ros/humble LD_LIBRARY_PATH=/home/leasch/pivoane/raspberryPI3/ros2_ws/install/interfaces/lib:/home/leasch/pivoane/raspberryPI3/ros2_ws/install/carla_msgs/lib:${LD_LIBRARY_PATH} PYTHONPATH=/home/leasch/pivoane/raspberryPI3/ros2_ws/install/interfaces/local/lib/python3.10/dist-packages:/home/leasch/pivoane/raspberryPI3/ros2_ws/install/carla_msgs/local/lib/python3.10/dist-packages:${PYTHONPATH} /usr/bin/cmake /home/leasch/pivoane/raspberryPI3/ros2_ws/src/simulation -DCMAKE_INSTALL_PREFIX=/home/leasch/pivoane/raspberryPI3/ros2_ws/install/simulation
[0.331s] -- The C compiler identification is GNU 11.2.0
[0.836s] -- The CXX compiler identification is GNU 11.2.0
[1.287s] -- Detecting C compiler ABI info
[1.444s] -- Detecting C compiler ABI info - done
[1.448s] -- Check for working C compiler: /usr/bin/cc - skipped
[1.449s] -- Detecting C compile features
[1.449s] -- Detecting C compile features - done
[1.451s] -- Detecting CXX compiler ABI info
[1.623s] -- Detecting CXX compiler ABI info - done
[1.629s] -- Check for working CXX compiler: /usr/bin/c++ - skipped
[1.629s] -- Detecting CXX compile features
[1.629s] -- Detecting CXX compile features - done
[1.631s] -- Found ament_cmake: 1.3.2 (/opt/ros/humble/share/ament_cmake/cmake)
[1.750s] -- Found Python3: /usr/bin/python3.10 (found version "3.10.6") found components: Interpreter 
[1.808s] -- Found rclcpp: 16.0.1 (/opt/ros/humble/share/rclcpp/cmake)
[2.109s] -- Found rosidl_generator_c: 3.1.3 (/opt/ros/humble/share/rosidl_generator_c/cmake)
[2.112s] -- Found rosidl_adapter: 3.1.3 (/opt/ros/humble/share/rosidl_adapter/cmake)
[2.117s] -- Found rosidl_generator_cpp: 3.1.3 (/opt/ros/humble/share/rosidl_generator_cpp/cmake)
[2.126s] -- Using all available rosidl_typesupport_c: rosidl_typesupport_fastrtps_c;rosidl_typesupport_introspection_c
[2.138s] -- Using all available rosidl_typesupport_cpp: rosidl_typesupport_fastrtps_cpp;rosidl_typesupport_introspection_cpp
[2.181s] -- Found rmw_implementation_cmake: 6.1.0 (/opt/ros/humble/share/rmw_implementation_cmake/cmake)
[2.183s] -- Found rmw_fastrtps_cpp: 6.2.1 (/opt/ros/humble/share/rmw_fastrtps_cpp/cmake)
[4.277s] -- Found OpenSSL: /usr/lib/x86_64-linux-gnu/libcrypto.so (found version "3.0.2")  
[6.580s] -- Found FastRTPS: /opt/ros/humble/include  
[10.826s] -- Using RMW implementation 'rmw_fastrtps_cpp' as default
[10.930s] -- Found interfaces: 0.0.0 (/home/leasch/pivoane/raspberryPI3/ros2_ws/install/interfaces/share/interfaces/cmake)
[10.941s] -- Found carla_msgs: 0.0.0 (/home/leasch/pivoane/raspberryPI3/ros2_ws/install/carla_msgs/share/carla_msgs/cmake)
[10.980s] -- Found ament_lint_auto: 0.12.4 (/opt/ros/humble/share/ament_lint_auto/cmake)
[11.047s] -- Added test 'cppcheck' to perform static code analysis on C / C++ code
[11.047s] -- Configured cppcheck include dirs: $<BUILD_INTERFACE:/home/leasch/pivoane/raspberryPI3/ros2_ws/src/simulation/include>
[11.047s] -- Configured cppcheck exclude dirs and/or files: 
[11.048s] -- Added test 'lint_cmake' to check CMake code style
[11.049s] -- Added test 'uncrustify' to check C / C++ code style
[11.049s] -- Configured uncrustify additional arguments: 
[11.049s] -- Added test 'xmllint' to check XML markup files
[11.050s] -- Configuring done
[11.057s] -- Generating done
[11.058s] -- Build files have been written to: /home/leasch/pivoane/raspberryPI3/ros2_ws/build/simulation
[11.068s] Invoked command in '/home/leasch/pivoane/raspberryPI3/ros2_ws/build/simulation' returned '0': AMENT_PREFIX_PATH=/home/leasch/pivoane/raspberryPI3/ros2_ws/install/interfaces:/home/leasch/pivoane/raspberryPI3/ros2_ws/install/carla_msgs:${AMENT_PREFIX_PATH} CMAKE_PREFIX_PATH=/home/leasch/pivoane/raspberryPI3/ros2_ws/install/interfaces:/home/leasch/pivoane/raspberryPI3/ros2_ws/install/carla_msgs:/opt/ros/humble LD_LIBRARY_PATH=/home/leasch/pivoane/raspberryPI3/ros2_ws/install/interfaces/lib:/home/leasch/pivoane/raspberryPI3/ros2_ws/install/carla_msgs/lib:${LD_LIBRARY_PATH} PYTHONPATH=/home/leasch/pivoane/raspberryPI3/ros2_ws/install/interfaces/local/lib/python3.10/dist-packages:/home/leasch/pivoane/raspberryPI3/ros2_ws/install/carla_msgs/local/lib/python3.10/dist-packages:${PYTHONPATH} /usr/bin/cmake /home/leasch/pivoane/raspberryPI3/ros2_ws/src/simulation -DCMAKE_INSTALL_PREFIX=/home/leasch/pivoane/raspberryPI3/ros2_ws/install/simulation
[11.069s] Invoking command in '/home/leasch/pivoane/raspberryPI3/ros2_ws/build/simulation': AMENT_PREFIX_PATH=/home/leasch/pivoane/raspberryPI3/ros2_ws/install/interfaces:/home/leasch/pivoane/raspberryPI3/ros2_ws/install/carla_msgs:${AMENT_PREFIX_PATH} CMAKE_PREFIX_PATH=/home/leasch/pivoane/raspberryPI3/ros2_ws/install/interfaces:/home/leasch/pivoane/raspberryPI3/ros2_ws/install/carla_msgs:/opt/ros/humble LD_LIBRARY_PATH=/home/leasch/pivoane/raspberryPI3/ros2_ws/install/interfaces/lib:/home/leasch/pivoane/raspberryPI3/ros2_ws/install/carla_msgs/lib:${LD_LIBRARY_PATH} PYTHONPATH=/home/leasch/pivoane/raspberryPI3/ros2_ws/install/interfaces/local/lib/python3.10/dist-packages:/home/leasch/pivoane/raspberryPI3/ros2_ws/install/carla_msgs/local/lib/python3.10/dist-packages:${PYTHONPATH} /usr/bin/cmake --build /home/leasch/pivoane/raspberryPI3/ros2_ws/build/simulation -- -j8 -l8
[11.100s] [ 50%] [32mBuilding CXX object CMakeFiles/simulation_node.dir/src/simulation_node.cpp.o[0m
[19.304s] [100%] [32m[1mLinking CXX executable simulation_node[0m
[19.827s] [100%] Built target simulation_node
[19.840s] Invoked command in '/home/leasch/pivoane/raspberryPI3/ros2_ws/build/simulation' returned '0': AMENT_PREFIX_PATH=/home/leasch/pivoane/raspberryPI3/ros2_ws/install/interfaces:/home/leasch/pivoane/raspberryPI3/ros2_ws/install/carla_msgs:${AMENT_PREFIX_PATH} CMAKE_PREFIX_PATH=/home/leasch/pivoane/raspberryPI3/ros2_ws/install/interfaces:/home/leasch/pivoane/raspberryPI3/ros2_ws/install/carla_msgs:/opt/ros/humble LD_LIBRARY_PATH=/home/leasch/pivoane/raspberryPI3/ros2_ws/install/interfaces/lib:/home/leasch/pivoane/raspberryPI3/ros2_ws/install/carla_msgs/lib:${LD_LIBRARY_PATH} PYTHONPATH=/home/leasch/pivoane/raspberryPI3/ros2_ws/install/interfaces/local/lib/python3.10/dist-packages:/home/leasch/pivoane/raspberryPI3/ros2_ws/install/carla_msgs/local/lib/python3.10/dist-packages:${PYTHONPATH} /usr/bin/cmake --build /home/leasch/pivoane/raspberryPI3/ros2_ws/build/simulation -- -j8 -l8
[19.864s] Invoking command in '/home/leasch/pivoane/raspberryPI3/ros2_ws/build/simulation': AMENT_PREFIX_PATH=/home/leasch/pivoane/raspberryPI3/ros2_ws/install/interfaces:/home/leasch/pivoane/raspberryPI3/ros2_ws/install/carla_msgs:${AMENT_PREFIX_PATH} CMAKE_PREFIX_PATH=/home/leasch/pivoane/raspberryPI3/ros2_ws/install/interfaces:/home/leasch/pivoane/raspberryPI3/ros2_ws/install/carla_msgs:/opt/ros/humble LD_LIBRARY_PATH=/home/leasch/pivoane/raspberryPI3/ros2_ws/install/interfaces/lib:/home/leasch/pivoane/raspberryPI3/ros2_ws/install/carla_msgs/lib:${LD_LIBRARY_PATH} PYTHONPATH=/home/leasch/pivoane/raspberryPI3/ros2_ws/install/interfaces/local/lib/python3.10/dist-packages:/home/leasch/pivoane/raspberryPI3/ros2_ws/install/carla_msgs/local/lib/python3.10/dist-packages:${PYTHONPATH} /usr/bin/cmake --install /home/leasch/pivoane/raspberryPI3/ros2_ws/build/simulation
[19.870s] -- Install configuration: ""
[19.870s] -- Installing: /home/leasch/pivoane/raspberryPI3/ros2_ws/install/simulation/lib/simulation/simulation_node
[19.873s] -- Set runtime path of "/home/leasch/pivoane/raspberryPI3/ros2_ws/install/simulation/lib/simulation/simulation_node" to ""
[19.873s] -- Installing: /home/leasch/pivoane/raspberryPI3/ros2_ws/install/simulation/share/ament_index/resource_index/package_run_dependencies/simulation
[19.873s] -- Installing: /home/leasch/pivoane/raspberryPI3/ros2_ws/install/simulation/share/ament_index/resource_index/parent_prefix_path/simulation
[19.874s] -- Installing: /home/leasch/pivoane/raspberryPI3/ros2_ws/install/simulation/share/simulation/environment/ament_prefix_path.sh
[19.874s] -- Installing: /home/leasch/pivoane/raspberryPI3/ros2_ws/install/simulation/share/simulation/environment/ament_prefix_path.dsv
[19.874s] -- Installing: /home/leasch/pivoane/raspberryPI3/ros2_ws/install/simulation/share/simulation/environment/path.sh
[19.874s] -- Installing: /home/leasch/pivoane/raspberryPI3/ros2_ws/install/simulation/share/simulation/environment/path.dsv
[19.874s] -- Installing: /home/leasch/pivoane/raspberryPI3/ros2_ws/install/simulation/share/simulation/local_setup.bash
[19.875s] -- Installing: /home/leasch/pivoane/raspberryPI3/ros2_ws/install/simulation/share/simulation/local_setup.sh
[19.875s] -- Installing: /home/leasch/pivoane/raspberryPI3/ros2_ws/install/simulation/share/simulation/local_setup.zsh
[19.875s] -- Installing: /home/leasch/pivoane/raspberryPI3/ros2_ws/install/simulation/share/simulation/local_setup.dsv
[19.875s] -- Installing: /home/leasch/pivoane/raspberryPI3/ros2_ws/install/simulation/share/simulation/package.dsv
[19.875s] -- Installing: /home/leasch/pivoane/raspberryPI3/ros2_ws/install/simulation/share/ament_index/resource_index/packages/simulation
[19.875s] -- Installing: /home/leasch/pivoane/raspberryPI3/ros2_ws/install/simulation/share/simulation/cmake/simulationConfig.cmake
[19.875s] -- Installing: /home/leasch/pivoane/raspberryPI3/ros2_ws/install/simulation/share/simulation/cmake/simulationConfig-version.cmake
[19.875s] -- Installing: /home/leasch/pivoane/raspberryPI3/ros2_ws/install/simulation/share/simulation/package.xml
[19.878s] Invoked command in '/home/leasch/pivoane/raspberryPI3/ros2_ws/build/simulation' returned '0': AMENT_PREFIX_PATH=/home/leasch/pivoane/raspberryPI3/ros2_ws/install/interfaces:/home/leasch/pivoane/raspberryPI3/ros2_ws/install/carla_msgs:${AMENT_PREFIX_PATH} CMAKE_PREFIX_PATH=/home/leasch/pivoane/raspberryPI3/ros2_ws/install/interfaces:/home/leasch/pivoane/raspberryPI3/ros2_ws/install/carla_msgs:/opt/ros/humble LD_LIBRARY_PATH=/home/leasch/pivoane/raspberryPI3/ros2_ws/install/interfaces/lib:/home/leasch/pivoane/raspberryPI3/ros2_ws/install/carla_msgs/lib:${LD_LIBRARY_PATH} PYTHONPATH=/home/leasch/pivoane/raspberryPI3/ros2_ws/install/interfaces/local/lib/python3.10/dist-packages:/home/leasch/pivoane/raspberryPI3/ros2_ws/install/carla_msgs/local/lib/python3.10/dist-packages:${PYTHONPATH} /usr/bin/cmake --install /home/leasch/pivoane/raspberryPI3/ros2_ws/build/simulation
