[0.016s] Invoking command in '/home/sonia/ros2_ws/src/build/serial_comm': CMAKE_PREFIX_PATH=/opt/ros/humble /usr/bin/cmake /home/sonia/ros2_ws/src/serial_comm -DCMAKE_INSTALL_PREFIX=/home/sonia/ros2_ws/src/install/serial_comm
[0.104s] -- The C compiler identification is GNU 11.4.0
[0.176s] -- The CXX compiler identification is GNU 11.4.0
[0.190s] -- Detecting C compiler ABI info
[0.272s] -- Detecting C compiler ABI info - done
[0.282s] -- Check for working C compiler: /usr/bin/cc - skipped
[0.284s] -- Detecting C compile features
[0.285s] -- Detecting C compile features - done
[0.289s] -- Detecting CXX compiler ABI info
[0.365s] -- Detecting CXX compiler ABI info - done
[0.379s] -- Check for working CXX compiler: /usr/bin/c++ - skipped
[0.380s] -- Detecting CXX compile features
[0.380s] -- Detecting CXX compile features - done
[0.387s] -- Found ament_cmake: 1.3.9 (/opt/ros/humble/share/ament_cmake/cmake)
[0.670s] -- Found Python3: /usr/bin/python3 (found version "3.10.12") found components: Interpreter 
[0.826s] -- Found rclcpp: 16.0.9 (/opt/ros/humble/share/rclcpp/cmake)
[0.912s] -- Found rosidl_generator_c: 3.1.5 (/opt/ros/humble/share/rosidl_generator_c/cmake)
[0.920s] -- Found rosidl_adapter: 3.1.5 (/opt/ros/humble/share/rosidl_adapter/cmake)
[0.931s] -- Found rosidl_generator_cpp: 3.1.5 (/opt/ros/humble/share/rosidl_generator_cpp/cmake)
[0.956s] -- Using all available rosidl_typesupport_c: rosidl_typesupport_fastrtps_c;rosidl_typesupport_introspection_c
[0.989s] -- Using all available rosidl_typesupport_cpp: rosidl_typesupport_fastrtps_cpp;rosidl_typesupport_introspection_cpp
[1.107s] -- Found rmw_implementation_cmake: 6.1.2 (/opt/ros/humble/share/rmw_implementation_cmake/cmake)
[1.110s] -- Found rmw_fastrtps_cpp: 6.2.6 (/opt/ros/humble/share/rmw_fastrtps_cpp/cmake)
[1.265s] -- Found OpenSSL: /usr/lib/x86_64-linux-gnu/libcrypto.so (found version "3.0.2")  
[1.317s] -- Found FastRTPS: /opt/ros/humble/include  
[1.388s] -- Using RMW implementation 'rmw_fastrtps_cpp' as default
[1.411s] -- Looking for pthread.h
[1.549s] -- Looking for pthread.h - found
[1.552s] -- Performing Test CMAKE_HAVE_LIBC_PTHREAD
[1.653s] -- Performing Test CMAKE_HAVE_LIBC_PTHREAD - Success
[1.657s] -- Found Threads: TRUE  
[2.014s] -- Configuring done
[2.016s] [31mCMake Error at CMakeLists.txt:15 (add_executable):
[2.016s]   Cannot find source file:
[2.016s] 
[2.016s]     src/publish_data.cpp
[2.016s] 
[2.017s]   Tried extensions .c .C .c++ .cc .cpp .cxx .cu .mpp .m .M .mm .ixx .cppm .h
[2.017s]   .hh .h++ .hm .hpp .hxx .in .txx .f .F .for .f77 .f90 .f95 .f03 .hip .ispc
[2.017s] 
[2.018s] [0m
[2.018s] [31mCMake Error at CMakeLists.txt:18 (add_executable):
[2.018s]   Cannot find source file:
[2.018s] 
[2.018s]     src/subscribe_data.cpp
[2.018s] 
[2.021s]   Tried extensions .c .C .c++ .cc .cpp .cxx .cu .mpp .m .M .mm .ixx .cppm .h
[2.021s]   .hh .h++ .hm .hpp .hxx .in .txx .f .F .for .f77 .f90 .f95 .f03 .hip .ispc
[2.021s] 
[2.021s] [0m
[2.022s] [31mCMake Error at CMakeLists.txt:15 (add_executable):
[2.022s]   No SOURCES given to target: serial_publisher
[2.022s] 
[2.022s] [0m
[2.022s] [31mCMake Error at CMakeLists.txt:18 (add_executable):
[2.022s]   No SOURCES given to target: serial_subscriber
[2.022s] 
[2.022s] [0m
[2.022s] [0mCMake Generate step failed.  Build files cannot be regenerated correctly.[0m
[2.041s] Invoked command in '/home/sonia/ros2_ws/src/build/serial_comm' returned '1': CMAKE_PREFIX_PATH=/opt/ros/humble /usr/bin/cmake /home/sonia/ros2_ws/src/serial_comm -DCMAKE_INSTALL_PREFIX=/home/sonia/ros2_ws/src/install/serial_comm
