[0.006s] Invoking command in '/home/sonia/ros2_ws/build/serial_comm1': CMAKE_PREFIX_PATH=${CMAKE_PREFIX_PATH}:/opt/ros/humble /usr/bin/cmake --build /home/sonia/ros2_ws/build/serial_comm1 -- -j1 -l1
[0.052s] [ 50%] Built target talker
[0.070s] [100%] Built target listener
[0.076s] Invoked command in '/home/sonia/ros2_ws/build/serial_comm1' returned '0': CMAKE_PREFIX_PATH=${CMAKE_PREFIX_PATH}:/opt/ros/humble /usr/bin/cmake --build /home/sonia/ros2_ws/build/serial_comm1 -- -j1 -l1
[0.095s] Invoking command in '/home/sonia/ros2_ws/build/serial_comm1': CMAKE_PREFIX_PATH=${CMAKE_PREFIX_PATH}:/opt/ros/humble /usr/bin/cmake --install /home/sonia/ros2_ws/build/serial_comm1
[0.099s] -- Install configuration: ""
[0.099s] -- Up-to-date: /home/sonia/ros2_ws/install/serial_comm1/lib/serial_comm1/talker
[0.100s] -- Up-to-date: /home/sonia/ros2_ws/install/serial_comm1/lib/serial_comm1/listener
[0.100s] -- Up-to-date: /home/sonia/ros2_ws/install/serial_comm1/share/ament_index/resource_index/package_run_dependencies/serial_comm1
[0.100s] -- Up-to-date: /home/sonia/ros2_ws/install/serial_comm1/share/ament_index/resource_index/parent_prefix_path/serial_comm1
[0.100s] -- Up-to-date: /home/sonia/ros2_ws/install/serial_comm1/share/serial_comm1/environment/ament_prefix_path.sh
[0.100s] -- Up-to-date: /home/sonia/ros2_ws/install/serial_comm1/share/serial_comm1/environment/ament_prefix_path.dsv
[0.100s] -- Up-to-date: /home/sonia/ros2_ws/install/serial_comm1/share/serial_comm1/environment/path.sh
[0.100s] -- Up-to-date: /home/sonia/ros2_ws/install/serial_comm1/share/serial_comm1/environment/path.dsv
[0.100s] -- Up-to-date: /home/sonia/ros2_ws/install/serial_comm1/share/serial_comm1/local_setup.bash
[0.100s] -- Up-to-date: /home/sonia/ros2_ws/install/serial_comm1/share/serial_comm1/local_setup.sh
[0.100s] -- Up-to-date: /home/sonia/ros2_ws/install/serial_comm1/share/serial_comm1/local_setup.zsh
[0.100s] -- Up-to-date: /home/sonia/ros2_ws/install/serial_comm1/share/serial_comm1/local_setup.dsv
[0.101s] -- Installing: /home/sonia/ros2_ws/install/serial_comm1/share/serial_comm1/package.dsv
[0.101s] -- Up-to-date: /home/sonia/ros2_ws/install/serial_comm1/share/ament_index/resource_index/packages/serial_comm1
[0.101s] -- Up-to-date: /home/sonia/ros2_ws/install/serial_comm1/share/serial_comm1/cmake/serial_comm1Config.cmake
[0.101s] -- Up-to-date: /home/sonia/ros2_ws/install/serial_comm1/share/serial_comm1/cmake/serial_comm1Config-version.cmake
[0.101s] -- Up-to-date: /home/sonia/ros2_ws/install/serial_comm1/share/serial_comm1/package.xml
[0.102s] Invoked command in '/home/sonia/ros2_ws/build/serial_comm1' returned '0': CMAKE_PREFIX_PATH=${CMAKE_PREFIX_PATH}:/opt/ros/humble /usr/bin/cmake --install /home/sonia/ros2_ws/build/serial_comm1
