[0.003s] Invoking command in '/home/sonia/ros2_ws/build/serial_comm': CMAKE_PREFIX_PATH=/opt/ros/humble /usr/bin/cmake /home/sonia/ros2_ws/src/serial_comm -DCMAKE_INSTALL_PREFIX=/home/sonia/ros2_ws/install/serial_comm
[0.048s] -- The C compiler identification is GNU 11.4.0
[0.087s] -- The CXX compiler identification is GNU 11.4.0
[0.092s] -- Detecting C compiler ABI info
[0.167s] -- Detecting C compiler ABI info - done
[0.172s] -- Check for working C compiler: /usr/bin/cc - skipped
[0.173s] -- Detecting C compile features
[0.173s] -- Detecting C compile features - done
[0.176s] -- Detecting CXX compiler ABI info
[0.244s] -- Detecting CXX compiler ABI info - done
[0.249s] -- Check for working CXX compiler: /usr/bin/c++ - skipped
[0.249s] -- Detecting CXX compile features
[0.250s] -- Detecting CXX compile features - done
[0.252s] -- Found ament_cmake: 1.3.9 (/opt/ros/humble/share/ament_cmake/cmake)
[0.354s] -- Found Python3: /usr/bin/python3 (found version "3.10.12") found components: Interpreter 
[0.442s] -- Found rclcpp: 16.0.9 (/opt/ros/humble/share/rclcpp/cmake)
[0.494s] -- Found rosidl_generator_c: 3.1.5 (/opt/ros/humble/share/rosidl_generator_c/cmake)
[0.500s] -- Found rosidl_adapter: 3.1.5 (/opt/ros/humble/share/rosidl_adapter/cmake)
[0.517s] -- Found rosidl_generator_cpp: 3.1.5 (/opt/ros/humble/share/rosidl_generator_cpp/cmake)
[0.547s] -- Using all available rosidl_typesupport_c: rosidl_typesupport_fastrtps_c;rosidl_typesupport_introspection_c
[0.579s] -- Using all available rosidl_typesupport_cpp: rosidl_typesupport_fastrtps_cpp;rosidl_typesupport_introspection_cpp
[0.671s] -- Found rmw_implementation_cmake: 6.1.2 (/opt/ros/humble/share/rmw_implementation_cmake/cmake)
[0.675s] -- Found rmw_fastrtps_cpp: 6.2.6 (/opt/ros/humble/share/rmw_fastrtps_cpp/cmake)
[0.791s] -- Found OpenSSL: /usr/lib/x86_64-linux-gnu/libcrypto.so (found version "3.0.2")  
[0.822s] -- Found FastRTPS: /opt/ros/humble/include  
[0.854s] -- Using RMW implementation 'rmw_fastrtps_cpp' as default
[0.866s] -- Looking for pthread.h
[0.951s] -- Looking for pthread.h - found
[0.952s] -- Performing Test CMAKE_HAVE_LIBC_PTHREAD
[1.053s] -- Performing Test CMAKE_HAVE_LIBC_PTHREAD - Success
[1.055s] -- Found Threads: TRUE  
[1.297s] -- Found Boost: /usr/lib/x86_64-linux-gnu/cmake/Boost-1.74.0/BoostConfig.cmake (found version "1.74.0") found components: system 
[1.408s] -- Configuring done
[1.431s] -- Generating done
[1.435s] -- Build files have been written to: /home/sonia/ros2_ws/build/serial_comm
[1.451s] Invoked command in '/home/sonia/ros2_ws/build/serial_comm' returned '0': CMAKE_PREFIX_PATH=/opt/ros/humble /usr/bin/cmake /home/sonia/ros2_ws/src/serial_comm -DCMAKE_INSTALL_PREFIX=/home/sonia/ros2_ws/install/serial_comm
[1.451s] Invoking command in '/home/sonia/ros2_ws/build/serial_comm': CMAKE_PREFIX_PATH=/opt/ros/humble /usr/bin/cmake --build /home/sonia/ros2_ws/build/serial_comm -- -j1 -l1
[1.495s] [ 25%] [32mBuilding CXX object CMakeFiles/talker.dir/src/serial_publisher.cpp.o[0m
[10.495s] [ 50%] [32m[1mLinking CXX executable talker[0m
[10.853s] [ 50%] Built target talker
[10.884s] [ 75%] [32mBuilding CXX object CMakeFiles/listener.dir/src/serial_subscriber.cpp.o[0m
[22.925s] [100%] [32m[1mLinking CXX executable listener[0m
[23.236s] [100%] Built target listener
[23.257s] Invoked command in '/home/sonia/ros2_ws/build/serial_comm' returned '0': CMAKE_PREFIX_PATH=/opt/ros/humble /usr/bin/cmake --build /home/sonia/ros2_ws/build/serial_comm -- -j1 -l1
[23.283s] Invoking command in '/home/sonia/ros2_ws/build/serial_comm': CMAKE_PREFIX_PATH=/opt/ros/humble /usr/bin/cmake --install /home/sonia/ros2_ws/build/serial_comm
[23.288s] -- Install configuration: ""
[23.289s] -- Installing: /home/sonia/ros2_ws/install/serial_comm/lib/serial_comm/talker
[23.293s] -- Set runtime path of "/home/sonia/ros2_ws/install/serial_comm/lib/serial_comm/talker" to ""
[23.293s] -- Installing: /home/sonia/ros2_ws/install/serial_comm/lib/serial_comm/listener
[23.301s] -- Set runtime path of "/home/sonia/ros2_ws/install/serial_comm/lib/serial_comm/listener" to ""
[23.302s] -- Installing: /home/sonia/ros2_ws/install/serial_comm/share/ament_index/resource_index/package_run_dependencies/serial_comm
[23.302s] -- Installing: /home/sonia/ros2_ws/install/serial_comm/share/ament_index/resource_index/parent_prefix_path/serial_comm
[23.302s] -- Installing: /home/sonia/ros2_ws/install/serial_comm/share/serial_comm/environment/ament_prefix_path.sh
[23.302s] -- Installing: /home/sonia/ros2_ws/install/serial_comm/share/serial_comm/environment/ament_prefix_path.dsv
[23.302s] -- Installing: /home/sonia/ros2_ws/install/serial_comm/share/serial_comm/environment/path.sh
[23.302s] -- Installing: /home/sonia/ros2_ws/install/serial_comm/share/serial_comm/environment/path.dsv
[23.302s] -- Installing: /home/sonia/ros2_ws/install/serial_comm/share/serial_comm/local_setup.bash
[23.303s] -- Installing: /home/sonia/ros2_ws/install/serial_comm/share/serial_comm/local_setup.sh
[23.303s] -- Installing: /home/sonia/ros2_ws/install/serial_comm/share/serial_comm/local_setup.zsh
[23.307s] -- Installing: /home/sonia/ros2_ws/install/serial_comm/share/serial_comm/local_setup.dsv
[23.307s] -- Installing: /home/sonia/ros2_ws/install/serial_comm/share/serial_comm/package.dsv
[23.307s] -- Installing: /home/sonia/ros2_ws/install/serial_comm/share/ament_index/resource_index/packages/serial_comm
[23.308s] -- Installing: /home/sonia/ros2_ws/install/serial_comm/share/serial_comm/cmake/serial_commConfig.cmake
[23.308s] -- Installing: /home/sonia/ros2_ws/install/serial_comm/share/serial_comm/cmake/serial_commConfig-version.cmake
[23.308s] -- Installing: /home/sonia/ros2_ws/install/serial_comm/share/serial_comm/package.xml
[23.314s] Invoked command in '/home/sonia/ros2_ws/build/serial_comm' returned '0': CMAKE_PREFIX_PATH=/opt/ros/humble /usr/bin/cmake --install /home/sonia/ros2_ws/build/serial_comm
