[0.009s] Invoking command in '/home/sonia/ros2_ws/build/cpp_pubsub': CMAKE_PREFIX_PATH=/opt/ros/humble /usr/bin/cmake --build /home/sonia/ros2_ws/build/cpp_pubsub -- -j1 -l1
[0.061s] -- Found ament_cmake: 1.3.9 (/opt/ros/humble/share/ament_cmake/cmake)
[0.175s] -- Found rclcpp: 16.0.9 (/opt/ros/humble/share/rclcpp/cmake)
[0.207s] -- Found rosidl_generator_c: 3.1.5 (/opt/ros/humble/share/rosidl_generator_c/cmake)
[0.211s] -- Found rosidl_adapter: 3.1.5 (/opt/ros/humble/share/rosidl_adapter/cmake)
[0.217s] -- Found rosidl_generator_cpp: 3.1.5 (/opt/ros/humble/share/rosidl_generator_cpp/cmake)
[0.229s] -- Using all available rosidl_typesupport_c: rosidl_typesupport_fastrtps_c;rosidl_typesupport_introspection_c
[0.246s] -- Using all available rosidl_typesupport_cpp: rosidl_typesupport_fastrtps_cpp;rosidl_typesupport_introspection_cpp
[0.291s] -- Found rmw_implementation_cmake: 6.1.2 (/opt/ros/humble/share/rmw_implementation_cmake/cmake)
[0.293s] -- Found rmw_fastrtps_cpp: 6.2.6 (/opt/ros/humble/share/rmw_fastrtps_cpp/cmake)
[0.374s] -- Using RMW implementation 'rmw_fastrtps_cpp' as default
[0.514s] -- Found ament_lint_auto: 0.12.11 (/opt/ros/humble/share/ament_lint_auto/cmake)
[0.580s] -- Added test 'cppcheck' to perform static code analysis on C / C++ code
[0.580s] -- Configured cppcheck include dirs: 
[0.581s] -- Configured cppcheck exclude dirs and/or files: 
[0.582s] -- Added test 'lint_cmake' to check CMake code style
[0.583s] -- Added test 'uncrustify' to check C / C++ code style
[0.583s] -- Configured uncrustify additional arguments: 
[0.583s] -- Added test 'xmllint' to check XML markup files
[0.586s] -- Configuring done
[0.602s] -- Generating done
[0.606s] -- Build files have been written to: /home/sonia/ros2_ws/build/cpp_pubsub
[0.621s] [35m[1mConsolidate compiler generated dependencies of target talker[0m
[0.654s] [ 50%] Built target talker
[0.663s] [35m[1mConsolidate compiler generated dependencies of target listener[0m
[0.676s] [100%] Built target listener
[0.687s] Invoked command in '/home/sonia/ros2_ws/build/cpp_pubsub' returned '0': CMAKE_PREFIX_PATH=/opt/ros/humble /usr/bin/cmake --build /home/sonia/ros2_ws/build/cpp_pubsub -- -j1 -l1
[0.707s] Invoking command in '/home/sonia/ros2_ws/build/cpp_pubsub': CMAKE_PREFIX_PATH=/opt/ros/humble /usr/bin/cmake --install /home/sonia/ros2_ws/build/cpp_pubsub
[0.712s] -- Install configuration: ""
[0.713s] -- Up-to-date: /home/sonia/ros2_ws/install/cpp_pubsub/lib/cpp_pubsub/talker
[0.714s] -- Up-to-date: /home/sonia/ros2_ws/install/cpp_pubsub/lib/cpp_pubsub/listener
[0.715s] -- Up-to-date: /home/sonia/ros2_ws/install/cpp_pubsub/share/ament_index/resource_index/package_run_dependencies/cpp_pubsub
[0.715s] -- Installing: /home/sonia/ros2_ws/install/cpp_pubsub/share/ament_index/resource_index/parent_prefix_path/cpp_pubsub
[0.716s] -- Up-to-date: /home/sonia/ros2_ws/install/cpp_pubsub/share/cpp_pubsub/environment/ament_prefix_path.sh
[0.716s] -- Installing: /home/sonia/ros2_ws/install/cpp_pubsub/share/cpp_pubsub/environment/ament_prefix_path.dsv
[0.717s] -- Up-to-date: /home/sonia/ros2_ws/install/cpp_pubsub/share/cpp_pubsub/environment/path.sh
[0.717s] -- Installing: /home/sonia/ros2_ws/install/cpp_pubsub/share/cpp_pubsub/environment/path.dsv
[0.718s] -- Up-to-date: /home/sonia/ros2_ws/install/cpp_pubsub/share/cpp_pubsub/local_setup.bash
[0.718s] -- Up-to-date: /home/sonia/ros2_ws/install/cpp_pubsub/share/cpp_pubsub/local_setup.sh
[0.719s] -- Up-to-date: /home/sonia/ros2_ws/install/cpp_pubsub/share/cpp_pubsub/local_setup.zsh
[0.719s] -- Installing: /home/sonia/ros2_ws/install/cpp_pubsub/share/cpp_pubsub/local_setup.dsv
[0.719s] -- Installing: /home/sonia/ros2_ws/install/cpp_pubsub/share/cpp_pubsub/package.dsv
[0.720s] -- Up-to-date: /home/sonia/ros2_ws/install/cpp_pubsub/share/ament_index/resource_index/packages/cpp_pubsub
[0.720s] -- Up-to-date: /home/sonia/ros2_ws/install/cpp_pubsub/share/cpp_pubsub/cmake/cpp_pubsubConfig.cmake
[0.720s] -- Up-to-date: /home/sonia/ros2_ws/install/cpp_pubsub/share/cpp_pubsub/cmake/cpp_pubsubConfig-version.cmake
[0.721s] -- Up-to-date: /home/sonia/ros2_ws/install/cpp_pubsub/share/cpp_pubsub/package.xml
[0.722s] Invoked command in '/home/sonia/ros2_ws/build/cpp_pubsub' returned '0': CMAKE_PREFIX_PATH=/opt/ros/humble /usr/bin/cmake --install /home/sonia/ros2_ws/build/cpp_pubsub
