[0.004s] Invoking command in '/home/sonia/ros2_ws/build/serial_comm1': CMAKE_PREFIX_PATH=${CMAKE_PREFIX_PATH}:/opt/ros/humble /usr/bin/cmake --build /home/sonia/ros2_ws/build/serial_comm1 -- -j1 -l1
[0.048s] [35m[1mConsolidate compiler generated dependencies of target talker[0m
[0.069s] [ 25%] [32mBuilding CXX object CMakeFiles/talker.dir/src/serial_publisher.cpp.o[0m
[3.164s] [01m[K/home/sonia/ros2_ws/src/serial_comm1/src/serial_publisher.cpp:[m[K In function ‘[01m[Kint main(int, char**)[m[K’:
[3.164s] [01m[K/home/sonia/ros2_ws/src/serial_comm1/src/serial_publisher.cpp:94:43:[m[K [01;31m[Kerror: [m[K‘[01m[Kstm_msgs[m[K’ was not declared in this scope; did you mean ‘[01m[Kstd_msgs[m[K’?
[3.165s]    94 |   auto publisher = node->create_publisher<[01;31m[Kstm_msgs[m[K::msg::String>
[3.165s]       |                                           [01;31m[K^~~~~~~~[m[K
[3.165s]       |                                           [32m[Kstd_msgs[m[K
[3.165s] [01m[K/home/sonia/ros2_ws/src/serial_comm1/src/serial_publisher.cpp:94:26:[m[K [01;31m[Kerror: [m[Kparse error in template argument list
[3.165s]    94 |   auto publisher = node->[01;31m[Kcreate_publisher<stm_msgs::msg::String>[m[K
[3.166s]       |                          [01;31m[K^~~~~~~~~~~~~~~~~~~~~~~~~~~~~~~~~~~~~~~[m[K
[3.166s] [01m[K/home/sonia/ros2_ws/src/serial_comm1/src/serial_publisher.cpp:94:26:[m[K [01;31m[Kerror: [m[Kunable to deduce ‘[01m[Kauto[m[K’ from ‘[01m[K((std::__shared_ptr_access<rclcpp::Node, __gnu_cxx::_S_atomic, false, false>*)(& node))->std::__shared_ptr_access<rclcpp::Node, __gnu_cxx::_S_atomic, false, false>::operator->()->create_publisher<<expression error> >[m[K’
[3.166s] [01m[K/home/sonia/ros2_ws/src/serial_comm1/src/serial_publisher.cpp:94:26:[m[K [01;36m[Knote: [m[K  couldn’t deduce template parameter ‘[01m[Kauto[m[K’
[3.166s] [01m[K/home/sonia/ros2_ws/src/serial_comm1/src/serial_publisher.cpp:96:3:[m[K [01;31m[Kerror: [m[Kexpected ‘[01m[K,[m[K’ or ‘[01m[K;[m[K’ before ‘[01m[Ktry[m[K’
[3.167s]    96 |   [01;31m[Ktry[m[K {
[3.167s]       |   [01;31m[K^~~[m[K
[3.167s] [01m[K/home/sonia/ros2_ws/src/serial_comm1/src/serial_publisher.cpp:117:4:[m[K [01;31m[Kerror: [m[Kexpected primary-expression before ‘[01m[Kcatch[m[K’
[3.167s]   117 |   }[01;31m[Kcatch[m[K (const boost::system::system_error& ex){
[3.167s]       |    [01;31m[K^~~~~[m[K
[4.639s] gmake[2]: *** [CMakeFiles/talker.dir/build.make:76: CMakeFiles/talker.dir/src/serial_publisher.cpp.o] Error 1
[4.640s] gmake[1]: *** [CMakeFiles/Makefile2:139: CMakeFiles/talker.dir/all] Error 2
[4.640s] gmake: *** [Makefile:146: all] Error 2
[4.640s] Invoked command in '/home/sonia/ros2_ws/build/serial_comm1' returned '2': CMAKE_PREFIX_PATH=${CMAKE_PREFIX_PATH}:/opt/ros/humble /usr/bin/cmake --build /home/sonia/ros2_ws/build/serial_comm1 -- -j1 -l1
