[0.009s] Invoking command in '/home/leasch/pivoane/raspberryPI3/ros2_ws/build/carla_msgs': CMAKE_PREFIX_PATH=/opt/ros/humble /usr/bin/cmake /home/leasch/pivoane/raspberryPI3/ros2_ws/src/carla_msgs -DCMAKE_INSTALL_PREFIX=/home/leasch/pivoane/raspberryPI3/ros2_ws/install/carla_msgs
[0.216s] -- The C compiler identification is GNU 11.2.0
[1.084s] -- The CXX compiler identification is GNU 11.2.0
[1.795s] -- Detecting C compiler ABI info
[1.987s] -- Detecting C compiler ABI info - done
[1.993s] -- Check for working C compiler: /usr/bin/cc - skipped
[1.993s] -- Detecting C compile features
[1.993s] -- Detecting C compile features - done
[1.995s] -- Detecting CXX compiler ABI info
[2.217s] -- Detecting CXX compiler ABI info - done
[2.224s] -- Check for working CXX compiler: /usr/bin/c++ - skipped
[2.224s] -- Detecting CXX compile features
[2.224s] -- Detecting CXX compile features - done
[2.226s] -- Found ament_cmake: 1.3.2 (/opt/ros/humble/share/ament_cmake/cmake)
[2.343s] -- Found Python3: /usr/bin/python3.10 (found version "3.10.6") found components: Interpreter 
[2.398s] -- Found rclcpp: 16.0.1 (/opt/ros/humble/share/rclcpp/cmake)
[2.714s] -- Found rosidl_generator_c: 3.1.3 (/opt/ros/humble/share/rosidl_generator_c/cmake)
[2.717s] -- Found rosidl_adapter: 3.1.3 (/opt/ros/humble/share/rosidl_adapter/cmake)
[2.722s] -- Found rosidl_generator_cpp: 3.1.3 (/opt/ros/humble/share/rosidl_generator_cpp/cmake)
[2.730s] -- Using all available rosidl_typesupport_c: rosidl_typesupport_fastrtps_c;rosidl_typesupport_introspection_c
[2.742s] -- Using all available rosidl_typesupport_cpp: rosidl_typesupport_fastrtps_cpp;rosidl_typesupport_introspection_cpp
[2.785s] -- Found rmw_implementation_cmake: 6.1.0 (/opt/ros/humble/share/rmw_implementation_cmake/cmake)
[2.786s] -- Found rmw_fastrtps_cpp: 6.2.1 (/opt/ros/humble/share/rmw_fastrtps_cpp/cmake)
[5.318s] -- Found OpenSSL: /usr/lib/x86_64-linux-gnu/libcrypto.so (found version "3.0.2")  
[8.221s] -- Found FastRTPS: /opt/ros/humble/include  
[13.740s] -- Using RMW implementation 'rmw_fastrtps_cpp' as default
[13.848s] -- Found rosidl_default_generators: 1.2.0 (/opt/ros/humble/share/rosidl_default_generators/cmake)
[14.051s] -- Found ament_cmake_ros: 0.10.0 (/opt/ros/humble/share/ament_cmake_ros/cmake)
[14.304s] -- Using all available rosidl_typesupport_c: rosidl_typesupport_fastrtps_c;rosidl_typesupport_introspection_c
[14.404s] -- Using all available rosidl_typesupport_cpp: rosidl_typesupport_fastrtps_cpp;rosidl_typesupport_introspection_cpp
[14.633s] -- Found PythonInterp: /usr/bin/python3 (found suitable version "3.10.6", minimum required is "3.6") 
[14.634s] -- Found python_cmake_module: 0.10.0 (/opt/ros/humble/share/python_cmake_module/cmake)
[15.341s] -- Found PythonLibs: /usr/lib/x86_64-linux-gnu/libpython3.10.so (found suitable version "3.10.6", minimum required is "3.5") 
[15.341s] -- Using PYTHON_EXECUTABLE: /usr/bin/python3
[15.341s] -- Using PYTHON_INCLUDE_DIRS: /usr/include/python3.10
[15.341s] -- Using PYTHON_LIBRARIES: /usr/lib/x86_64-linux-gnu/libpython3.10.so
[15.357s] -- Found PythonExtra: .so  
[15.463s] -- Found ament_lint_auto: 0.12.4 (/opt/ros/humble/share/ament_lint_auto/cmake)
[15.473s] -- Added test 'lint_cmake' to check CMake code style
[15.474s] -- Added test 'xmllint' to check XML markup files
[15.475s] -- Configuring done
[15.498s] -- Generating done
[15.500s] -- Build files have been written to: /home/leasch/pivoane/raspberryPI3/ros2_ws/build/carla_msgs
[15.508s] Invoked command in '/home/leasch/pivoane/raspberryPI3/ros2_ws/build/carla_msgs' returned '0': CMAKE_PREFIX_PATH=/opt/ros/humble /usr/bin/cmake /home/leasch/pivoane/raspberryPI3/ros2_ws/src/carla_msgs -DCMAKE_INSTALL_PREFIX=/home/leasch/pivoane/raspberryPI3/ros2_ws/install/carla_msgs
[15.511s] Invoking command in '/home/leasch/pivoane/raspberryPI3/ros2_ws/build/carla_msgs': CMAKE_PREFIX_PATH=/opt/ros/humble /usr/bin/cmake --build /home/leasch/pivoane/raspberryPI3/ros2_ws/build/carla_msgs -- -j8 -l8
[15.537s] [  3%] [34m[1mGenerating C code for ROS interfaces[0m
[15.543s] [  6%] [34m[1mGenerating C++ code for ROS interfaces[0m
[15.549s] [  6%] Built target ament_cmake_python_copy_carla_msgs
[15.771s] running egg_info
[15.771s] creating carla_msgs.egg-info
[15.772s] writing carla_msgs.egg-info/PKG-INFO
[15.772s] writing dependency_links to carla_msgs.egg-info/dependency_links.txt
[15.772s] writing top-level names to carla_msgs.egg-info/top_level.txt
[15.772s] writing manifest file 'carla_msgs.egg-info/SOURCES.txt'
[15.774s] reading manifest file 'carla_msgs.egg-info/SOURCES.txt'
[15.774s] writing manifest file 'carla_msgs.egg-info/SOURCES.txt'
[15.789s] [  6%] Built target carla_msgs__cpp
[15.796s] [  9%] [34m[1mGenerating C++ introspection for ROS interfaces[0m
[15.796s] [ 16%] [34m[1mGenerating C++ type support for eProsima Fast-RTPS[0m
[15.796s] [ 16%] [34m[1mGenerating C++ type support dispatch for ROS interfaces[0m
[15.797s] [ 16%] Built target ament_cmake_python_build_carla_msgs_egg
[15.878s] [ 19%] [32mBuilding C object CMakeFiles/carla_msgs__rosidl_generator_c.dir/rosidl_generator_c/carla_msgs/msg/detail/carla_ego_vehicle_control__functions.c.o[0m
[15.925s] [ 22%] [32m[1mLinking C shared library libcarla_msgs__rosidl_generator_c.so[0m
[16.056s] [ 22%] Built target carla_msgs__rosidl_generator_c
[16.064s] [ 25%] [34m[1mGenerating C introspection for ROS interfaces[0m
[16.064s] [ 29%] [34m[1mGenerating C type support for eProsima Fast-RTPS[0m
[16.066s] [ 32%] [34m[1mGenerating C type support dispatch for ROS interfaces[0m
[16.101s] [ 35%] [32mBuilding CXX object CMakeFiles/carla_msgs__rosidl_typesupport_fastrtps_cpp.dir/rosidl_typesupport_fastrtps_cpp/carla_msgs/msg/detail/dds_fastrtps/carla_ego_vehicle_control__type_support.cpp.o[0m
[16.103s] [ 38%] [32mBuilding CXX object CMakeFiles/carla_msgs__rosidl_typesupport_introspection_cpp.dir/rosidl_typesupport_introspection_cpp/carla_msgs/msg/detail/carla_ego_vehicle_control__type_support.cpp.o[0m
[16.131s] [ 41%] [32mBuilding CXX object CMakeFiles/carla_msgs__rosidl_typesupport_cpp.dir/rosidl_typesupport_cpp/carla_msgs/msg/carla_ego_vehicle_control__type_support.cpp.o[0m
[16.412s] [ 45%] [32m[1mLinking CXX shared library libcarla_msgs__rosidl_typesupport_cpp.so[0m
[16.450s] [ 48%] [32mBuilding C object CMakeFiles/carla_msgs__rosidl_typesupport_introspection_c.dir/rosidl_typesupport_introspection_c/carla_msgs/msg/detail/carla_ego_vehicle_control__type_support.c.o[0m
[16.462s] [ 51%] [32mBuilding CXX object CMakeFiles/carla_msgs__rosidl_typesupport_c.dir/rosidl_typesupport_c/carla_msgs/msg/carla_ego_vehicle_control__type_support.cpp.o[0m
[16.476s] [ 54%] [32mBuilding CXX object CMakeFiles/carla_msgs__rosidl_typesupport_fastrtps_c.dir/rosidl_typesupport_fastrtps_c/carla_msgs/msg/detail/carla_ego_vehicle_control__type_support_c.cpp.o[0m
[16.488s] [ 58%] [32m[1mLinking CXX shared library libcarla_msgs__rosidl_typesupport_c.so[0m
[16.489s] [ 61%] [32m[1mLinking C shared library libcarla_msgs__rosidl_typesupport_introspection_c.so[0m
[16.529s] [ 61%] Built target carla_msgs__rosidl_typesupport_cpp
[16.543s] [ 64%] [32m[1mLinking CXX shared library libcarla_msgs__rosidl_typesupport_fastrtps_cpp.so[0m
[16.561s] [ 64%] Built target carla_msgs__rosidl_typesupport_introspection_c
[16.569s] [ 67%] [32m[1mLinking CXX shared library libcarla_msgs__rosidl_typesupport_introspection_cpp.so[0m
[16.573s] [ 67%] Built target carla_msgs__rosidl_typesupport_c
[16.717s] [ 67%] Built target carla_msgs__rosidl_typesupport_introspection_cpp
[16.728s] [ 67%] Built target carla_msgs__rosidl_typesupport_fastrtps_cpp
[16.784s] [ 70%] [32m[1mLinking CXX shared library libcarla_msgs__rosidl_typesupport_fastrtps_c.so[0m
[16.985s] [ 70%] Built target carla_msgs__rosidl_typesupport_fastrtps_c
[16.999s] [ 70%] Built target carla_msgs
[17.013s] [ 74%] [34m[1mGenerating Python code for ROS interfaces[0m
[17.386s] [ 74%] Built target carla_msgs__py
[17.398s] [ 77%] [32mBuilding C object CMakeFiles/carla_msgs__rosidl_generator_py.dir/rosidl_generator_py/carla_msgs/msg/_carla_ego_vehicle_control_s.c.o[0m
[17.465s] [ 80%] [32m[1mLinking C shared library rosidl_generator_py/carla_msgs/libcarla_msgs__rosidl_generator_py.so[0m
[17.670s] [ 80%] Built target carla_msgs__rosidl_generator_py
[17.685s] [ 90%] [32mBuilding C object CMakeFiles/carla_msgs__rosidl_typesupport_c__pyext.dir/rosidl_generator_py/carla_msgs/_carla_msgs_s.ep.rosidl_typesupport_c.c.o[0m
[17.685s] [ 90%] [32mBuilding C object CMakeFiles/carla_msgs__rosidl_typesupport_introspection_c__pyext.dir/rosidl_generator_py/carla_msgs/_carla_msgs_s.ep.rosidl_typesupport_introspection_c.c.o[0m
[17.685s] [ 90%] [32mBuilding C object CMakeFiles/carla_msgs__rosidl_typesupport_fastrtps_c__pyext.dir/rosidl_generator_py/carla_msgs/_carla_msgs_s.ep.rosidl_typesupport_fastrtps_c.c.o[0m
[17.750s] [ 93%] [32m[1mLinking C shared library rosidl_generator_py/carla_msgs/carla_msgs_s__rosidl_typesupport_c.cpython-310-x86_64-linux-gnu.so[0m
[17.758s] [ 96%] [32m[1mLinking C shared library rosidl_generator_py/carla_msgs/carla_msgs_s__rosidl_typesupport_introspection_c.cpython-310-x86_64-linux-gnu.so[0m
[17.763s] [100%] [32m[1mLinking C shared library rosidl_generator_py/carla_msgs/carla_msgs_s__rosidl_typesupport_fastrtps_c.cpython-310-x86_64-linux-gnu.so[0m
[17.860s] [100%] Built target carla_msgs__rosidl_typesupport_c__pyext
[17.861s] [100%] Built target carla_msgs__rosidl_typesupport_introspection_c__pyext
[17.863s] [100%] Built target carla_msgs__rosidl_typesupport_fastrtps_c__pyext
[17.873s] Invoked command in '/home/leasch/pivoane/raspberryPI3/ros2_ws/build/carla_msgs' returned '0': CMAKE_PREFIX_PATH=/opt/ros/humble /usr/bin/cmake --build /home/leasch/pivoane/raspberryPI3/ros2_ws/build/carla_msgs -- -j8 -l8
[17.925s] Invoking command in '/home/leasch/pivoane/raspberryPI3/ros2_ws/build/carla_msgs': CMAKE_PREFIX_PATH=/opt/ros/humble /usr/bin/cmake --install /home/leasch/pivoane/raspberryPI3/ros2_ws/build/carla_msgs
[17.930s] -- Install configuration: ""
[17.930s] -- Installing: /home/leasch/pivoane/raspberryPI3/ros2_ws/install/carla_msgs/share/ament_index/resource_index/rosidl_interfaces/carla_msgs
[17.930s] -- Installing: /home/leasch/pivoane/raspberryPI3/ros2_ws/install/carla_msgs/include/carla_msgs/carla_msgs
[17.930s] -- Installing: /home/leasch/pivoane/raspberryPI3/ros2_ws/install/carla_msgs/include/carla_msgs/carla_msgs/msg
[17.930s] -- Installing: /home/leasch/pivoane/raspberryPI3/ros2_ws/install/carla_msgs/include/carla_msgs/carla_msgs/msg/detail
[17.931s] -- Installing: /home/leasch/pivoane/raspberryPI3/ros2_ws/install/carla_msgs/include/carla_msgs/carla_msgs/msg/detail/carla_ego_vehicle_control__functions.h
[17.931s] -- Installing: /home/leasch/pivoane/raspberryPI3/ros2_ws/install/carla_msgs/include/carla_msgs/carla_msgs/msg/detail/carla_ego_vehicle_control__struct.h
[17.931s] -- Installing: /home/leasch/pivoane/raspberryPI3/ros2_ws/install/carla_msgs/include/carla_msgs/carla_msgs/msg/detail/carla_ego_vehicle_control__functions.c
[17.931s] -- Installing: /home/leasch/pivoane/raspberryPI3/ros2_ws/install/carla_msgs/include/carla_msgs/carla_msgs/msg/detail/carla_ego_vehicle_control__type_support.h
[17.931s] -- Installing: /home/leasch/pivoane/raspberryPI3/ros2_ws/install/carla_msgs/include/carla_msgs/carla_msgs/msg/carla_ego_vehicle_control.h
[17.931s] -- Installing: /home/leasch/pivoane/raspberryPI3/ros2_ws/install/carla_msgs/include/carla_msgs/carla_msgs/msg/rosidl_generator_c__visibility_control.h
[17.931s] -- Installing: /home/leasch/pivoane/raspberryPI3/ros2_ws/install/carla_msgs/share/carla_msgs/environment/library_path.sh
[17.932s] -- Installing: /home/leasch/pivoane/raspberryPI3/ros2_ws/install/carla_msgs/share/carla_msgs/environment/library_path.dsv
[17.932s] -- Installing: /home/leasch/pivoane/raspberryPI3/ros2_ws/install/carla_msgs/lib/libcarla_msgs__rosidl_generator_c.so
[17.932s] -- Set runtime path of "/home/leasch/pivoane/raspberryPI3/ros2_ws/install/carla_msgs/lib/libcarla_msgs__rosidl_generator_c.so" to ""
[17.932s] -- Up-to-date: /home/leasch/pivoane/raspberryPI3/ros2_ws/install/carla_msgs/include/carla_msgs/carla_msgs
[17.932s] -- Up-to-date: /home/leasch/pivoane/raspberryPI3/ros2_ws/install/carla_msgs/include/carla_msgs/carla_msgs/msg
[17.932s] -- Up-to-date: /home/leasch/pivoane/raspberryPI3/ros2_ws/install/carla_msgs/include/carla_msgs/carla_msgs/msg/detail
[17.932s] -- Installing: /home/leasch/pivoane/raspberryPI3/ros2_ws/install/carla_msgs/include/carla_msgs/carla_msgs/msg/detail/carla_ego_vehicle_control__rosidl_typesupport_fastrtps_c.h
[17.932s] -- Installing: /home/leasch/pivoane/raspberryPI3/ros2_ws/install/carla_msgs/include/carla_msgs/carla_msgs/msg/rosidl_typesupport_fastrtps_c__visibility_control.h
[17.933s] -- Installing: /home/leasch/pivoane/raspberryPI3/ros2_ws/install/carla_msgs/lib/libcarla_msgs__rosidl_typesupport_fastrtps_c.so
[17.933s] -- Set runtime path of "/home/leasch/pivoane/raspberryPI3/ros2_ws/install/carla_msgs/lib/libcarla_msgs__rosidl_typesupport_fastrtps_c.so" to ""
[17.933s] -- Up-to-date: /home/leasch/pivoane/raspberryPI3/ros2_ws/install/carla_msgs/include/carla_msgs/carla_msgs
[17.933s] -- Up-to-date: /home/leasch/pivoane/raspberryPI3/ros2_ws/install/carla_msgs/include/carla_msgs/carla_msgs/msg
[17.933s] -- Installing: /home/leasch/pivoane/raspberryPI3/ros2_ws/install/carla_msgs/include/carla_msgs/carla_msgs/msg/carla_ego_vehicle_control.hpp
[17.933s] -- Up-to-date: /home/leasch/pivoane/raspberryPI3/ros2_ws/install/carla_msgs/include/carla_msgs/carla_msgs/msg/detail
[17.933s] -- Installing: /home/leasch/pivoane/raspberryPI3/ros2_ws/install/carla_msgs/include/carla_msgs/carla_msgs/msg/detail/carla_ego_vehicle_control__traits.hpp
[17.933s] -- Installing: /home/leasch/pivoane/raspberryPI3/ros2_ws/install/carla_msgs/include/carla_msgs/carla_msgs/msg/detail/carla_ego_vehicle_control__builder.hpp
[17.933s] -- Installing: /home/leasch/pivoane/raspberryPI3/ros2_ws/install/carla_msgs/include/carla_msgs/carla_msgs/msg/detail/carla_ego_vehicle_control__struct.hpp
[17.933s] -- Up-to-date: /home/leasch/pivoane/raspberryPI3/ros2_ws/install/carla_msgs/include/carla_msgs/carla_msgs
[17.933s] -- Up-to-date: /home/leasch/pivoane/raspberryPI3/ros2_ws/install/carla_msgs/include/carla_msgs/carla_msgs/msg
[17.933s] -- Up-to-date: /home/leasch/pivoane/raspberryPI3/ros2_ws/install/carla_msgs/include/carla_msgs/carla_msgs/msg/detail
[17.934s] -- Installing: /home/leasch/pivoane/raspberryPI3/ros2_ws/install/carla_msgs/include/carla_msgs/carla_msgs/msg/detail/dds_fastrtps
[17.934s] -- Installing: /home/leasch/pivoane/raspberryPI3/ros2_ws/install/carla_msgs/include/carla_msgs/carla_msgs/msg/detail/carla_ego_vehicle_control__rosidl_typesupport_fastrtps_cpp.hpp
[17.934s] -- Installing: /home/leasch/pivoane/raspberryPI3/ros2_ws/install/carla_msgs/include/carla_msgs/carla_msgs/msg/rosidl_typesupport_fastrtps_cpp__visibility_control.h
[17.934s] -- Installing: /home/leasch/pivoane/raspberryPI3/ros2_ws/install/carla_msgs/lib/libcarla_msgs__rosidl_typesupport_fastrtps_cpp.so
[17.934s] -- Set runtime path of "/home/leasch/pivoane/raspberryPI3/ros2_ws/install/carla_msgs/lib/libcarla_msgs__rosidl_typesupport_fastrtps_cpp.so" to ""
[17.934s] -- Up-to-date: /home/leasch/pivoane/raspberryPI3/ros2_ws/install/carla_msgs/include/carla_msgs/carla_msgs
[17.935s] -- Up-to-date: /home/leasch/pivoane/raspberryPI3/ros2_ws/install/carla_msgs/include/carla_msgs/carla_msgs/msg
[17.935s] -- Installing: /home/leasch/pivoane/raspberryPI3/ros2_ws/install/carla_msgs/include/carla_msgs/carla_msgs/msg/rosidl_typesupport_introspection_c__visibility_control.h
[17.935s] -- Up-to-date: /home/leasch/pivoane/raspberryPI3/ros2_ws/install/carla_msgs/include/carla_msgs/carla_msgs/msg/detail
[17.935s] -- Installing: /home/leasch/pivoane/raspberryPI3/ros2_ws/install/carla_msgs/include/carla_msgs/carla_msgs/msg/detail/carla_ego_vehicle_control__rosidl_typesupport_introspection_c.h
[17.935s] -- Installing: /home/leasch/pivoane/raspberryPI3/ros2_ws/install/carla_msgs/include/carla_msgs/carla_msgs/msg/detail/carla_ego_vehicle_control__type_support.c
[17.935s] -- Installing: /home/leasch/pivoane/raspberryPI3/ros2_ws/install/carla_msgs/lib/libcarla_msgs__rosidl_typesupport_introspection_c.so
[17.935s] -- Set runtime path of "/home/leasch/pivoane/raspberryPI3/ros2_ws/install/carla_msgs/lib/libcarla_msgs__rosidl_typesupport_introspection_c.so" to ""
[17.936s] -- Installing: /home/leasch/pivoane/raspberryPI3/ros2_ws/install/carla_msgs/lib/libcarla_msgs__rosidl_typesupport_c.so
[17.936s] -- Set runtime path of "/home/leasch/pivoane/raspberryPI3/ros2_ws/install/carla_msgs/lib/libcarla_msgs__rosidl_typesupport_c.so" to ""
[17.936s] -- Up-to-date: /home/leasch/pivoane/raspberryPI3/ros2_ws/install/carla_msgs/include/carla_msgs/carla_msgs
[17.936s] -- Up-to-date: /home/leasch/pivoane/raspberryPI3/ros2_ws/install/carla_msgs/include/carla_msgs/carla_msgs/msg
[17.936s] -- Up-to-date: /home/leasch/pivoane/raspberryPI3/ros2_ws/install/carla_msgs/include/carla_msgs/carla_msgs/msg/detail
[17.936s] -- Installing: /home/leasch/pivoane/raspberryPI3/ros2_ws/install/carla_msgs/include/carla_msgs/carla_msgs/msg/detail/carla_ego_vehicle_control__rosidl_typesupport_introspection_cpp.hpp
[17.936s] -- Installing: /home/leasch/pivoane/raspberryPI3/ros2_ws/install/carla_msgs/include/carla_msgs/carla_msgs/msg/detail/carla_ego_vehicle_control__type_support.cpp
[17.936s] -- Installing: /home/leasch/pivoane/raspberryPI3/ros2_ws/install/carla_msgs/lib/libcarla_msgs__rosidl_typesupport_introspection_cpp.so
[17.936s] -- Set runtime path of "/home/leasch/pivoane/raspberryPI3/ros2_ws/install/carla_msgs/lib/libcarla_msgs__rosidl_typesupport_introspection_cpp.so" to ""
[17.936s] -- Installing: /home/leasch/pivoane/raspberryPI3/ros2_ws/install/carla_msgs/lib/libcarla_msgs__rosidl_typesupport_cpp.so
[17.936s] -- Set runtime path of "/home/leasch/pivoane/raspberryPI3/ros2_ws/install/carla_msgs/lib/libcarla_msgs__rosidl_typesupport_cpp.so" to ""
[17.937s] -- Installing: /home/leasch/pivoane/raspberryPI3/ros2_ws/install/carla_msgs/share/carla_msgs/environment/pythonpath.sh
[17.937s] -- Installing: /home/leasch/pivoane/raspberryPI3/ros2_ws/install/carla_msgs/share/carla_msgs/environment/pythonpath.dsv
[17.937s] -- Installing: /home/leasch/pivoane/raspberryPI3/ros2_ws/install/carla_msgs/local/lib/python3.10/dist-packages/carla_msgs-0.0.0-py3.10.egg-info
[17.937s] -- Installing: /home/leasch/pivoane/raspberryPI3/ros2_ws/install/carla_msgs/local/lib/python3.10/dist-packages/carla_msgs-0.0.0-py3.10.egg-info/PKG-INFO
[17.937s] -- Installing: /home/leasch/pivoane/raspberryPI3/ros2_ws/install/carla_msgs/local/lib/python3.10/dist-packages/carla_msgs-0.0.0-py3.10.egg-info/SOURCES.txt
[17.937s] -- Installing: /home/leasch/pivoane/raspberryPI3/ros2_ws/install/carla_msgs/local/lib/python3.10/dist-packages/carla_msgs-0.0.0-py3.10.egg-info/dependency_links.txt
[17.937s] -- Installing: /home/leasch/pivoane/raspberryPI3/ros2_ws/install/carla_msgs/local/lib/python3.10/dist-packages/carla_msgs-0.0.0-py3.10.egg-info/top_level.txt
[17.938s] -- Installing: /home/leasch/pivoane/raspberryPI3/ros2_ws/install/carla_msgs/local/lib/python3.10/dist-packages/carla_msgs
[17.938s] -- Installing: /home/leasch/pivoane/raspberryPI3/ros2_ws/install/carla_msgs/local/lib/python3.10/dist-packages/carla_msgs/_carla_msgs_s.ep.rosidl_typesupport_introspection_c.c
[17.938s] -- Installing: /home/leasch/pivoane/raspberryPI3/ros2_ws/install/carla_msgs/local/lib/python3.10/dist-packages/carla_msgs/_carla_msgs_s.ep.rosidl_typesupport_c.c
[17.938s] -- Installing: /home/leasch/pivoane/raspberryPI3/ros2_ws/install/carla_msgs/local/lib/python3.10/dist-packages/carla_msgs/_carla_msgs_s.ep.rosidl_typesupport_fastrtps_c.c
[17.938s] -- Installing: /home/leasch/pivoane/raspberryPI3/ros2_ws/install/carla_msgs/local/lib/python3.10/dist-packages/carla_msgs/libcarla_msgs__rosidl_generator_py.so
[17.938s] -- Installing: /home/leasch/pivoane/raspberryPI3/ros2_ws/install/carla_msgs/local/lib/python3.10/dist-packages/carla_msgs/carla_msgs_s__rosidl_typesupport_fastrtps_c.cpython-310-x86_64-linux-gnu.so
[17.938s] -- Installing: /home/leasch/pivoane/raspberryPI3/ros2_ws/install/carla_msgs/local/lib/python3.10/dist-packages/carla_msgs/__init__.py
[17.938s] -- Installing: /home/leasch/pivoane/raspberryPI3/ros2_ws/install/carla_msgs/local/lib/python3.10/dist-packages/carla_msgs/msg
[17.938s] -- Installing: /home/leasch/pivoane/raspberryPI3/ros2_ws/install/carla_msgs/local/lib/python3.10/dist-packages/carla_msgs/msg/_carla_ego_vehicle_control.py
[17.938s] -- Installing: /home/leasch/pivoane/raspberryPI3/ros2_ws/install/carla_msgs/local/lib/python3.10/dist-packages/carla_msgs/msg/__init__.py
[17.938s] -- Installing: /home/leasch/pivoane/raspberryPI3/ros2_ws/install/carla_msgs/local/lib/python3.10/dist-packages/carla_msgs/msg/_carla_ego_vehicle_control_s.c
[17.938s] -- Installing: /home/leasch/pivoane/raspberryPI3/ros2_ws/install/carla_msgs/local/lib/python3.10/dist-packages/carla_msgs/carla_msgs_s__rosidl_typesupport_introspection_c.cpython-310-x86_64-linux-gnu.so
[17.938s] -- Installing: /home/leasch/pivoane/raspberryPI3/ros2_ws/install/carla_msgs/local/lib/python3.10/dist-packages/carla_msgs/carla_msgs_s__rosidl_typesupport_c.cpython-310-x86_64-linux-gnu.so
[17.960s] Listing '/home/leasch/pivoane/raspberryPI3/ros2_ws/install/carla_msgs/local/lib/python3.10/dist-packages/carla_msgs'...
[17.960s] Compiling '/home/leasch/pivoane/raspberryPI3/ros2_ws/install/carla_msgs/local/lib/python3.10/dist-packages/carla_msgs/__init__.py'...
[17.960s] Listing '/home/leasch/pivoane/raspberryPI3/ros2_ws/install/carla_msgs/local/lib/python3.10/dist-packages/carla_msgs/msg'...
[17.960s] Compiling '/home/leasch/pivoane/raspberryPI3/ros2_ws/install/carla_msgs/local/lib/python3.10/dist-packages/carla_msgs/msg/__init__.py'...
[17.960s] Compiling '/home/leasch/pivoane/raspberryPI3/ros2_ws/install/carla_msgs/local/lib/python3.10/dist-packages/carla_msgs/msg/_carla_ego_vehicle_control.py'...
[17.964s] -- Installing: /home/leasch/pivoane/raspberryPI3/ros2_ws/install/carla_msgs/local/lib/python3.10/dist-packages/carla_msgs/carla_msgs_s__rosidl_typesupport_fastrtps_c.cpython-310-x86_64-linux-gnu.so
[17.964s] -- Set runtime path of "/home/leasch/pivoane/raspberryPI3/ros2_ws/install/carla_msgs/local/lib/python3.10/dist-packages/carla_msgs/carla_msgs_s__rosidl_typesupport_fastrtps_c.cpython-310-x86_64-linux-gnu.so" to ""
[17.965s] -- Installing: /home/leasch/pivoane/raspberryPI3/ros2_ws/install/carla_msgs/local/lib/python3.10/dist-packages/carla_msgs/carla_msgs_s__rosidl_typesupport_introspection_c.cpython-310-x86_64-linux-gnu.so
[17.965s] -- Set runtime path of "/home/leasch/pivoane/raspberryPI3/ros2_ws/install/carla_msgs/local/lib/python3.10/dist-packages/carla_msgs/carla_msgs_s__rosidl_typesupport_introspection_c.cpython-310-x86_64-linux-gnu.so" to ""
[17.965s] -- Installing: /home/leasch/pivoane/raspberryPI3/ros2_ws/install/carla_msgs/local/lib/python3.10/dist-packages/carla_msgs/carla_msgs_s__rosidl_typesupport_c.cpython-310-x86_64-linux-gnu.so
[17.965s] -- Set runtime path of "/home/leasch/pivoane/raspberryPI3/ros2_ws/install/carla_msgs/local/lib/python3.10/dist-packages/carla_msgs/carla_msgs_s__rosidl_typesupport_c.cpython-310-x86_64-linux-gnu.so" to ""
[17.965s] -- Installing: /home/leasch/pivoane/raspberryPI3/ros2_ws/install/carla_msgs/lib/libcarla_msgs__rosidl_generator_py.so
[17.966s] -- Set runtime path of "/home/leasch/pivoane/raspberryPI3/ros2_ws/install/carla_msgs/lib/libcarla_msgs__rosidl_generator_py.so" to ""
[17.967s] -- Installing: /home/leasch/pivoane/raspberryPI3/ros2_ws/install/carla_msgs/share/carla_msgs/msg/CarlaEgoVehicleControl.idl
[17.967s] -- Installing: /home/leasch/pivoane/raspberryPI3/ros2_ws/install/carla_msgs/share/carla_msgs/msg/CarlaEgoVehicleControl.msg
[17.967s] -- Installing: /home/leasch/pivoane/raspberryPI3/ros2_ws/install/carla_msgs/share/ament_index/resource_index/package_run_dependencies/carla_msgs
[17.967s] -- Installing: /home/leasch/pivoane/raspberryPI3/ros2_ws/install/carla_msgs/share/ament_index/resource_index/parent_prefix_path/carla_msgs
[17.967s] -- Installing: /home/leasch/pivoane/raspberryPI3/ros2_ws/install/carla_msgs/share/carla_msgs/environment/ament_prefix_path.sh
[17.967s] -- Installing: /home/leasch/pivoane/raspberryPI3/ros2_ws/install/carla_msgs/share/carla_msgs/environment/ament_prefix_path.dsv
[17.967s] -- Installing: /home/leasch/pivoane/raspberryPI3/ros2_ws/install/carla_msgs/share/carla_msgs/environment/path.sh
[17.967s] -- Installing: /home/leasch/pivoane/raspberryPI3/ros2_ws/install/carla_msgs/share/carla_msgs/environment/path.dsv
[17.968s] -- Installing: /home/leasch/pivoane/raspberryPI3/ros2_ws/install/carla_msgs/share/carla_msgs/local_setup.bash
[17.968s] -- Installing: /home/leasch/pivoane/raspberryPI3/ros2_ws/install/carla_msgs/share/carla_msgs/local_setup.sh
[17.968s] -- Installing: /home/leasch/pivoane/raspberryPI3/ros2_ws/install/carla_msgs/share/carla_msgs/local_setup.zsh
[17.968s] -- Installing: /home/leasch/pivoane/raspberryPI3/ros2_ws/install/carla_msgs/share/carla_msgs/local_setup.dsv
[17.968s] -- Installing: /home/leasch/pivoane/raspberryPI3/ros2_ws/install/carla_msgs/share/carla_msgs/package.dsv
[17.968s] -- Installing: /home/leasch/pivoane/raspberryPI3/ros2_ws/install/carla_msgs/share/ament_index/resource_index/packages/carla_msgs
[17.968s] -- Installing: /home/leasch/pivoane/raspberryPI3/ros2_ws/install/carla_msgs/share/carla_msgs/cmake/export_carla_msgs__rosidl_generator_cExport.cmake
[17.968s] -- Installing: /home/leasch/pivoane/raspberryPI3/ros2_ws/install/carla_msgs/share/carla_msgs/cmake/export_carla_msgs__rosidl_generator_cExport-noconfig.cmake
[17.968s] -- Installing: /home/leasch/pivoane/raspberryPI3/ros2_ws/install/carla_msgs/share/carla_msgs/cmake/export_carla_msgs__rosidl_typesupport_fastrtps_cExport.cmake
[17.969s] -- Installing: /home/leasch/pivoane/raspberryPI3/ros2_ws/install/carla_msgs/share/carla_msgs/cmake/export_carla_msgs__rosidl_typesupport_fastrtps_cExport-noconfig.cmake
[17.969s] -- Installing: /home/leasch/pivoane/raspberryPI3/ros2_ws/install/carla_msgs/share/carla_msgs/cmake/export_carla_msgs__rosidl_generator_cppExport.cmake
[17.969s] -- Installing: /home/leasch/pivoane/raspberryPI3/ros2_ws/install/carla_msgs/share/carla_msgs/cmake/export_carla_msgs__rosidl_typesupport_fastrtps_cppExport.cmake
[17.969s] -- Installing: /home/leasch/pivoane/raspberryPI3/ros2_ws/install/carla_msgs/share/carla_msgs/cmake/export_carla_msgs__rosidl_typesupport_fastrtps_cppExport-noconfig.cmake
[17.969s] -- Installing: /home/leasch/pivoane/raspberryPI3/ros2_ws/install/carla_msgs/share/carla_msgs/cmake/carla_msgs__rosidl_typesupport_introspection_cExport.cmake
[17.969s] -- Installing: /home/leasch/pivoane/raspberryPI3/ros2_ws/install/carla_msgs/share/carla_msgs/cmake/carla_msgs__rosidl_typesupport_introspection_cExport-noconfig.cmake
[17.969s] -- Installing: /home/leasch/pivoane/raspberryPI3/ros2_ws/install/carla_msgs/share/carla_msgs/cmake/carla_msgs__rosidl_typesupport_cExport.cmake
[17.969s] -- Installing: /home/leasch/pivoane/raspberryPI3/ros2_ws/install/carla_msgs/share/carla_msgs/cmake/carla_msgs__rosidl_typesupport_cExport-noconfig.cmake
[17.969s] -- Installing: /home/leasch/pivoane/raspberryPI3/ros2_ws/install/carla_msgs/share/carla_msgs/cmake/carla_msgs__rosidl_typesupport_introspection_cppExport.cmake
[17.969s] -- Installing: /home/leasch/pivoane/raspberryPI3/ros2_ws/install/carla_msgs/share/carla_msgs/cmake/carla_msgs__rosidl_typesupport_introspection_cppExport-noconfig.cmake
[17.969s] -- Installing: /home/leasch/pivoane/raspberryPI3/ros2_ws/install/carla_msgs/share/carla_msgs/cmake/carla_msgs__rosidl_typesupport_cppExport.cmake
[17.970s] -- Installing: /home/leasch/pivoane/raspberryPI3/ros2_ws/install/carla_msgs/share/carla_msgs/cmake/carla_msgs__rosidl_typesupport_cppExport-noconfig.cmake
[17.970s] -- Installing: /home/leasch/pivoane/raspberryPI3/ros2_ws/install/carla_msgs/share/carla_msgs/cmake/export_carla_msgs__rosidl_generator_pyExport.cmake
[17.970s] -- Installing: /home/leasch/pivoane/raspberryPI3/ros2_ws/install/carla_msgs/share/carla_msgs/cmake/export_carla_msgs__rosidl_generator_pyExport-noconfig.cmake
[17.970s] -- Installing: /home/leasch/pivoane/raspberryPI3/ros2_ws/install/carla_msgs/share/carla_msgs/cmake/rosidl_cmake-extras.cmake
[17.970s] -- Installing: /home/leasch/pivoane/raspberryPI3/ros2_ws/install/carla_msgs/share/carla_msgs/cmake/ament_cmake_export_dependencies-extras.cmake
[17.970s] -- Installing: /home/leasch/pivoane/raspberryPI3/ros2_ws/install/carla_msgs/share/carla_msgs/cmake/ament_cmake_export_include_directories-extras.cmake
[17.970s] -- Installing: /home/leasch/pivoane/raspberryPI3/ros2_ws/install/carla_msgs/share/carla_msgs/cmake/ament_cmake_export_libraries-extras.cmake
[17.970s] -- Installing: /home/leasch/pivoane/raspberryPI3/ros2_ws/install/carla_msgs/share/carla_msgs/cmake/ament_cmake_export_targets-extras.cmake
[17.970s] -- Installing: /home/leasch/pivoane/raspberryPI3/ros2_ws/install/carla_msgs/share/carla_msgs/cmake/rosidl_cmake_export_typesupport_targets-extras.cmake
[17.970s] -- Installing: /home/leasch/pivoane/raspberryPI3/ros2_ws/install/carla_msgs/share/carla_msgs/cmake/rosidl_cmake_export_typesupport_libraries-extras.cmake
[17.970s] -- Installing: /home/leasch/pivoane/raspberryPI3/ros2_ws/install/carla_msgs/share/carla_msgs/cmake/carla_msgsConfig.cmake
[17.970s] -- Installing: /home/leasch/pivoane/raspberryPI3/ros2_ws/install/carla_msgs/share/carla_msgs/cmake/carla_msgsConfig-version.cmake
[17.970s] -- Installing: /home/leasch/pivoane/raspberryPI3/ros2_ws/install/carla_msgs/share/carla_msgs/package.xml
[17.973s] Invoked command in '/home/leasch/pivoane/raspberryPI3/ros2_ws/build/carla_msgs' returned '0': CMAKE_PREFIX_PATH=/opt/ros/humble /usr/bin/cmake --install /home/leasch/pivoane/raspberryPI3/ros2_ws/build/carla_msgs
