[35m[1mConsolidate compiler generated dependencies of target talker[0m
[ 50%] Built target talker
[35m[1mConsolidate compiler generated dependencies of target listener[0m
[100%] Built target listener
-- Install configuration: ""
-- Up-to-date: /home/sonia/ros2_ws/install/serial_comm/lib/serial_comm/talker
-- Up-to-date: /home/sonia/ros2_ws/install/serial_comm/lib/serial_comm/listener
-- Up-to-date: /home/sonia/ros2_ws/install/serial_comm/share/ament_index/resource_index/package_run_dependencies/serial_comm
-- Up-to-date: /home/sonia/ros2_ws/install/serial_comm/share/ament_index/resource_index/parent_prefix_path/serial_comm
-- Up-to-date: /home/sonia/ros2_ws/install/serial_comm/share/serial_comm/environment/ament_prefix_path.sh
-- Up-to-date: /home/sonia/ros2_ws/install/serial_comm/share/serial_comm/environment/ament_prefix_path.dsv
-- Up-to-date: /home/sonia/ros2_ws/install/serial_comm/share/serial_comm/environment/path.sh
-- Up-to-date: /home/sonia/ros2_ws/install/serial_comm/share/serial_comm/environment/path.dsv
-- Up-to-date: /home/sonia/ros2_ws/install/serial_comm/share/serial_comm/local_setup.bash
-- Up-to-date: /home/sonia/ros2_ws/install/serial_comm/share/serial_comm/local_setup.sh
-- Up-to-date: /home/sonia/ros2_ws/install/serial_comm/share/serial_comm/local_setup.zsh
-- Up-to-date: /home/sonia/ros2_ws/install/serial_comm/share/serial_comm/local_setup.dsv
-- Installing: /home/sonia/ros2_ws/install/serial_comm/share/serial_comm/package.dsv
-- Up-to-date: /home/sonia/ros2_ws/install/serial_comm/share/ament_index/resource_index/packages/serial_comm
-- Up-to-date: /home/sonia/ros2_ws/install/serial_comm/share/serial_comm/cmake/serial_commConfig.cmake
-- Up-to-date: /home/sonia/ros2_ws/install/serial_comm/share/serial_comm/cmake/serial_commConfig-version.cmake
-- Up-to-date: /home/sonia/ros2_ws/install/serial_comm/share/serial_comm/package.xml
