[0.005s] Invoking command in '/home/sonia/ros2_ws/build/serial_comm': CMAKE_PREFIX_PATH=/opt/ros/humble /usr/bin/cmake --build /home/sonia/ros2_ws/build/serial_comm -- -j1 -l1
[0.035s] [35m[1mConsolidate compiler generated dependencies of target talker[0m
[0.061s] [ 50%] Built target talker
[0.071s] [35m[1mConsolidate compiler generated dependencies of target listener[0m
[0.092s] [100%] Built target listener
[0.104s] Invoked command in '/home/sonia/ros2_ws/build/serial_comm' returned '0': CMAKE_PREFIX_PATH=/opt/ros/humble /usr/bin/cmake --build /home/sonia/ros2_ws/build/serial_comm -- -j1 -l1
[0.119s] Invoking command in '/home/sonia/ros2_ws/build/serial_comm': CMAKE_PREFIX_PATH=/opt/ros/humble /usr/bin/cmake --install /home/sonia/ros2_ws/build/serial_comm
[0.123s] -- Install configuration: ""
[0.124s] -- Up-to-date: /home/sonia/ros2_ws/install/serial_comm/lib/serial_comm/talker
[0.124s] -- Up-to-date: /home/sonia/ros2_ws/install/serial_comm/lib/serial_comm/listener
[0.124s] -- Up-to-date: /home/sonia/ros2_ws/install/serial_comm/share/ament_index/resource_index/package_run_dependencies/serial_comm
[0.125s] -- Up-to-date: /home/sonia/ros2_ws/install/serial_comm/share/ament_index/resource_index/parent_prefix_path/serial_comm
[0.125s] -- Up-to-date: /home/sonia/ros2_ws/install/serial_comm/share/serial_comm/environment/ament_prefix_path.sh
[0.125s] -- Up-to-date: /home/sonia/ros2_ws/install/serial_comm/share/serial_comm/environment/ament_prefix_path.dsv
[0.125s] -- Up-to-date: /home/sonia/ros2_ws/install/serial_comm/share/serial_comm/environment/path.sh
[0.126s] -- Up-to-date: /home/sonia/ros2_ws/install/serial_comm/share/serial_comm/environment/path.dsv
[0.126s] -- Up-to-date: /home/sonia/ros2_ws/install/serial_comm/share/serial_comm/local_setup.bash
[0.126s] -- Up-to-date: /home/sonia/ros2_ws/install/serial_comm/share/serial_comm/local_setup.sh
[0.126s] -- Up-to-date: /home/sonia/ros2_ws/install/serial_comm/share/serial_comm/local_setup.zsh
[0.127s] -- Up-to-date: /home/sonia/ros2_ws/install/serial_comm/share/serial_comm/local_setup.dsv
[0.127s] -- Installing: /home/sonia/ros2_ws/install/serial_comm/share/serial_comm/package.dsv
[0.127s] -- Up-to-date: /home/sonia/ros2_ws/install/serial_comm/share/ament_index/resource_index/packages/serial_comm
[0.128s] -- Up-to-date: /home/sonia/ros2_ws/install/serial_comm/share/serial_comm/cmake/serial_commConfig.cmake
[0.128s] -- Up-to-date: /home/sonia/ros2_ws/install/serial_comm/share/serial_comm/cmake/serial_commConfig-version.cmake
[0.128s] -- Up-to-date: /home/sonia/ros2_ws/install/serial_comm/share/serial_comm/package.xml
[0.129s] Invoked command in '/home/sonia/ros2_ws/build/serial_comm' returned '0': CMAKE_PREFIX_PATH=/opt/ros/humble /usr/bin/cmake --install /home/sonia/ros2_ws/build/serial_comm
